[INFO] 12:26:25:488 loggerContenidoProceso/(5829:5829): Se ha creado el carpincho, y se ha logrado conectar correctamente al backend:-1 
[INFO] 12:26:25:489 loggerContenidoProceso/(5829:5829): Solicitamos inicializar un semaforo de nombre: SEM2, con valor : 1
[ERROR] 12:26:25:489 loggerContenidoProceso/(5829:5829): No se puede ejecutar esta accion porque no esta conectado al servidor
[INFO] 12:26:25:490 loggerContenidoProceso/(5829:5829): Solicitamos hacer un signal sobre el semaforo: SEM2
[ERROR] 12:26:25:490 loggerContenidoProceso/(5829:5829): No se puede ejecutar esta accion porque no esta conectado al servidor
[INFO] 12:26:25:490 loggerContenidoProceso/(5829:5829): Solicitamos destruir un semaforo de nombre: SEM2
[ERROR] 12:26:25:490 loggerContenidoProceso/(5829:5829): No se puede ejecutar esta accion porque no esta conectado al servidor
[INFO] 12:26:25:491 loggerContenidoProceso/(5829:5829): Se ha solicitado cerrar el carpincho de pid:-1 , este es un hasta adios
[ERROR] 12:26:25:491 loggerContenidoProceso/(5829:5829): No se pudo conectar con el servidor, cerramos desde aca al proceso de pid:-1
[INFO] 12:26:25:491 loggerContenidoProceso/(5829:5829): Se liberan todas las estructuras del proceso de PID:-1
[INFO] 12:50:55:956 loggerContenidoProceso/(5438:5438): Se ha creado el carpincho, y se ha logrado conectar correctamente al backend:-1 
[INFO] 12:50:55:957 loggerContenidoProceso/(5438:5438): Solicitamos inicializar un semaforo de nombre: SEM2, con valor : 1
[ERROR] 12:50:55:957 loggerContenidoProceso/(5438:5438): No se puede ejecutar esta accion porque no esta conectado al servidor
[INFO] 12:50:55:957 loggerContenidoProceso/(5438:5438): Solicitamos hacer un signal sobre el semaforo: SEM2
[ERROR] 12:50:55:957 loggerContenidoProceso/(5438:5438): No se puede ejecutar esta accion porque no esta conectado al servidor
[INFO] 12:50:55:958 loggerContenidoProceso/(5438:5438): Solicitamos destruir un semaforo de nombre: SEM2
[ERROR] 12:50:55:958 loggerContenidoProceso/(5438:5438): No se puede ejecutar esta accion porque no esta conectado al servidor
[INFO] 12:50:55:958 loggerContenidoProceso/(5438:5438): Se ha solicitado cerrar el carpincho de pid:-1 , este es un hasta adios
[ERROR] 12:50:55:959 loggerContenidoProceso/(5438:5438): No se pudo conectar con el servidor, cerramos desde aca al proceso de pid:-1
[INFO] 12:50:55:959 loggerContenidoProceso/(5438:5438): Se liberan todas las estructuras del proceso de PID:-1
