[INFO] 11:23:13:387 OperacionesServidor/(4902:4902): Recibimos la informacion de la RAM
[INFO] 11:23:13:388 OperacionesServidor/(4902:4902): El codigo de operacion es: 13
[INFO] 11:23:13:392 OperacionesServidor/(4902:4902): Tipo de asignacion a utilizar: DINAMICA.
[INFO] 11:23:17:661 OperacionesServidor/(4902:4902): Recibimos la informacion de la RAM
[INFO] 11:23:17:662 OperacionesServidor/(4902:4902): El codigo de operacion es: 16
[INFO] 11:23:17:667 OperacionesServidor/(4902:4902): El proceso: 0 pide verificar si hay espacio para 2
[INFO] 11:23:17:682 OperacionesServidor/(4902:4902): Cantidad de frames disponibles para el proceso 0: 32
[INFO] 11:23:17:700 OperacionesServidor/(4902:4902): Recibimos la informacion de la RAM
[INFO] 11:23:17:701 OperacionesServidor/(4902:4902): El codigo de operacion es: 11
[INFO] 11:23:17:703 OperacionesServidor/(4902:4902): Se guarda la pagina: 1 del proceso: 0
[INFO] 11:23:17:706 OperacionesServidor/(4902:4902): El archivo que vamos a utilizar tiene 32 cantidad de frames libres
[INFO] 11:23:17:712 OperacionesServidor/(4902:4902): Todo bien se realizo con la asignacion Dinamica
[INFO] 11:23:17:730 OperacionesServidor/(4902:4902): Se guardo el contenido en el archivo: /home/utnso/swap1.bin
[INFO] 11:23:17:731 OperacionesServidor/(4902:4902): Se escribe sobre la particion: 0
[INFO] 11:23:17:736 OperacionesServidor/(4902:4902): Se guardo el contenido correctamente
[INFO] 11:23:17:747 OperacionesServidor/(4902:4902): Recibimos la informacion de la RAM
[INFO] 11:23:17:747 OperacionesServidor/(4902:4902): El codigo de operacion es: 11
[INFO] 11:23:17:750 OperacionesServidor/(4902:4902): Se guarda la pagina: 2 del proceso: 0
[INFO] 11:23:17:752 OperacionesServidor/(4902:4902): No se encontro la siguiente particion
[INFO] 11:23:52:351 OperacionesServidor/(4902:4902): Recibimos la informacion de la RAM
[INFO] 11:23:52:351 OperacionesServidor/(4902:4902): El codigo de operacion es: 13
[INFO] 11:23:52:354 OperacionesServidor/(4902:4902): Tipo de asignacion a utilizar: DINAMICA.
[INFO] 11:23:57:489 OperacionesServidor/(4902:4902): Recibimos la informacion de la RAM
[INFO] 11:23:57:489 OperacionesServidor/(4902:4902): El codigo de operacion es: 16
[INFO] 11:23:57:490 OperacionesServidor/(4902:4902): El proceso: 0 pide verificar si hay espacio para 2
[INFO] 11:23:57:492 OperacionesServidor/(4902:4902): Cantidad de frames disponibles para el proceso 0: 31
[INFO] 11:23:57:499 OperacionesServidor/(4902:4902): Recibimos la informacion de la RAM
[INFO] 11:23:57:499 OperacionesServidor/(4902:4902): El codigo de operacion es: 11
[INFO] 11:23:57:500 OperacionesServidor/(4902:4902): Se guarda la pagina: 1 del proceso: 0
[INFO] 11:23:57:504 OperacionesServidor/(4902:4902): Se guardo el contenido en el archivo: /home/utnso/swap1.bin
[INFO] 11:23:57:506 OperacionesServidor/(4902:4902): Se sobreescribe sobre la particion: 0
[INFO] 11:23:57:508 OperacionesServidor/(4902:4902): Se guardo el contenido correctamente
[INFO] 11:23:57:517 OperacionesServidor/(4902:4902): Recibimos la informacion de la RAM
[INFO] 11:23:57:519 OperacionesServidor/(4902:4902): El codigo de operacion es: 11
[INFO] 11:23:57:522 OperacionesServidor/(4902:4902): Se guarda la pagina: 2 del proceso: 0
[INFO] 11:23:57:524 OperacionesServidor/(4902:4902): No se encontro la siguiente particion
[INFO] 11:24:17:186 OperacionesServidor/(4902:4902): Recibimos la informacion de la RAM
[INFO] 11:24:17:186 OperacionesServidor/(4902:4902): El codigo de operacion es: 13
[INFO] 11:24:17:187 OperacionesServidor/(4902:4902): Tipo de asignacion a utilizar: DINAMICA.
[INFO] 11:24:22:869 OperacionesServidor/(4902:4902): Recibimos la informacion de la RAM
[INFO] 11:24:22:869 OperacionesServidor/(4902:4902): El codigo de operacion es: 13
[INFO] 11:24:22:871 OperacionesServidor/(4902:4902): Tipo de asignacion a utilizar: DINAMICA.
[INFO] 11:24:27:034 OperacionesServidor/(4902:4902): Recibimos la informacion de la RAM
[INFO] 11:24:27:035 OperacionesServidor/(4902:4902): El codigo de operacion es: 16
[INFO] 11:24:27:036 OperacionesServidor/(4902:4902): El proceso: 0 pide verificar si hay espacio para 2
[INFO] 11:24:27:037 OperacionesServidor/(4902:4902): Cantidad de frames disponibles para el proceso 0: 31
[INFO] 11:24:27:044 OperacionesServidor/(4902:4902): Recibimos la informacion de la RAM
[INFO] 11:24:27:047 OperacionesServidor/(4902:4902): El codigo de operacion es: 11
[INFO] 11:24:27:048 OperacionesServidor/(4902:4902): Se guarda la pagina: 1 del proceso: 0
[INFO] 11:24:27:049 OperacionesServidor/(4902:4902): Se guardo el contenido en el archivo: /home/utnso/swap1.bin
[INFO] 11:24:27:049 OperacionesServidor/(4902:4902): Se sobreescribe sobre la particion: 0
[INFO] 11:24:27:050 OperacionesServidor/(4902:4902): Se guardo el contenido correctamente
[INFO] 11:24:27:052 OperacionesServidor/(4902:4902): Recibimos la informacion de la RAM
[INFO] 11:24:27:058 OperacionesServidor/(4902:4902): El codigo de operacion es: 11
[INFO] 11:24:27:063 OperacionesServidor/(4902:4902): Se guarda la pagina: 2 del proceso: 0
[INFO] 11:24:27:064 OperacionesServidor/(4902:4902): No se encontro la siguiente particion
[INFO] 11:44:26:747 OperacionesServidor/(4902:4902): Recibimos la informacion de la RAM
[INFO] 11:44:26:748 OperacionesServidor/(4902:4902): El codigo de operacion es: 13
[INFO] 11:44:26:751 OperacionesServidor/(4902:4902): Tipo de asignacion a utilizar: DINAMICA.
[INFO] 11:44:55:840 OperacionesServidor/(4902:4902): Recibimos la informacion de la RAM
[INFO] 11:44:55:841 OperacionesServidor/(4902:4902): El codigo de operacion es: 16
[INFO] 11:44:55:842 OperacionesServidor/(4902:4902): El proceso: 0 pide verificar si hay espacio para 2
[INFO] 11:44:55:842 OperacionesServidor/(4902:4902): Cantidad de frames disponibles para el proceso 0: 31
[INFO] 11:44:55:852 OperacionesServidor/(4902:4902): Recibimos la informacion de la RAM
[INFO] 11:44:55:852 OperacionesServidor/(4902:4902): El codigo de operacion es: 11
[INFO] 11:44:55:853 OperacionesServidor/(4902:4902): Se guarda la pagina: 1 del proceso: 0
[INFO] 11:44:55:855 OperacionesServidor/(4902:4902): Se guardo el contenido en el archivo: /home/utnso/swap1.bin
[INFO] 11:44:55:861 OperacionesServidor/(4902:4902): Se sobreescribe sobre la particion: 0
[INFO] 11:44:55:861 OperacionesServidor/(4902:4902): Se guardo el contenido correctamente
[INFO] 11:44:55:862 OperacionesServidor/(4902:4902): Recibimos la informacion de la RAM
[INFO] 11:44:55:866 OperacionesServidor/(4902:4902): El codigo de operacion es: 11
[INFO] 11:44:55:868 OperacionesServidor/(4902:4902): Se guarda la pagina: 2 del proceso: 0
[INFO] 11:44:55:869 OperacionesServidor/(4902:4902): No se encontro la siguiente particion
[INFO] 11:44:56:453 OperacionesServidor/(4902:4902): Recibimos la informacion de la RAM
[INFO] 11:44:56:454 OperacionesServidor/(4902:4902): El codigo de operacion es: 18
[INFO] 11:44:56:456 OperacionesServidor/(4902:4902): El proceso: 0, pide finalizar
[INFO] 11:52:41:283 OperacionesServidor/(4902:4902): Recibimos la informacion de la RAM
[INFO] 11:52:41:284 OperacionesServidor/(4902:4902): El codigo de operacion es: 16
[INFO] 11:52:41:285 OperacionesServidor/(4902:4902): El proceso: 1 pide verificar si hay espacio para 1
[INFO] 11:52:41:287 OperacionesServidor/(4902:4902): Cantidad de frames disponibles para el proceso 1: 32
[INFO] 11:52:41:292 OperacionesServidor/(4902:4902): Recibimos la informacion de la RAM
[INFO] 11:52:41:296 OperacionesServidor/(4902:4902): El codigo de operacion es: 11
[INFO] 11:52:41:298 OperacionesServidor/(4902:4902): Se guarda la pagina: 3 del proceso: 1
[INFO] 11:52:41:298 OperacionesServidor/(4902:4902): El archivo que vamos a utilizar tiene 32 cantidad de frames libres
[INFO] 11:52:41:300 OperacionesServidor/(4902:4902): Todo bien se realizo con la asignacion Dinamica
[INFO] 11:52:41:318 OperacionesServidor/(4902:4902): Se guardo el contenido en el archivo: /home/utnso/swap1.bin
[INFO] 11:52:41:319 OperacionesServidor/(4902:4902): Se escribe sobre la particion: 0
[INFO] 11:52:41:320 OperacionesServidor/(4902:4902): Se guardo el contenido correctamente
[INFO] 11:54:59:034 OperacionesServidor/(4902:4902): Recibimos la informacion de la RAM
[INFO] 11:54:59:035 OperacionesServidor/(4902:4902): El codigo de operacion es: 13
[INFO] 11:54:59:036 OperacionesServidor/(4902:4902): Tipo de asignacion a utilizar: DINAMICA.
[INFO] 11:55:05:774 OperacionesServidor/(4902:4902): Recibimos la informacion de la RAM
[INFO] 11:55:05:774 OperacionesServidor/(4902:4902): El codigo de operacion es: 16
[INFO] 11:55:05:776 OperacionesServidor/(4902:4902): El proceso: 0 pide verificar si hay espacio para 1
[INFO] 11:55:05:777 OperacionesServidor/(4902:4902): Cantidad de frames disponibles para el proceso 0: 31
[INFO] 11:55:05:783 OperacionesServidor/(4902:4902): Recibimos la informacion de la RAM
[INFO] 11:55:05:784 OperacionesServidor/(4902:4902): El codigo de operacion es: 11
[INFO] 11:55:05:785 OperacionesServidor/(4902:4902): Se guarda la pagina: 1 del proceso: 0
[INFO] 11:55:05:785 OperacionesServidor/(4902:4902): El archivo que vamos a utilizar tiene 31 cantidad de frames libres
[INFO] 11:55:05:786 OperacionesServidor/(4902:4902): Todo bien se realizo con la asignacion Dinamica
[INFO] 11:55:05:787 OperacionesServidor/(4902:4902): Se guardo el contenido en el archivo: /home/utnso/swap1.bin
[INFO] 11:55:05:788 OperacionesServidor/(4902:4902): Se escribe sobre la particion: 1
[INFO] 11:55:05:791 OperacionesServidor/(4902:4902): Se guardo el contenido correctamente
[INFO] 11:57:35:169 OperacionesServidor/(4902:4902): Recibimos la informacion de la RAM
[INFO] 11:57:35:170 OperacionesServidor/(4902:4902): El codigo de operacion es: 13
[INFO] 11:57:35:171 OperacionesServidor/(4902:4902): Tipo de asignacion a utilizar: DINAMICA.
[INFO] 11:57:46:735 OperacionesServidor/(4902:4902): Recibimos la informacion de la RAM
[INFO] 11:57:46:735 OperacionesServidor/(4902:4902): El codigo de operacion es: 16
[INFO] 11:57:46:738 OperacionesServidor/(4902:4902): El proceso: 0 pide verificar si hay espacio para 2
[INFO] 11:57:46:739 OperacionesServidor/(4902:4902): Cantidad de frames disponibles para el proceso 0: 30
[INFO] 11:57:46:757 OperacionesServidor/(4902:4902): Recibimos la informacion de la RAM
[INFO] 11:57:46:758 OperacionesServidor/(4902:4902): El codigo de operacion es: 11
[INFO] 11:57:46:759 OperacionesServidor/(4902:4902): Se guarda la pagina: 1 del proceso: 0
[INFO] 11:57:46:760 OperacionesServidor/(4902:4902): Se guardo el contenido en el archivo: /home/utnso/swap1.bin
[INFO] 11:57:46:760 OperacionesServidor/(4902:4902): Se sobreescribe sobre la particion: 1
[INFO] 11:57:46:761 OperacionesServidor/(4902:4902): Se guardo el contenido correctamente
[INFO] 11:57:46:763 OperacionesServidor/(4902:4902): Recibimos la informacion de la RAM
[INFO] 11:57:46:764 OperacionesServidor/(4902:4902): El codigo de operacion es: 11
[INFO] 11:57:46:765 OperacionesServidor/(4902:4902): Se guarda la pagina: 2 del proceso: 0
[INFO] 11:57:46:766 OperacionesServidor/(4902:4902): No se encontro la siguiente particion
[INFO] 11:57:47:057 OperacionesServidor/(4902:4902): Recibimos la informacion de la RAM
[INFO] 11:57:47:058 OperacionesServidor/(4902:4902): El codigo de operacion es: 18
[INFO] 11:57:47:060 OperacionesServidor/(4902:4902): El proceso: 0, pide finalizar
[INFO] 12:05:05:807 OperacionesServidor/(4902:4902): Recibimos la informacion de la RAM
[INFO] 12:05:05:808 OperacionesServidor/(4902:4902): El codigo de operacion es: 16
[INFO] 12:05:05:809 OperacionesServidor/(4902:4902): El proceso: 1 pide verificar si hay espacio para 1
[INFO] 12:05:05:810 OperacionesServidor/(4902:4902): Cantidad de frames disponibles para el proceso 1: 31
[INFO] 12:05:05:820 OperacionesServidor/(4902:4902): Recibimos la informacion de la RAM
[INFO] 12:05:05:821 OperacionesServidor/(4902:4902): El codigo de operacion es: 11
[INFO] 12:05:05:833 OperacionesServidor/(4902:4902): Se guarda la pagina: 3 del proceso: 1
[INFO] 12:05:05:836 OperacionesServidor/(4902:4902): Se guardo el contenido en el archivo: /home/utnso/swap1.bin
[INFO] 12:05:05:843 OperacionesServidor/(4902:4902): Se sobreescribe sobre la particion: 0
[INFO] 12:05:05:846 OperacionesServidor/(4902:4902): Se guardo el contenido correctamente
[INFO] 12:05:50:163 OperacionesServidor/(4902:4902): Recibimos la informacion de la RAM
[INFO] 12:05:50:164 OperacionesServidor/(4902:4902): El codigo de operacion es: 13
[INFO] 12:05:50:165 OperacionesServidor/(4902:4902): Tipo de asignacion a utilizar: DINAMICA.
[INFO] 12:11:37:026 OperacionesServidor/(4902:4902): Recibimos la informacion de la RAM
[INFO] 12:11:37:027 OperacionesServidor/(4902:4902): El codigo de operacion es: 13
[INFO] 12:11:37:028 OperacionesServidor/(4902:4902): Tipo de asignacion a utilizar: DINAMICA.
[INFO] 12:11:40:232 OperacionesServidor/(4902:4902): Recibimos la informacion de la RAM
[INFO] 12:11:40:232 OperacionesServidor/(4902:4902): El codigo de operacion es: 16
[INFO] 12:11:40:233 OperacionesServidor/(4902:4902): El proceso: 0 pide verificar si hay espacio para 1
[INFO] 12:11:40:234 OperacionesServidor/(4902:4902): Cantidad de frames disponibles para el proceso 0: 31
[INFO] 12:11:40:253 OperacionesServidor/(4902:4902): Recibimos la informacion de la RAM
[INFO] 12:11:40:254 OperacionesServidor/(4902:4902): El codigo de operacion es: 11
[INFO] 12:11:40:255 OperacionesServidor/(4902:4902): Se guarda la pagina: 1 del proceso: 0
[INFO] 12:11:40:255 OperacionesServidor/(4902:4902): El archivo que vamos a utilizar tiene 31 cantidad de frames libres
[INFO] 12:11:40:256 OperacionesServidor/(4902:4902): Todo bien se realizo con la asignacion Dinamica
[INFO] 12:11:40:257 OperacionesServidor/(4902:4902): Se guardo el contenido en el archivo: /home/utnso/swap1.bin
[INFO] 12:11:40:258 OperacionesServidor/(4902:4902): Se escribe sobre la particion: 1
[INFO] 12:11:40:258 OperacionesServidor/(4902:4902): Se guardo el contenido correctamente
[INFO] 12:14:03:010 OperacionesServidor/(4902:4902): Recibimos la informacion de la RAM
[INFO] 12:14:03:010 OperacionesServidor/(4902:4902): El codigo de operacion es: 13
[INFO] 12:14:03:011 OperacionesServidor/(4902:4902): Tipo de asignacion a utilizar: DINAMICA.
[INFO] 12:14:17:228 OperacionesServidor/(4902:4902): Recibimos la informacion de la RAM
[INFO] 12:14:17:229 OperacionesServidor/(4902:4902): El codigo de operacion es: 16
[INFO] 12:14:17:230 OperacionesServidor/(4902:4902): El proceso: 0 pide verificar si hay espacio para 1
[INFO] 12:14:17:231 OperacionesServidor/(4902:4902): Cantidad de frames disponibles para el proceso 0: 30
[INFO] 12:14:17:249 OperacionesServidor/(4902:4902): Recibimos la informacion de la RAM
[INFO] 12:14:17:250 OperacionesServidor/(4902:4902): El codigo de operacion es: 11
[INFO] 12:14:17:251 OperacionesServidor/(4902:4902): Se guarda la pagina: 1 del proceso: 0
[INFO] 12:14:17:252 OperacionesServidor/(4902:4902): Se guardo el contenido en el archivo: /home/utnso/swap1.bin
[INFO] 12:14:17:253 OperacionesServidor/(4902:4902): Se sobreescribe sobre la particion: 1
[INFO] 12:14:17:253 OperacionesServidor/(4902:4902): Se guardo el contenido correctamente
[INFO] 12:16:08:409 OperacionesServidor/(4902:4902): Recibimos la informacion de la RAM
[INFO] 12:16:08:410 OperacionesServidor/(4902:4902): El codigo de operacion es: 13
[INFO] 12:16:08:411 OperacionesServidor/(4902:4902): Tipo de asignacion a utilizar: DINAMICA.
[INFO] 12:16:26:345 OperacionesServidor/(4902:4902): Recibimos la informacion de la RAM
[INFO] 12:16:26:345 OperacionesServidor/(4902:4902): El codigo de operacion es: 16
[INFO] 12:16:26:347 OperacionesServidor/(4902:4902): El proceso: 0 pide verificar si hay espacio para 1
[INFO] 12:16:26:347 OperacionesServidor/(4902:4902): Cantidad de frames disponibles para el proceso 0: 30
[INFO] 12:16:26:364 OperacionesServidor/(4902:4902): Recibimos la informacion de la RAM
[INFO] 12:16:26:365 OperacionesServidor/(4902:4902): El codigo de operacion es: 11
[INFO] 12:16:26:368 OperacionesServidor/(4902:4902): Se guarda la pagina: 1 del proceso: 0
[INFO] 12:16:26:369 OperacionesServidor/(4902:4902): Se guardo el contenido en el archivo: /home/utnso/swap1.bin
[INFO] 12:16:26:369 OperacionesServidor/(4902:4902): Se sobreescribe sobre la particion: 1
[INFO] 12:16:26:369 OperacionesServidor/(4902:4902): Se guardo el contenido correctamente
[INFO] 12:18:50:977 OperacionesServidor/(4902:4902): Recibimos la informacion de la RAM
[INFO] 12:18:50:977 OperacionesServidor/(4902:4902): El codigo de operacion es: 13
[INFO] 12:18:50:979 OperacionesServidor/(4902:4902): Tipo de asignacion a utilizar: DINAMICA.
[INFO] 12:18:53:308 OperacionesServidor/(4902:4902): Recibimos la informacion de la RAM
[INFO] 12:18:53:308 OperacionesServidor/(4902:4902): El codigo de operacion es: 16
[INFO] 12:18:53:309 OperacionesServidor/(4902:4902): El proceso: 0 pide verificar si hay espacio para 1
[INFO] 12:18:53:310 OperacionesServidor/(4902:4902): Cantidad de frames disponibles para el proceso 0: 30
[INFO] 12:18:53:328 OperacionesServidor/(4902:4902): Recibimos la informacion de la RAM
[INFO] 12:18:53:328 OperacionesServidor/(4902:4902): El codigo de operacion es: 11
[INFO] 12:18:53:330 OperacionesServidor/(4902:4902): Se guarda la pagina: 1 del proceso: 0
[INFO] 12:18:53:331 OperacionesServidor/(4902:4902): Se guardo el contenido en el archivo: /home/utnso/swap1.bin
[INFO] 12:18:53:332 OperacionesServidor/(4902:4902): Se sobreescribe sobre la particion: 1
[INFO] 12:18:53:332 OperacionesServidor/(4902:4902): Se guardo el contenido correctamente
[INFO] 12:22:36:493 OperacionesServidor/(4902:4902): Recibimos la informacion de la RAM
[INFO] 12:22:36:493 OperacionesServidor/(4902:4902): El codigo de operacion es: 13
[INFO] 12:22:36:495 OperacionesServidor/(4902:4902): Tipo de asignacion a utilizar: DINAMICA.
[INFO] 12:22:38:180 OperacionesServidor/(4902:4902): Recibimos la informacion de la RAM
[INFO] 12:22:38:181 OperacionesServidor/(4902:4902): El codigo de operacion es: 16
[INFO] 12:22:38:182 OperacionesServidor/(4902:4902): El proceso: 0 pide verificar si hay espacio para 1
[INFO] 12:22:38:183 OperacionesServidor/(4902:4902): Cantidad de frames disponibles para el proceso 0: 30
[INFO] 12:22:38:197 OperacionesServidor/(4902:4902): Recibimos la informacion de la RAM
[INFO] 12:22:38:199 OperacionesServidor/(4902:4902): El codigo de operacion es: 11
[INFO] 12:22:38:200 OperacionesServidor/(4902:4902): Se guarda la pagina: 1 del proceso: 0
[INFO] 12:22:38:201 OperacionesServidor/(4902:4902): Se guardo el contenido en el archivo: /home/utnso/swap1.bin
[INFO] 12:22:38:202 OperacionesServidor/(4902:4902): Se sobreescribe sobre la particion: 1
[INFO] 12:22:38:202 OperacionesServidor/(4902:4902): Se guardo el contenido correctamente
[INFO] 12:28:53:810 OperacionesServidor/(4902:4902): Recibimos la informacion de la RAM
[INFO] 12:28:53:811 OperacionesServidor/(4902:4902): El codigo de operacion es: 13
[INFO] 12:28:53:812 OperacionesServidor/(4902:4902): Tipo de asignacion a utilizar: DINAMICA.
[INFO] 12:29:09:469 OperacionesServidor/(4902:4902): Recibimos la informacion de la RAM
[INFO] 12:29:09:470 OperacionesServidor/(4902:4902): El codigo de operacion es: 16
[INFO] 12:29:09:471 OperacionesServidor/(4902:4902): El proceso: 0 pide verificar si hay espacio para 1
[INFO] 12:29:09:472 OperacionesServidor/(4902:4902): Cantidad de frames disponibles para el proceso 0: 30
[INFO] 12:29:09:488 OperacionesServidor/(4902:4902): Recibimos la informacion de la RAM
[INFO] 12:29:09:488 OperacionesServidor/(4902:4902): El codigo de operacion es: 11
[INFO] 12:29:09:489 OperacionesServidor/(4902:4902): Se guarda la pagina: 1 del proceso: 0
[INFO] 12:29:09:491 OperacionesServidor/(4902:4902): Se guardo el contenido en el archivo: /home/utnso/swap1.bin
[INFO] 12:29:09:492 OperacionesServidor/(4902:4902): Se sobreescribe sobre la particion: 1
[INFO] 12:29:09:492 OperacionesServidor/(4902:4902): Se guardo el contenido correctamente
[INFO] 12:32:36:919 OperacionesServidor/(4902:4902): Recibimos la informacion de la RAM
[INFO] 12:32:36:920 OperacionesServidor/(4902:4902): El codigo de operacion es: 13
[INFO] 12:32:36:921 OperacionesServidor/(4902:4902): Tipo de asignacion a utilizar: DINAMICA.
[INFO] 12:32:40:143 OperacionesServidor/(4902:4902): Recibimos la informacion de la RAM
[INFO] 12:32:40:149 OperacionesServidor/(4902:4902): El codigo de operacion es: 16
[INFO] 12:32:40:151 OperacionesServidor/(4902:4902): El proceso: 0 pide verificar si hay espacio para 1
[INFO] 12:32:40:152 OperacionesServidor/(4902:4902): Cantidad de frames disponibles para el proceso 0: 30
[INFO] 12:32:40:161 OperacionesServidor/(4902:4902): Recibimos la informacion de la RAM
[INFO] 12:32:40:161 OperacionesServidor/(4902:4902): El codigo de operacion es: 11
[INFO] 12:32:40:163 OperacionesServidor/(4902:4902): Se guarda la pagina: 1 del proceso: 0
[INFO] 12:32:40:164 OperacionesServidor/(4902:4902): Se guardo el contenido en el archivo: /home/utnso/swap1.bin
[INFO] 12:32:40:164 OperacionesServidor/(4902:4902): Se sobreescribe sobre la particion: 1
[INFO] 12:32:40:165 OperacionesServidor/(4902:4902): Se guardo el contenido correctamente
[INFO] 12:35:05:517 OperacionesServidor/(4902:4902): Recibimos la informacion de la RAM
[INFO] 12:35:05:518 OperacionesServidor/(4902:4902): El codigo de operacion es: 13
[INFO] 12:35:05:519 OperacionesServidor/(4902:4902): Tipo de asignacion a utilizar: DINAMICA.
[INFO] 12:35:16:762 OperacionesServidor/(4902:4902): Recibimos la informacion de la RAM
[INFO] 12:35:16:763 OperacionesServidor/(4902:4902): El codigo de operacion es: 16
[INFO] 12:35:16:765 OperacionesServidor/(4902:4902): El proceso: 0 pide verificar si hay espacio para 1
[INFO] 12:35:16:766 OperacionesServidor/(4902:4902): Cantidad de frames disponibles para el proceso 0: 30
[INFO] 12:35:16:785 OperacionesServidor/(4902:4902): Recibimos la informacion de la RAM
[INFO] 12:35:16:786 OperacionesServidor/(4902:4902): El codigo de operacion es: 11
[INFO] 12:35:16:787 OperacionesServidor/(4902:4902): Se guarda la pagina: 1 del proceso: 0
[INFO] 12:35:16:788 OperacionesServidor/(4902:4902): Se guardo el contenido en el archivo: /home/utnso/swap1.bin
[INFO] 12:35:16:789 OperacionesServidor/(4902:4902): Se sobreescribe sobre la particion: 1
[INFO] 12:35:16:790 OperacionesServidor/(4902:4902): Se guardo el contenido correctamente
[INFO] 12:35:17:195 OperacionesServidor/(4902:4902): Recibimos la informacion de la RAM
[INFO] 12:35:17:195 OperacionesServidor/(4902:4902): El codigo de operacion es: 18
[INFO] 12:35:17:196 OperacionesServidor/(4902:4902): El proceso: 0, pide finalizar
[INFO] 12:39:19:750 OperacionesServidor/(4902:4902): Recibimos la informacion de la RAM
[INFO] 12:39:19:750 OperacionesServidor/(4902:4902): El codigo de operacion es: 16
[INFO] 12:39:19:752 OperacionesServidor/(4902:4902): El proceso: 1 pide verificar si hay espacio para 1
[INFO] 12:39:19:753 OperacionesServidor/(4902:4902): Cantidad de frames disponibles para el proceso 1: 31
[INFO] 12:39:19:761 OperacionesServidor/(4902:4902): Recibimos la informacion de la RAM
[INFO] 12:39:19:763 OperacionesServidor/(4902:4902): El codigo de operacion es: 11
[INFO] 12:39:19:765 OperacionesServidor/(4902:4902): Se guarda la pagina: 2 del proceso: 1
[INFO] 12:39:19:767 OperacionesServidor/(4902:4902): No se encontro la siguiente particion
[INFO] 12:41:35:842 OperacionesServidor/(4902:4902): Recibimos la informacion de la RAM
[INFO] 12:41:35:842 OperacionesServidor/(4902:4902): El codigo de operacion es: 13
[INFO] 12:41:35:844 OperacionesServidor/(4902:4902): Tipo de asignacion a utilizar: DINAMICA.
[INFO] 12:41:37:843 OperacionesServidor/(4902:4902): Recibimos la informacion de la RAM
[INFO] 12:41:37:844 OperacionesServidor/(4902:4902): El codigo de operacion es: 16
[INFO] 12:41:37:845 OperacionesServidor/(4902:4902): El proceso: 0 pide verificar si hay espacio para 1
[INFO] 12:41:37:846 OperacionesServidor/(4902:4902): Cantidad de frames disponibles para el proceso 0: 31
[INFO] 12:41:37:864 OperacionesServidor/(4902:4902): Recibimos la informacion de la RAM
[INFO] 12:41:37:864 OperacionesServidor/(4902:4902): El codigo de operacion es: 11
[INFO] 12:41:37:866 OperacionesServidor/(4902:4902): Se guarda la pagina: 1 del proceso: 0
[INFO] 12:41:37:866 OperacionesServidor/(4902:4902): El archivo que vamos a utilizar tiene 31 cantidad de frames libres
[INFO] 12:41:37:867 OperacionesServidor/(4902:4902): Todo bien se realizo con la asignacion Dinamica
[INFO] 12:41:37:871 OperacionesServidor/(4902:4902): Se guardo el contenido en el archivo: /home/utnso/swap1.bin
[INFO] 12:41:37:872 OperacionesServidor/(4902:4902): Se escribe sobre la particion: 1
[INFO] 12:41:37:873 OperacionesServidor/(4902:4902): Se guardo el contenido correctamente
[INFO] 12:53:25:809 OperacionesServidor/(4902:4902): Recibimos la informacion de la RAM
[INFO] 12:53:25:809 OperacionesServidor/(4902:4902): El codigo de operacion es: 13
[INFO] 12:53:25:810 OperacionesServidor/(4902:4902): Tipo de asignacion a utilizar: DINAMICA.
[INFO] 12:53:28:646 OperacionesServidor/(4902:4902): Recibimos la informacion de la RAM
[INFO] 12:53:28:646 OperacionesServidor/(4902:4902): El codigo de operacion es: 16
[INFO] 12:53:28:647 OperacionesServidor/(4902:4902): El proceso: 0 pide verificar si hay espacio para 1
[INFO] 12:53:28:647 OperacionesServidor/(4902:4902): Cantidad de frames disponibles para el proceso 0: 30
[INFO] 12:53:28:651 OperacionesServidor/(4902:4902): Recibimos la informacion de la RAM
[INFO] 12:53:28:652 OperacionesServidor/(4902:4902): El codigo de operacion es: 11
[INFO] 12:53:28:652 OperacionesServidor/(4902:4902): Se guarda la pagina: 1 del proceso: 0
[INFO] 12:53:28:653 OperacionesServidor/(4902:4902): Se guardo el contenido en el archivo: /home/utnso/swap1.bin
[INFO] 12:53:28:653 OperacionesServidor/(4902:4902): Se sobreescribe sobre la particion: 1
[INFO] 12:53:28:654 OperacionesServidor/(4902:4902): Se guardo el contenido correctamente
[INFO] 12:53:28:920 OperacionesServidor/(4902:4902): Recibimos la informacion de la RAM
[INFO] 12:53:28:920 OperacionesServidor/(4902:4902): El codigo de operacion es: 18
[INFO] 12:53:28:921 OperacionesServidor/(4902:4902): El proceso: 0, pide finalizar
[INFO] 12:55:06:952 OperacionesServidor/(4902:4902): Recibimos la informacion de la RAM
[INFO] 12:55:06:952 OperacionesServidor/(4902:4902): El codigo de operacion es: 16
[INFO] 12:55:06:953 OperacionesServidor/(4902:4902): El proceso: 1 pide verificar si hay espacio para 1
[INFO] 12:55:06:953 OperacionesServidor/(4902:4902): Cantidad de frames disponibles para el proceso 1: 31
[INFO] 12:55:06:955 OperacionesServidor/(4902:4902): Recibimos la informacion de la RAM
[INFO] 12:55:06:955 OperacionesServidor/(4902:4902): El codigo de operacion es: 11
[INFO] 12:55:06:957 OperacionesServidor/(4902:4902): Se guarda la pagina: 2 del proceso: 1
[INFO] 12:55:06:958 OperacionesServidor/(4902:4902): No se encontro la siguiente particion
[INFO] 12:56:44:906 OperacionesServidor/(4902:4902): Recibimos la informacion de la RAM
[INFO] 12:56:44:907 OperacionesServidor/(4902:4902): El codigo de operacion es: 13
[INFO] 12:56:44:908 OperacionesServidor/(4902:4902): Tipo de asignacion a utilizar: DINAMICA.
[INFO] 12:56:53:814 OperacionesServidor/(4902:4902): Recibimos la informacion de la RAM
[INFO] 12:56:53:814 OperacionesServidor/(4902:4902): El codigo de operacion es: 16
[INFO] 12:56:53:815 OperacionesServidor/(4902:4902): El proceso: 0 pide verificar si hay espacio para 1
[INFO] 12:56:53:815 OperacionesServidor/(4902:4902): Cantidad de frames disponibles para el proceso 0: 31
[INFO] 12:56:53:819 OperacionesServidor/(4902:4902): Recibimos la informacion de la RAM
[INFO] 12:56:53:819 OperacionesServidor/(4902:4902): El codigo de operacion es: 11
[INFO] 12:56:53:820 OperacionesServidor/(4902:4902): Se guarda la pagina: 1 del proceso: 0
[INFO] 12:56:53:821 OperacionesServidor/(4902:4902): El archivo que vamos a utilizar tiene 31 cantidad de frames libres
[INFO] 12:56:53:821 OperacionesServidor/(4902:4902): Todo bien se realizo con la asignacion Dinamica
[INFO] 12:56:53:821 OperacionesServidor/(4902:4902): Se guardo el contenido en el archivo: /home/utnso/swap1.bin
[INFO] 12:56:53:822 OperacionesServidor/(4902:4902): Se escribe sobre la particion: 1
[INFO] 12:56:53:822 OperacionesServidor/(4902:4902): Se guardo el contenido correctamente
[INFO] 13:11:24:647 OperacionesServidor/(4902:4902): Recibimos la informacion de la RAM
[INFO] 13:11:24:647 OperacionesServidor/(4902:4902): El codigo de operacion es: 13
[INFO] 13:11:24:649 OperacionesServidor/(4902:4902): Tipo de asignacion a utilizar: DINAMICA.
[INFO] 13:11:30:559 OperacionesServidor/(4902:4902): Recibimos la informacion de la RAM
[INFO] 13:11:30:559 OperacionesServidor/(4902:4902): El codigo de operacion es: 16
[INFO] 13:11:30:560 OperacionesServidor/(4902:4902): El proceso: 0 pide verificar si hay espacio para 1
[INFO] 13:11:30:560 OperacionesServidor/(4902:4902): Cantidad de frames disponibles para el proceso 0: 30
[INFO] 13:11:30:564 OperacionesServidor/(4902:4902): Recibimos la informacion de la RAM
[INFO] 13:11:30:564 OperacionesServidor/(4902:4902): El codigo de operacion es: 11
[INFO] 13:11:30:566 OperacionesServidor/(4902:4902): Se guarda la pagina: 1 del proceso: 0
[INFO] 13:11:30:567 OperacionesServidor/(4902:4902): Se guardo el contenido en el archivo: /home/utnso/swap1.bin
[INFO] 13:11:30:567 OperacionesServidor/(4902:4902): Se sobreescribe sobre la particion: 1
[INFO] 13:11:30:567 OperacionesServidor/(4902:4902): Se guardo el contenido correctamente
[INFO] 13:11:30:831 OperacionesServidor/(4902:4902): Recibimos la informacion de la RAM
[INFO] 13:11:30:832 OperacionesServidor/(4902:4902): El codigo de operacion es: 18
[INFO] 13:11:30:833 OperacionesServidor/(4902:4902): El proceso: 0, pide finalizar
[INFO] 13:20:33:792 OperacionesServidor/(4902:4902): Recibimos la informacion de la RAM
[INFO] 13:20:33:792 OperacionesServidor/(4902:4902): El codigo de operacion es: 16
[INFO] 13:20:33:793 OperacionesServidor/(4902:4902): El proceso: 1 pide verificar si hay espacio para 1
[INFO] 13:20:33:793 OperacionesServidor/(4902:4902): Cantidad de frames disponibles para el proceso 1: 31
[INFO] 13:20:33:794 OperacionesServidor/(4902:4902): Recibimos la informacion de la RAM
[INFO] 13:20:33:794 OperacionesServidor/(4902:4902): El codigo de operacion es: 11
[INFO] 13:20:33:795 OperacionesServidor/(4902:4902): Se guarda la pagina: 2 del proceso: 1
[INFO] 13:20:33:796 OperacionesServidor/(4902:4902): No se encontro la siguiente particion
[INFO] 13:20:34:012 OperacionesServidor/(4902:4902): Recibimos la informacion de la RAM
[INFO] 13:20:34:012 OperacionesServidor/(4902:4902): El codigo de operacion es: 18
[INFO] 13:20:34:013 OperacionesServidor/(4902:4902): El proceso: 1, pide finalizar
[INFO] 13:36:44:101 OperacionesServidor/(4902:4902): Recibimos la informacion de la RAM
[INFO] 13:36:44:102 OperacionesServidor/(4902:4902): El codigo de operacion es: 16
[INFO] 13:36:44:102 OperacionesServidor/(4902:4902): El proceso: 2 pide verificar si hay espacio para 1
[INFO] 13:36:44:104 OperacionesServidor/(4902:4902): Cantidad de frames disponibles para el proceso 2: 32
[INFO] 13:36:44:106 OperacionesServidor/(4902:4902): Recibimos la informacion de la RAM
[INFO] 13:36:44:106 OperacionesServidor/(4902:4902): El codigo de operacion es: 11
[INFO] 13:36:44:108 OperacionesServidor/(4902:4902): Se guarda la pagina: 3 del proceso: 2
[INFO] 13:36:44:109 OperacionesServidor/(4902:4902): El archivo que vamos a utilizar tiene 32 cantidad de frames libres
[INFO] 13:36:44:110 OperacionesServidor/(4902:4902): Todo bien se realizo con la asignacion Dinamica
[INFO] 13:36:44:111 OperacionesServidor/(4902:4902): Se guardo el contenido en el archivo: /home/utnso/swap1.bin
[INFO] 13:36:44:112 OperacionesServidor/(4902:4902): Se escribe sobre la particion: 0
[INFO] 13:36:44:113 OperacionesServidor/(4902:4902): Se guardo el contenido correctamente
[INFO] 13:37:43:675 OperacionesServidor/(4902:4902): Recibimos la informacion de la RAM
[INFO] 13:37:43:675 OperacionesServidor/(4902:4902): El codigo de operacion es: 13
[INFO] 13:37:43:677 OperacionesServidor/(4902:4902): Tipo de asignacion a utilizar: DINAMICA.
[INFO] 13:37:51:205 OperacionesServidor/(4902:4902): Recibimos la informacion de la RAM
[INFO] 13:37:51:205 OperacionesServidor/(4902:4902): El codigo de operacion es: 16
[INFO] 13:37:51:206 OperacionesServidor/(4902:4902): El proceso: 0 pide verificar si hay espacio para 1
[INFO] 13:37:51:207 OperacionesServidor/(4902:4902): Cantidad de frames disponibles para el proceso 0: 31
[INFO] 13:37:51:211 OperacionesServidor/(4902:4902): Recibimos la informacion de la RAM
[INFO] 13:37:51:211 OperacionesServidor/(4902:4902): El codigo de operacion es: 11
[INFO] 13:37:51:212 OperacionesServidor/(4902:4902): Se guarda la pagina: 1 del proceso: 0
[INFO] 13:37:51:213 OperacionesServidor/(4902:4902): El archivo que vamos a utilizar tiene 31 cantidad de frames libres
[INFO] 13:37:51:213 OperacionesServidor/(4902:4902): Todo bien se realizo con la asignacion Dinamica
[INFO] 13:37:51:213 OperacionesServidor/(4902:4902): Se guardo el contenido en el archivo: /home/utnso/swap1.bin
[INFO] 13:37:51:214 OperacionesServidor/(4902:4902): Se escribe sobre la particion: 1
[INFO] 13:37:51:214 OperacionesServidor/(4902:4902): Se guardo el contenido correctamente
[INFO] 13:37:51:494 OperacionesServidor/(4902:4902): Recibimos la informacion de la RAM
[INFO] 13:37:51:495 OperacionesServidor/(4902:4902): El codigo de operacion es: 18
[INFO] 13:37:51:496 OperacionesServidor/(4902:4902): El proceso: 0, pide finalizar
[INFO] 13:40:00:490 OperacionesServidor/(4902:4902): Recibimos la informacion de la RAM
[INFO] 13:40:00:490 OperacionesServidor/(4902:4902): El codigo de operacion es: 16
[INFO] 13:40:00:491 OperacionesServidor/(4902:4902): El proceso: 1 pide verificar si hay espacio para 1
[INFO] 13:40:00:491 OperacionesServidor/(4902:4902): Cantidad de frames disponibles para el proceso 1: 31
[INFO] 13:40:00:492 OperacionesServidor/(4902:4902): Recibimos la informacion de la RAM
[INFO] 13:40:00:492 OperacionesServidor/(4902:4902): El codigo de operacion es: 11
[INFO] 13:40:00:493 OperacionesServidor/(4902:4902): Se guarda la pagina: 2 del proceso: 1
[INFO] 13:40:00:493 OperacionesServidor/(4902:4902): El archivo que vamos a utilizar tiene 31 cantidad de frames libres
[INFO] 13:40:00:494 OperacionesServidor/(4902:4902): Todo bien se realizo con la asignacion Dinamica
[INFO] 13:40:00:494 OperacionesServidor/(4902:4902): Se guardo el contenido en el archivo: /home/utnso/swap1.bin
[INFO] 13:40:00:494 OperacionesServidor/(4902:4902): Se escribe sobre la particion: 1
[INFO] 13:40:00:495 OperacionesServidor/(4902:4902): Se guardo el contenido correctamente
[INFO] 13:40:00:710 OperacionesServidor/(4902:4902): Recibimos la informacion de la RAM
[INFO] 13:40:00:710 OperacionesServidor/(4902:4902): El codigo de operacion es: 18
[INFO] 13:40:00:711 OperacionesServidor/(4902:4902): El proceso: 1, pide finalizar
[INFO] 18:23:46:306 OperacionesServidor/(15159:15159): Recibimos la informacion de la RAM
[INFO] 18:23:46:306 OperacionesServidor/(15159:15159): El codigo de operacion es: 13
[INFO] 18:23:46:307 OperacionesServidor/(15159:15159): Tipo de asignacion a utilizar: DINAMICA.
[INFO] 18:24:02:070 OperacionesServidor/(15159:15159): Recibimos la informacion de la RAM
[INFO] 18:24:02:071 OperacionesServidor/(15159:15159): El codigo de operacion es: 16
[INFO] 18:24:02:072 OperacionesServidor/(15159:15159): El proceso: 0 pide verificar si hay espacio para 2
[INFO] 18:24:02:072 OperacionesServidor/(15159:15159): Cantidad de frames disponibles para el proceso 0: 32
[INFO] 18:24:02:073 OperacionesServidor/(15159:15159): Recibimos la informacion de la RAM
[INFO] 18:24:02:077 OperacionesServidor/(15159:15159): El codigo de operacion es: 11
[INFO] 18:24:02:079 OperacionesServidor/(15159:15159): Se guarda la pagina: 1 del proceso: 0
[INFO] 18:24:02:079 OperacionesServidor/(15159:15159): El archivo que vamos a utilizar tiene 32 cantidad de frames libres
[INFO] 18:24:02:079 OperacionesServidor/(15159:15159): Todo bien se realizo con la asignacion Dinamica
[INFO] 18:24:02:079 OperacionesServidor/(15159:15159): Se guardo el contenido en el archivo: /home/utnso/swap1.bin
[INFO] 18:24:02:079 OperacionesServidor/(15159:15159): Se escribe sobre la particion: 0
[INFO] 18:24:02:080 OperacionesServidor/(15159:15159): Se guardo el contenido correctamente
[INFO] 18:24:02:080 OperacionesServidor/(15159:15159): Recibimos la informacion de la RAM
[INFO] 18:24:02:080 OperacionesServidor/(15159:15159): El codigo de operacion es: 11
[INFO] 18:24:02:083 OperacionesServidor/(15159:15159): Se guarda la pagina: 2 del proceso: 0
[INFO] 18:24:02:083 OperacionesServidor/(15159:15159): No se encontro la siguiente particion
[INFO] 18:26:04:333 OperacionesServidor/(15159:15159): Recibimos la informacion de la RAM
[INFO] 18:26:04:333 OperacionesServidor/(15159:15159): El codigo de operacion es: 16
[INFO] 18:26:04:334 OperacionesServidor/(15159:15159): El proceso: 1 pide verificar si hay espacio para 1
[INFO] 18:26:04:334 OperacionesServidor/(15159:15159): Cantidad de frames disponibles para el proceso 1: 31
[INFO] 18:26:04:345 OperacionesServidor/(15159:15159): Recibimos la informacion de la RAM
[INFO] 18:26:04:345 OperacionesServidor/(15159:15159): El codigo de operacion es: 11
[INFO] 18:26:04:347 OperacionesServidor/(15159:15159): Se guarda la pagina: 3 del proceso: 1
[INFO] 18:26:04:351 OperacionesServidor/(15159:15159): El archivo que vamos a utilizar tiene 31 cantidad de frames libres
[INFO] 18:26:04:351 OperacionesServidor/(15159:15159): Todo bien se realizo con la asignacion Dinamica
[INFO] 18:26:04:351 OperacionesServidor/(15159:15159): Se guardo el contenido en el archivo: /home/utnso/swap1.bin
[INFO] 18:26:04:351 OperacionesServidor/(15159:15159): Se escribe sobre la particion: 1
[INFO] 18:26:04:351 OperacionesServidor/(15159:15159): Se guardo el contenido correctamente
[INFO] 18:34:04:268 OperacionesServidor/(15640:15640): Recibimos la informacion de la RAM
[INFO] 18:34:04:268 OperacionesServidor/(15640:15640): El codigo de operacion es: 13
[INFO] 18:34:04:269 OperacionesServidor/(15640:15640): Tipo de asignacion a utilizar: DINAMICA.
[INFO] 18:34:24:309 OperacionesServidor/(15640:15640): Recibimos la informacion de la RAM
[INFO] 18:34:24:309 OperacionesServidor/(15640:15640): El codigo de operacion es: 16
[INFO] 18:34:24:311 OperacionesServidor/(15640:15640): El proceso: 0 pide verificar si hay espacio para 2
[INFO] 18:34:24:311 OperacionesServidor/(15640:15640): Cantidad de frames disponibles para el proceso 0: 32
[INFO] 18:34:24:316 OperacionesServidor/(15640:15640): Recibimos la informacion de la RAM
[INFO] 18:34:24:316 OperacionesServidor/(15640:15640): El codigo de operacion es: 11
[INFO] 18:34:24:318 OperacionesServidor/(15640:15640): Se guarda la pagina: 1 del proceso: 0
[INFO] 18:34:24:318 OperacionesServidor/(15640:15640): El archivo que vamos a utilizar tiene 32 cantidad de frames libres
[INFO] 18:34:24:318 OperacionesServidor/(15640:15640): Todo bien se realizo con la asignacion Dinamica
[INFO] 18:34:24:319 OperacionesServidor/(15640:15640): Se guardo el contenido en el archivo: /home/utnso/swap1.bin
[INFO] 18:34:24:319 OperacionesServidor/(15640:15640): Se escribe sobre la particion: 0
[INFO] 18:34:24:323 OperacionesServidor/(15640:15640): Se guardo el contenido correctamente
[INFO] 18:34:24:323 OperacionesServidor/(15640:15640): Recibimos la informacion de la RAM
[INFO] 18:34:24:323 OperacionesServidor/(15640:15640): El codigo de operacion es: 11
[INFO] 18:34:24:331 OperacionesServidor/(15640:15640): Se guarda la pagina: 2 del proceso: 0
[INFO] 18:34:24:331 OperacionesServidor/(15640:15640): No se encontro la siguiente particion
[INFO] 18:34:35:481 OperacionesServidor/(15640:15640): Recibimos la informacion de la RAM
[INFO] 18:34:35:481 OperacionesServidor/(15640:15640): El codigo de operacion es: 16
[INFO] 18:34:35:483 OperacionesServidor/(15640:15640): El proceso: 1 pide verificar si hay espacio para 1
[INFO] 18:34:35:483 OperacionesServidor/(15640:15640): Cantidad de frames disponibles para el proceso 1: 31
[INFO] 18:34:35:511 OperacionesServidor/(15640:15640): Recibimos la informacion de la RAM
[INFO] 18:34:35:511 OperacionesServidor/(15640:15640): El codigo de operacion es: 11
[INFO] 18:34:35:519 OperacionesServidor/(15640:15640): Se guarda la pagina: 3 del proceso: 1
[INFO] 18:34:35:520 OperacionesServidor/(15640:15640): El archivo que vamos a utilizar tiene 31 cantidad de frames libres
[INFO] 18:34:35:520 OperacionesServidor/(15640:15640): Todo bien se realizo con la asignacion Dinamica
[INFO] 18:34:35:520 OperacionesServidor/(15640:15640): Se guardo el contenido en el archivo: /home/utnso/swap1.bin
[INFO] 18:34:35:520 OperacionesServidor/(15640:15640): Se escribe sobre la particion: 1
[INFO] 18:34:35:520 OperacionesServidor/(15640:15640): Se guardo el contenido correctamente
[INFO] 11:49:03:470 OperacionesServidor/(4555:4555): Recibimos la informacion de la RAM
[INFO] 11:49:03:470 OperacionesServidor/(4555:4555): El codigo de operacion es: 13
[INFO] 11:49:03:473 OperacionesServidor/(4555:4555): Tipo de asignacion a utilizar: DINAMICA.
[INFO] 11:49:26:847 OperacionesServidor/(4555:4555): Recibimos la informacion de la RAM
[INFO] 11:49:26:848 OperacionesServidor/(4555:4555): El codigo de operacion es: 16
[INFO] 11:49:26:858 OperacionesServidor/(4555:4555): El proceso: 0 pide verificar si hay espacio para 1
[INFO] 11:49:26:873 OperacionesServidor/(4555:4555): Cantidad de frames disponibles para el proceso 0: 32
[INFO] 11:49:26:896 OperacionesServidor/(4555:4555): Recibimos la informacion de la RAM
[INFO] 11:49:26:896 OperacionesServidor/(4555:4555): El codigo de operacion es: 11
[INFO] 11:49:26:899 OperacionesServidor/(4555:4555): Se guarda la pagina: 1 del proceso: 0
[INFO] 11:49:26:907 OperacionesServidor/(4555:4555): El archivo que vamos a utilizar tiene 32 cantidad de frames libres
[INFO] 11:49:26:908 OperacionesServidor/(4555:4555): Todo bien se realizo con la asignacion Dinamica
[INFO] 11:49:26:920 OperacionesServidor/(4555:4555): Se guardo el contenido en el archivo: /home/utnso/swap1.bin
[INFO] 11:49:26:929 OperacionesServidor/(4555:4555): Se escribe sobre la particion: 0
[INFO] 11:49:26:930 OperacionesServidor/(4555:4555): Se guardo el contenido correctamente
[INFO] 11:49:27:259 OperacionesServidor/(4555:4555): Recibimos la informacion de la RAM
[INFO] 11:49:27:260 OperacionesServidor/(4555:4555): El codigo de operacion es: 18
[INFO] 11:49:27:262 OperacionesServidor/(4555:4555): El proceso: 0, pide finalizar
[INFO] 11:52:57:512 OperacionesServidor/(4555:4555): Recibimos la informacion de la RAM
[INFO] 11:52:57:513 OperacionesServidor/(4555:4555): El codigo de operacion es: 16
[INFO] 11:52:57:514 OperacionesServidor/(4555:4555): El proceso: 1 pide verificar si hay espacio para 1
[INFO] 11:52:57:515 OperacionesServidor/(4555:4555): Cantidad de frames disponibles para el proceso 1: 32
[INFO] 11:52:57:520 OperacionesServidor/(4555:4555): Recibimos la informacion de la RAM
[INFO] 11:52:57:523 OperacionesServidor/(4555:4555): El codigo de operacion es: 11
[INFO] 11:52:57:524 OperacionesServidor/(4555:4555): Se guarda la pagina: 2 del proceso: 1
[INFO] 11:52:57:525 OperacionesServidor/(4555:4555): El archivo que vamos a utilizar tiene 32 cantidad de frames libres
[INFO] 11:52:57:536 OperacionesServidor/(4555:4555): Todo bien se realizo con la asignacion Dinamica
[INFO] 11:52:57:538 OperacionesServidor/(4555:4555): Se guardo el contenido en el archivo: /home/utnso/swap1.bin
[INFO] 11:52:57:546 OperacionesServidor/(4555:4555): Se escribe sobre la particion: 0
[INFO] 11:52:57:546 OperacionesServidor/(4555:4555): Se guardo el contenido correctamente
[INFO] 11:52:57:791 OperacionesServidor/(4555:4555): Recibimos la informacion de la RAM
[INFO] 11:52:57:792 OperacionesServidor/(4555:4555): El codigo de operacion es: 18
[INFO] 11:52:57:793 OperacionesServidor/(4555:4555): El proceso: 1, pide finalizar
[INFO] 11:59:32:453 OperacionesServidor/(4555:4555): Recibimos la informacion de la RAM
[INFO] 11:59:32:453 OperacionesServidor/(4555:4555): El codigo de operacion es: 16
[INFO] 11:59:32:454 OperacionesServidor/(4555:4555): El proceso: 2 pide verificar si hay espacio para 1
[INFO] 11:59:32:455 OperacionesServidor/(4555:4555): Cantidad de frames disponibles para el proceso 2: 32
[INFO] 11:59:32:458 OperacionesServidor/(4555:4555): Recibimos la informacion de la RAM
[INFO] 11:59:32:458 OperacionesServidor/(4555:4555): El codigo de operacion es: 11
[INFO] 11:59:32:460 OperacionesServidor/(4555:4555): Se guarda la pagina: 3 del proceso: 2
[INFO] 11:59:32:460 OperacionesServidor/(4555:4555): El archivo que vamos a utilizar tiene 32 cantidad de frames libres
[INFO] 11:59:32:461 OperacionesServidor/(4555:4555): Todo bien se realizo con la asignacion Dinamica
[INFO] 11:59:32:463 OperacionesServidor/(4555:4555): Se guardo el contenido en el archivo: /home/utnso/swap1.bin
[INFO] 11:59:32:474 OperacionesServidor/(4555:4555): Se escribe sobre la particion: 0
[INFO] 11:59:32:475 OperacionesServidor/(4555:4555): Se guardo el contenido correctamente
[INFO] 11:59:32:734 OperacionesServidor/(4555:4555): Recibimos la informacion de la RAM
[INFO] 11:59:32:736 OperacionesServidor/(4555:4555): El codigo de operacion es: 18
[INFO] 11:59:32:737 OperacionesServidor/(4555:4555): El proceso: 2, pide finalizar
[INFO] 12:04:03:714 OperacionesServidor/(4555:4555): Recibimos la informacion de la RAM
[INFO] 12:04:03:714 OperacionesServidor/(4555:4555): El codigo de operacion es: 16
[INFO] 12:04:03:715 OperacionesServidor/(4555:4555): El proceso: 3 pide verificar si hay espacio para 2
[INFO] 12:04:03:716 OperacionesServidor/(4555:4555): Cantidad de frames disponibles para el proceso 3: 32
[INFO] 12:04:03:721 OperacionesServidor/(4555:4555): Recibimos la informacion de la RAM
[INFO] 12:04:03:721 OperacionesServidor/(4555:4555): El codigo de operacion es: 11
[INFO] 12:04:03:726 OperacionesServidor/(4555:4555): Se guarda la pagina: 4 del proceso: 3
[INFO] 12:04:03:727 OperacionesServidor/(4555:4555): El archivo que vamos a utilizar tiene 32 cantidad de frames libres
[INFO] 12:04:03:729 OperacionesServidor/(4555:4555): Todo bien se realizo con la asignacion Dinamica
[INFO] 12:04:03:736 OperacionesServidor/(4555:4555): Se guardo el contenido en el archivo: /home/utnso/swap1.bin
[INFO] 12:04:03:757 OperacionesServidor/(4555:4555): Se escribe sobre la particion: 0
[INFO] 12:04:03:761 OperacionesServidor/(4555:4555): Se guardo el contenido correctamente
[INFO] 12:04:03:764 OperacionesServidor/(4555:4555): Recibimos la informacion de la RAM
[INFO] 12:04:03:764 OperacionesServidor/(4555:4555): El codigo de operacion es: 11
[INFO] 12:04:03:765 OperacionesServidor/(4555:4555): Se guarda la pagina: 5 del proceso: 3
[INFO] 12:04:03:768 OperacionesServidor/(4555:4555): No se encontro la siguiente particion
[INFO] 12:04:29:477 OperacionesServidor/(4555:4555): Recibimos la informacion de la RAM
[INFO] 12:04:29:477 OperacionesServidor/(4555:4555): El codigo de operacion es: 16
[INFO] 12:04:29:478 OperacionesServidor/(4555:4555): El proceso: 4 pide verificar si hay espacio para 1
[INFO] 12:04:29:479 OperacionesServidor/(4555:4555): Cantidad de frames disponibles para el proceso 4: 31
[INFO] 12:04:29:481 OperacionesServidor/(4555:4555): Recibimos la informacion de la RAM
[INFO] 12:04:29:489 OperacionesServidor/(4555:4555): El codigo de operacion es: 11
[INFO] 12:04:29:495 OperacionesServidor/(4555:4555): Se guarda la pagina: 6 del proceso: 4
[INFO] 12:04:29:496 OperacionesServidor/(4555:4555): El archivo que vamos a utilizar tiene 31 cantidad de frames libres
[INFO] 12:04:29:496 OperacionesServidor/(4555:4555): Todo bien se realizo con la asignacion Dinamica
[INFO] 12:04:29:502 OperacionesServidor/(4555:4555): Se guardo el contenido en el archivo: /home/utnso/swap1.bin
[INFO] 12:04:29:505 OperacionesServidor/(4555:4555): Se escribe sobre la particion: 1
[INFO] 12:04:29:505 OperacionesServidor/(4555:4555): Se guardo el contenido correctamente
[INFO] 12:09:35:080 OperacionesServidor/(4555:4555): Recibimos la informacion de la RAM
[INFO] 12:09:35:080 OperacionesServidor/(4555:4555): El codigo de operacion es: 13
[INFO] 12:09:35:082 OperacionesServidor/(4555:4555): Tipo de asignacion a utilizar: DINAMICA.
[INFO] 12:10:32:770 OperacionesServidor/(4555:4555): Recibimos la informacion de la RAM
[INFO] 12:10:32:771 OperacionesServidor/(4555:4555): El codigo de operacion es: 16
[INFO] 12:10:32:772 OperacionesServidor/(4555:4555): El proceso: 0 pide verificar si hay espacio para 2
[INFO] 12:10:32:772 OperacionesServidor/(4555:4555): Cantidad de frames disponibles para el proceso 0: 30
[INFO] 12:10:32:780 OperacionesServidor/(4555:4555): Recibimos la informacion de la RAM
[INFO] 12:10:32:780 OperacionesServidor/(4555:4555): El codigo de operacion es: 11
[INFO] 12:10:32:782 OperacionesServidor/(4555:4555): Se guarda la pagina: 1 del proceso: 0
[INFO] 12:10:32:789 OperacionesServidor/(4555:4555): El archivo que vamos a utilizar tiene 30 cantidad de frames libres
[INFO] 12:10:32:789 OperacionesServidor/(4555:4555): Todo bien se realizo con la asignacion Dinamica
[INFO] 12:10:32:792 OperacionesServidor/(4555:4555): Se guardo el contenido en el archivo: /home/utnso/swap1.bin
[INFO] 12:10:32:792 OperacionesServidor/(4555:4555): Se escribe sobre la particion: 2
[INFO] 12:10:32:793 OperacionesServidor/(4555:4555): Se guardo el contenido correctamente
[INFO] 12:10:32:798 OperacionesServidor/(4555:4555): Recibimos la informacion de la RAM
[INFO] 12:10:32:799 OperacionesServidor/(4555:4555): El codigo de operacion es: 11
[INFO] 12:10:32:800 OperacionesServidor/(4555:4555): Se guarda la pagina: 2 del proceso: 0
[INFO] 12:10:32:801 OperacionesServidor/(4555:4555): No se encontro la siguiente particion
[INFO] 12:10:47:822 OperacionesServidor/(4555:4555): Recibimos la informacion de la RAM
[INFO] 12:10:47:823 OperacionesServidor/(4555:4555): El codigo de operacion es: 16
[INFO] 12:10:47:823 OperacionesServidor/(4555:4555): El proceso: 1 pide verificar si hay espacio para 1
[INFO] 12:10:47:824 OperacionesServidor/(4555:4555): Cantidad de frames disponibles para el proceso 1: 29
[INFO] 12:10:47:827 OperacionesServidor/(4555:4555): Recibimos la informacion de la RAM
[INFO] 12:10:47:827 OperacionesServidor/(4555:4555): El codigo de operacion es: 11
[INFO] 12:10:47:832 OperacionesServidor/(4555:4555): Se guarda la pagina: 3 del proceso: 1
[INFO] 12:10:47:833 OperacionesServidor/(4555:4555): El archivo que vamos a utilizar tiene 29 cantidad de frames libres
[INFO] 12:10:47:837 OperacionesServidor/(4555:4555): Todo bien se realizo con la asignacion Dinamica
[INFO] 12:10:47:839 OperacionesServidor/(4555:4555): Se guardo el contenido en el archivo: /home/utnso/swap1.bin
[INFO] 12:10:47:852 OperacionesServidor/(4555:4555): Se escribe sobre la particion: 3
[INFO] 12:10:47:866 OperacionesServidor/(4555:4555): Se guardo el contenido correctamente
[INFO] 12:22:14:649 OperacionesServidor/(4555:4555): Recibimos la informacion de la RAM
[INFO] 12:22:14:650 OperacionesServidor/(4555:4555): El codigo de operacion es: 13
[INFO] 12:22:14:652 OperacionesServidor/(4555:4555): Tipo de asignacion a utilizar: DINAMICA.
[INFO] 12:22:39:235 OperacionesServidor/(4555:4555): Recibimos la informacion de la RAM
[INFO] 12:22:39:236 OperacionesServidor/(4555:4555): El codigo de operacion es: 16
[INFO] 12:22:39:237 OperacionesServidor/(4555:4555): El proceso: 0 pide verificar si hay espacio para 2
[INFO] 12:22:39:238 OperacionesServidor/(4555:4555): Cantidad de frames disponibles para el proceso 0: 28
[INFO] 12:22:39:248 OperacionesServidor/(4555:4555): Recibimos la informacion de la RAM
[INFO] 12:22:39:249 OperacionesServidor/(4555:4555): El codigo de operacion es: 11
[INFO] 12:22:39:251 OperacionesServidor/(4555:4555): Se guarda la pagina: 1 del proceso: 0
[INFO] 12:22:39:252 OperacionesServidor/(4555:4555): Se guardo el contenido en el archivo: /home/utnso/swap1.bin
[INFO] 12:22:39:254 OperacionesServidor/(4555:4555): Se sobreescribe sobre la particion: 2
[INFO] 12:22:39:256 OperacionesServidor/(4555:4555): Se guardo el contenido correctamente
[INFO] 12:22:39:261 OperacionesServidor/(4555:4555): Recibimos la informacion de la RAM
[INFO] 12:22:39:261 OperacionesServidor/(4555:4555): El codigo de operacion es: 11
[INFO] 12:22:39:262 OperacionesServidor/(4555:4555): Se guarda la pagina: 2 del proceso: 0
[INFO] 12:22:39:263 OperacionesServidor/(4555:4555): No se encontro la siguiente particion
[INFO] 12:22:52:312 OperacionesServidor/(4555:4555): Recibimos la informacion de la RAM
[INFO] 12:22:52:312 OperacionesServidor/(4555:4555): El codigo de operacion es: 16
[INFO] 12:22:52:313 OperacionesServidor/(4555:4555): El proceso: 1 pide verificar si hay espacio para 1
[INFO] 12:22:52:314 OperacionesServidor/(4555:4555): Cantidad de frames disponibles para el proceso 1: 28
[INFO] 12:22:52:316 OperacionesServidor/(4555:4555): Recibimos la informacion de la RAM
[INFO] 12:22:52:316 OperacionesServidor/(4555:4555): El codigo de operacion es: 11
[INFO] 12:22:52:318 OperacionesServidor/(4555:4555): Se guarda la pagina: 3 del proceso: 1
[INFO] 12:22:52:319 OperacionesServidor/(4555:4555): Se guardo el contenido en el archivo: /home/utnso/swap1.bin
[INFO] 12:22:52:328 OperacionesServidor/(4555:4555): Se sobreescribe sobre la particion: 3
[INFO] 12:22:52:330 OperacionesServidor/(4555:4555): Se guardo el contenido correctamente
[INFO] 12:31:27:904 OperacionesServidor/(4555:4555): Recibimos la informacion de la RAM
[INFO] 12:31:27:905 OperacionesServidor/(4555:4555): El codigo de operacion es: 13
[INFO] 12:31:27:906 OperacionesServidor/(4555:4555): Tipo de asignacion a utilizar: DINAMICA.
[INFO] 12:32:54:780 OperacionesServidor/(4555:4555): Recibimos la informacion de la RAM
[INFO] 12:32:54:781 OperacionesServidor/(4555:4555): El codigo de operacion es: 16
[INFO] 12:32:54:782 OperacionesServidor/(4555:4555): El proceso: 0 pide verificar si hay espacio para 2
[INFO] 12:32:54:783 OperacionesServidor/(4555:4555): Cantidad de frames disponibles para el proceso 0: 28
[INFO] 12:32:54:801 OperacionesServidor/(4555:4555): Recibimos la informacion de la RAM
[INFO] 12:32:54:801 OperacionesServidor/(4555:4555): El codigo de operacion es: 11
[INFO] 12:32:54:803 OperacionesServidor/(4555:4555): Se guarda la pagina: 1 del proceso: 0
[INFO] 12:32:54:803 OperacionesServidor/(4555:4555): Se guardo el contenido en el archivo: /home/utnso/swap1.bin
[INFO] 12:32:54:804 OperacionesServidor/(4555:4555): Se sobreescribe sobre la particion: 2
[INFO] 12:32:54:805 OperacionesServidor/(4555:4555): Se guardo el contenido correctamente
[INFO] 12:32:54:805 OperacionesServidor/(4555:4555): Recibimos la informacion de la RAM
[INFO] 12:32:54:806 OperacionesServidor/(4555:4555): El codigo de operacion es: 11
[INFO] 12:32:54:813 OperacionesServidor/(4555:4555): Se guarda la pagina: 2 del proceso: 0
[INFO] 12:32:54:814 OperacionesServidor/(4555:4555): No se encontro la siguiente particion
[INFO] 12:33:16:728 OperacionesServidor/(4555:4555): Recibimos la informacion de la RAM
[INFO] 12:33:16:728 OperacionesServidor/(4555:4555): El codigo de operacion es: 16
[INFO] 12:33:16:729 OperacionesServidor/(4555:4555): El proceso: 1 pide verificar si hay espacio para 1
[INFO] 12:33:16:730 OperacionesServidor/(4555:4555): Cantidad de frames disponibles para el proceso 1: 28
[INFO] 12:33:16:733 OperacionesServidor/(4555:4555): Recibimos la informacion de la RAM
[INFO] 12:33:16:733 OperacionesServidor/(4555:4555): El codigo de operacion es: 11
[INFO] 12:33:16:735 OperacionesServidor/(4555:4555): Se guarda la pagina: 3 del proceso: 1
[INFO] 12:33:16:738 OperacionesServidor/(4555:4555): Se guardo el contenido en el archivo: /home/utnso/swap1.bin
[INFO] 12:33:16:747 OperacionesServidor/(4555:4555): Se sobreescribe sobre la particion: 3
[INFO] 12:33:16:749 OperacionesServidor/(4555:4555): Se guardo el contenido correctamente
[INFO] 12:38:40:698 OperacionesServidor/(4555:4555): Recibimos la informacion de la RAM
[INFO] 12:38:40:698 OperacionesServidor/(4555:4555): El codigo de operacion es: 13
[INFO] 12:38:40:699 OperacionesServidor/(4555:4555): Tipo de asignacion a utilizar: DINAMICA.
[INFO] 12:38:47:619 OperacionesServidor/(4555:4555): Recibimos la informacion de la RAM
[INFO] 12:38:47:619 OperacionesServidor/(4555:4555): El codigo de operacion es: 16
[INFO] 12:38:47:620 OperacionesServidor/(4555:4555): El proceso: 0 pide verificar si hay espacio para 1
[INFO] 12:38:47:621 OperacionesServidor/(4555:4555): Cantidad de frames disponibles para el proceso 0: 28
[INFO] 12:38:47:629 OperacionesServidor/(4555:4555): Recibimos la informacion de la RAM
[INFO] 12:38:47:629 OperacionesServidor/(4555:4555): El codigo de operacion es: 11
[INFO] 12:38:47:631 OperacionesServidor/(4555:4555): Se guarda la pagina: 1 del proceso: 0
[INFO] 12:38:47:632 OperacionesServidor/(4555:4555): Se guardo el contenido en el archivo: /home/utnso/swap1.bin
[INFO] 12:38:47:637 OperacionesServidor/(4555:4555): Se sobreescribe sobre la particion: 2
[INFO] 12:38:47:638 OperacionesServidor/(4555:4555): Se guardo el contenido correctamente
[INFO] 12:41:23:490 OperacionesServidor/(4555:4555): Recibimos la informacion de la RAM
[INFO] 12:41:23:490 OperacionesServidor/(4555:4555): El codigo de operacion es: 13
[INFO] 12:41:23:491 OperacionesServidor/(4555:4555): Tipo de asignacion a utilizar: DINAMICA.
[INFO] 12:41:33:377 OperacionesServidor/(4555:4555): Recibimos la informacion de la RAM
[INFO] 12:41:33:377 OperacionesServidor/(4555:4555): El codigo de operacion es: 16
[INFO] 12:41:33:378 OperacionesServidor/(4555:4555): El proceso: 0 pide verificar si hay espacio para 1
[INFO] 12:41:33:379 OperacionesServidor/(4555:4555): Cantidad de frames disponibles para el proceso 0: 28
[INFO] 12:41:33:392 OperacionesServidor/(4555:4555): Recibimos la informacion de la RAM
[INFO] 12:41:33:392 OperacionesServidor/(4555:4555): El codigo de operacion es: 11
[INFO] 12:41:33:393 OperacionesServidor/(4555:4555): Se guarda la pagina: 1 del proceso: 0
[INFO] 12:41:33:394 OperacionesServidor/(4555:4555): Se guardo el contenido en el archivo: /home/utnso/swap1.bin
[INFO] 12:41:33:397 OperacionesServidor/(4555:4555): Se sobreescribe sobre la particion: 2
[INFO] 12:41:33:397 OperacionesServidor/(4555:4555): Se guardo el contenido correctamente
[INFO] 12:41:33:702 OperacionesServidor/(4555:4555): Recibimos la informacion de la RAM
[INFO] 12:41:33:703 OperacionesServidor/(4555:4555): El codigo de operacion es: 18
[INFO] 12:41:33:704 OperacionesServidor/(4555:4555): El proceso: 0, pide finalizar
[INFO] 12:44:39:304 OperacionesServidor/(4555:4555): Recibimos la informacion de la RAM
[INFO] 12:44:39:304 OperacionesServidor/(4555:4555): El codigo de operacion es: 13
[INFO] 12:44:39:305 OperacionesServidor/(4555:4555): Tipo de asignacion a utilizar: DINAMICA.
[INFO] 12:44:41:788 OperacionesServidor/(4555:4555): Recibimos la informacion de la RAM
[INFO] 12:44:41:788 OperacionesServidor/(4555:4555): El codigo de operacion es: 16
[INFO] 12:44:41:790 OperacionesServidor/(4555:4555): El proceso: 0 pide verificar si hay espacio para 2
[INFO] 12:44:41:790 OperacionesServidor/(4555:4555): Cantidad de frames disponibles para el proceso 0: 29
[INFO] 12:44:41:798 OperacionesServidor/(4555:4555): Recibimos la informacion de la RAM
[INFO] 12:44:41:798 OperacionesServidor/(4555:4555): El codigo de operacion es: 11
[INFO] 12:44:41:800 OperacionesServidor/(4555:4555): Se guarda la pagina: 1 del proceso: 0
[INFO] 12:44:41:800 OperacionesServidor/(4555:4555): El archivo que vamos a utilizar tiene 29 cantidad de frames libres
[INFO] 12:44:41:801 OperacionesServidor/(4555:4555): Todo bien se realizo con la asignacion Dinamica
[INFO] 12:44:41:802 OperacionesServidor/(4555:4555): Se guardo el contenido en el archivo: /home/utnso/swap1.bin
[INFO] 12:44:41:802 OperacionesServidor/(4555:4555): Se escribe sobre la particion: 2
[INFO] 12:44:41:803 OperacionesServidor/(4555:4555): Se guardo el contenido correctamente
[INFO] 12:44:41:806 OperacionesServidor/(4555:4555): Recibimos la informacion de la RAM
[INFO] 12:44:41:807 OperacionesServidor/(4555:4555): El codigo de operacion es: 11
[INFO] 12:44:41:813 OperacionesServidor/(4555:4555): Se guarda la pagina: 2 del proceso: 0
[INFO] 12:44:41:814 OperacionesServidor/(4555:4555): No se encontro la siguiente particion
[INFO] 12:44:54:142 OperacionesServidor/(4555:4555): Recibimos la informacion de la RAM
[INFO] 12:44:54:143 OperacionesServidor/(4555:4555): El codigo de operacion es: 16
[INFO] 12:44:54:145 OperacionesServidor/(4555:4555): El proceso: 1 pide verificar si hay espacio para 1
[INFO] 12:44:54:146 OperacionesServidor/(4555:4555): Cantidad de frames disponibles para el proceso 1: 28
[INFO] 12:44:54:155 OperacionesServidor/(4555:4555): Recibimos la informacion de la RAM
[INFO] 12:44:54:158 OperacionesServidor/(4555:4555): El codigo de operacion es: 11
[INFO] 12:44:54:161 OperacionesServidor/(4555:4555): Se guarda la pagina: 3 del proceso: 1
[INFO] 12:44:54:162 OperacionesServidor/(4555:4555): Se guardo el contenido en el archivo: /home/utnso/swap1.bin
[INFO] 12:44:54:169 OperacionesServidor/(4555:4555): Se sobreescribe sobre la particion: 3
[INFO] 12:44:54:170 OperacionesServidor/(4555:4555): Se guardo el contenido correctamente
[INFO] 12:44:54:511 OperacionesServidor/(4555:4555): Recibimos la informacion de la RAM
[INFO] 12:44:54:511 OperacionesServidor/(4555:4555): El codigo de operacion es: 18
[INFO] 12:44:54:513 OperacionesServidor/(4555:4555): El proceso: 1, pide finalizar
[INFO] 12:44:54:706 OperacionesServidor/(4555:4555): Recibimos la informacion de la RAM
[INFO] 12:44:54:706 OperacionesServidor/(4555:4555): El codigo de operacion es: 18
[INFO] 12:44:54:708 OperacionesServidor/(4555:4555): El proceso: 0, pide finalizar
