[INFO] 13:49:22:891 Servidor/(9757:9757): Inicializamos el servidor para que se nos una la RAM
[INFO] 13:49:29:759 Servidor/(9757:9757): Nos llega una solicitud de memoria para realizar algo
[INFO] 13:51:37:004 Servidor/(9905:9905): Inicializamos el servidor para que se nos una la RAM
[INFO] 13:51:42:828 Servidor/(9905:9905): Nos llega una solicitud de memoria para realizar algo
[INFO] 13:52:25:234 Servidor/(10007:10007): Inicializamos el servidor para que se nos una la RAM
[INFO] 13:52:43:716 Servidor/(10098:10098): Inicializamos el servidor para que se nos una la RAM
[INFO] 13:52:46:190 Servidor/(10098:10098): Nos llega una solicitud de memoria para realizar algo
[INFO] 13:53:00:211 Servidor/(10180:10180): Inicializamos el servidor para que se nos una la RAM
[INFO] 13:53:28:376 Servidor/(10284:10284): Inicializamos el servidor para que se nos una la RAM
[INFO] 13:53:59:682 Servidor/(10548:10548): Inicializamos el servidor para que se nos una la RAM
[INFO] 13:54:04:321 Servidor/(10548:10548): Nos llega una solicitud de memoria para realizar algo
[INFO] 13:54:13:560 Servidor/(10548:10548): Nos llega una solicitud de memoria para realizar algo
[INFO] 13:54:16:021 Servidor/(10548:10548): Nos llega una solicitud de memoria para realizar algo
[INFO] 13:54:16:808 Servidor/(10548:10548): Nos llega una solicitud de memoria para realizar algo
[INFO] 13:54:17:443 Servidor/(10548:10548): Nos llega una solicitud de memoria para realizar algo
[INFO] 13:54:18:095 Servidor/(10548:10548): Nos llega una solicitud de memoria para realizar algo
[INFO] 13:54:18:690 Servidor/(10548:10548): Nos llega una solicitud de memoria para realizar algo
[INFO] 13:54:32:822 Servidor/(10548:10548): Nos llega una solicitud de memoria para realizar algo
[INFO] 13:54:34:001 Servidor/(10548:10548): Nos llega una solicitud de memoria para realizar algo
[INFO] 13:54:34:645 Servidor/(10548:10548): Nos llega una solicitud de memoria para realizar algo
[INFO] 13:54:45:255 Servidor/(10548:10548): Nos llega una solicitud de memoria para realizar algo
[INFO] 13:54:52:255 Servidor/(10548:10548): Nos llega una solicitud de memoria para realizar algo
[INFO] 13:55:04:221 Servidor/(10548:10548): Nos llega una solicitud de memoria para realizar algo
[INFO] 13:55:06:436 Servidor/(10548:10548): Nos llega una solicitud de memoria para realizar algo
[INFO] 13:55:30:577 Servidor/(10548:10548): Nos llega una solicitud de memoria para realizar algo
[INFO] 13:58:59:915 Servidor/(11188:11188): Inicializamos el servidor para que se nos una la RAM
[INFO] 13:59:02:258 Servidor/(11188:11188): Nos llega una solicitud de memoria para realizar algo
[INFO] 13:59:15:922 Servidor/(11188:11188): Nos llega una solicitud de memoria para realizar algo
[INFO] 14:38:48:213 Servidor/(5924:5924): Inicializamos el servidor para que se nos una la RAM
[INFO] 14:41:13:747 Servidor/(5924:5924): Nos llega una solicitud de memoria para realizar algo
[INFO] 14:48:20:911 Servidor/(5924:5924): Nos llega una solicitud de memoria para realizar algo
[INFO] 14:49:37:441 Servidor/(5924:5924): Nos llega una solicitud de memoria para realizar algo
[INFO] 14:50:48:812 Servidor/(7128:7128): Inicializamos el servidor para que se nos una la RAM
[INFO] 14:51:05:363 Servidor/(7128:7128): Nos llega una solicitud de memoria para realizar algo
[INFO] 14:52:28:646 Servidor/(7128:7128): Nos llega una solicitud de memoria para realizar algo
[INFO] 14:52:46:815 Servidor/(7594:7594): Inicializamos el servidor para que se nos una la RAM
[INFO] 14:52:54:640 Servidor/(7594:7594): Nos llega una solicitud de memoria para realizar algo
[INFO] 14:53:00:199 Servidor/(7594:7594): Nos llega una solicitud de memoria para realizar algo
[INFO] 14:56:41:715 Servidor/(8016:8016): Inicializamos el servidor para que se nos una la RAM
[INFO] 14:56:50:738 Servidor/(8016:8016): Nos llega una solicitud de memoria para realizar algo
[INFO] 14:56:51:282 Servidor/(8016:8016): Nos llega una solicitud de memoria para realizar algo
[INFO] 14:57:49:949 Servidor/(8340:8340): Inicializamos el servidor para que se nos una la RAM
[INFO] 14:58:21:966 Servidor/(8392:8392): Inicializamos el servidor para que se nos una la RAM
[INFO] 14:58:32:354 Servidor/(8392:8392): Nos llega una solicitud de memoria para realizar algo
[INFO] 14:59:39:754 Servidor/(8673:8673): Inicializamos el servidor para que se nos una la RAM
[INFO] 15:07:55:960 Servidor/(9529:9529): Inicializamos el servidor para que se nos una la RAM
[INFO] 15:08:03:185 Servidor/(9529:9529): Nos llega una solicitud de memoria para realizar algo
[INFO] 15:08:03:185 Servidor/(9529:9529): Nos llega una solicitud de memoria para realizar algo
[INFO] 15:11:42:807 Servidor/(10046:10046): Inicializamos el servidor para que se nos una la RAM
[INFO] 15:12:01:728 Servidor/(10046:10046): Nos llega una solicitud de memoria para realizar algo
[INFO] 15:12:01:728 Servidor/(10046:10046): Nos llega una solicitud de memoria para realizar algo
[INFO] 15:12:40:578 Servidor/(10235:10235): Inicializamos el servidor para que se nos una la RAM
[INFO] 15:13:43:151 Servidor/(10318:10318): Inicializamos el servidor para que se nos una la RAM
[INFO] 15:13:46:21 Servidor/(10318:10318): Nos llega una solicitud de memoria para realizar algo
[INFO] 15:13:46:22 Servidor/(10318:10318): Nos llega una solicitud de memoria para realizar algo
[INFO] 15:17:02:694 Servidor/(10495:10495): Inicializamos el servidor para que se nos una la RAM
[INFO] 15:17:15:360 Servidor/(10495:10495): Nos llega una solicitud de memoria para realizar algo
[INFO] 15:17:15:360 Servidor/(10495:10495): Nos llega una solicitud de memoria para realizar algo
[INFO] 15:21:35:209 Servidor/(10828:10828): Inicializamos el servidor para que se nos una la RAM
[INFO] 15:21:37:933 Servidor/(10828:10828): Nos llega una solicitud de memoria para realizar algo
[INFO] 15:21:37:933 Servidor/(10828:10828): Nos llega una solicitud de memoria para realizar algo
[INFO] 15:21:54:383 Servidor/(10867:10867): Inicializamos el servidor para que se nos una la RAM
[INFO] 15:21:57:982 Servidor/(10867:10867): Nos llega una solicitud de memoria para realizar algo
[INFO] 15:21:57:982 Servidor/(10867:10867): Nos llega una solicitud de memoria para realizar algo
[INFO] 15:23:55:617 Servidor/(11005:11005): Inicializamos el servidor para que se nos una la RAM
[INFO] 15:23:58:74 Servidor/(11005:11005): Nos llega una solicitud de memoria para realizar algo
[INFO] 15:23:58:74 Servidor/(11005:11005): Nos llega una solicitud de memoria para realizar algo
[INFO] 15:24:47:320 Servidor/(11084:11084): Inicializamos el servidor para que se nos una la RAM
[INFO] 15:25:02:312 Servidor/(11098:11098): Inicializamos el servidor para que se nos una la RAM
[INFO] 15:25:05:316 Servidor/(11098:11098): Nos llega una solicitud de memoria para realizar algo
[INFO] 15:25:05:316 Servidor/(11098:11098): Nos llega una solicitud de memoria para realizar algo
[INFO] 15:25:35:995 Servidor/(11235:11235): Inicializamos el servidor para que se nos una la RAM
[INFO] 15:26:35:828 Servidor/(11348:11348): Inicializamos el servidor para que se nos una la RAM
[INFO] 15:26:49:441 Servidor/(11348:11348): Nos llega una solicitud de memoria para realizar algo
[INFO] 15:27:26:93 Servidor/(11348:11348): Nos llega una solicitud de memoria para realizar algo
[INFO] 15:29:43:230 Servidor/(11931:11931): Inicializamos el servidor para que se nos una la RAM
[INFO] 15:29:51:656 Servidor/(11931:11931): Nos llega una solicitud de memoria para realizar algo
[INFO] 15:29:54:713 Servidor/(11931:11931): Nos llega una solicitud de memoria para realizar algo
[INFO] 15:31:46:611 Servidor/(12147:12147): Inicializamos el servidor para que se nos una la RAM
[INFO] 15:31:55:216 Servidor/(12147:12147): Nos llega una solicitud de memoria para realizar algo
[INFO] 15:31:59:329 Servidor/(12147:12147): Nos llega una solicitud de memoria para realizar algo
[INFO] 15:32:37:387 Servidor/(12333:12333): Inicializamos el servidor para que se nos una la RAM
[INFO] 15:32:41:797 Servidor/(12333:12333): Nos llega una solicitud de memoria para realizar algo
[INFO] 15:32:43:977 Servidor/(12333:12333): Nos llega una solicitud de memoria para realizar algo
[INFO] 15:34:04:276 Servidor/(12525:12525): Inicializamos el servidor para que se nos una la RAM
[INFO] 15:34:11:342 Servidor/(12525:12525): Nos llega una solicitud de memoria para realizar algo
[INFO] 15:34:34:320 Servidor/(12525:12525): Nos llega una solicitud de memoria para realizar algo
[INFO] 15:35:31:138 Servidor/(12700:12700): Inicializamos el servidor para que se nos una la RAM
[INFO] 15:35:38:729 Servidor/(12700:12700): Nos llega una solicitud de memoria para realizar algo
[INFO] 15:35:40:253 Servidor/(12700:12700): Nos llega una solicitud de memoria para realizar algo
[INFO] 15:36:53:748 Servidor/(12865:12865): Inicializamos el servidor para que se nos una la RAM
[INFO] 15:37:05:351 Servidor/(12865:12865): Nos llega una solicitud de memoria para realizar algo
[INFO] 15:37:07:767 Servidor/(12865:12865): Nos llega una solicitud de memoria para realizar algo
[INFO] 15:38:49:821 Servidor/(13020:13020): Inicializamos el servidor para que se nos una la RAM
[INFO] 15:38:52:813 Servidor/(13020:13020): Nos llega una solicitud de memoria para realizar algo
[INFO] 15:38:52:813 Servidor/(13020:13020): Nos llega una solicitud de memoria para realizar algo
[INFO] 15:39:38:870 Servidor/(13067:13067): Inicializamos el servidor para que se nos una la RAM
[INFO] 15:39:53:984 Servidor/(13093:13093): Inicializamos el servidor para que se nos una la RAM
[INFO] 15:39:56:662 Servidor/(13093:13093): Nos llega una solicitud de memoria para realizar algo
[INFO] 15:39:56:662 Servidor/(13093:13093): Nos llega una solicitud de memoria para realizar algo
[INFO] 15:40:41:630 Servidor/(13208:13208): Inicializamos el servidor para que se nos una la RAM
[INFO] 15:40:52:136 Servidor/(13208:13208): Nos llega una solicitud de memoria para realizar algo
[INFO] 15:40:54:770 Servidor/(13208:13208): Nos llega una solicitud de memoria para realizar algo
[INFO] 15:42:47:586 Servidor/(13383:13383): Inicializamos el servidor para que se nos una la RAM
[INFO] 15:42:52:5 Servidor/(13383:13383): Nos llega una solicitud de memoria para realizar algo
[INFO] 15:42:52:5 Servidor/(13383:13383): Nos llega una solicitud de memoria para realizar algo
[INFO] 15:46:13:482 Servidor/(13569:13569): Inicializamos el servidor para que se nos una la RAM
[INFO] 15:46:21:70 Servidor/(13569:13569): Nos llega una solicitud de memoria para realizar algo
[INFO] 15:46:21:70 Servidor/(13569:13569): Nos llega una solicitud de memoria para realizar algo
[INFO] 15:46:57:726 Servidor/(13722:13722): Inicializamos el servidor para que se nos una la RAM
[INFO] 15:47:05:727 Servidor/(13831:13831): Inicializamos el servidor para que se nos una la RAM
[INFO] 15:47:35:746 Servidor/(13985:13985): Inicializamos el servidor para que se nos una la RAM
[INFO] 15:47:40:586 Servidor/(13985:13985): Nos llega una solicitud de memoria para realizar algo
[INFO] 15:47:40:587 Servidor/(13985:13985): Nos llega una solicitud de memoria para realizar algo
[INFO] 15:48:18:558 Servidor/(14019:14019): Inicializamos el servidor para que se nos una la RAM
[INFO] 15:48:38:824 Servidor/(14040:14040): Inicializamos el servidor para que se nos una la RAM
[INFO] 15:49:04:83 Servidor/(14078:14078): Inicializamos el servidor para que se nos una la RAM
[INFO] 15:49:06:959 Servidor/(14078:14078): Nos llega una solicitud de memoria para realizar algo
[INFO] 15:49:06:965 Servidor/(14078:14078): Nos llega una solicitud de memoria para realizar algo
[INFO] 15:52:41:970 Servidor/(14328:14328): Inicializamos el servidor para que se nos una la RAM
[INFO] 15:52:45:457 Servidor/(14328:14328): Nos llega una solicitud de memoria para realizar algo
[INFO] 15:52:45:458 Servidor/(14328:14328): Nos llega una solicitud de memoria para realizar algo
[INFO] 16:01:34:897 Servidor/(15063:15063): Inicializamos el servidor para que se nos una la RAM
[INFO] 16:01:39:692 Servidor/(15063:15063): Nos llega una solicitud de memoria para realizar algo
[INFO] 16:01:39:692 Servidor/(15063:15063): Nos llega una solicitud de memoria para realizar algo
[INFO] 16:02:09:679 Servidor/(15221:15221): Inicializamos el servidor para que se nos una la RAM
[INFO] 16:02:13:275 Servidor/(15221:15221): Nos llega una solicitud de memoria para realizar algo
[INFO] 16:02:13:275 Servidor/(15221:15221): Nos llega una solicitud de memoria para realizar algo
[INFO] 14:52:53:805 Servidor/(4837:4837): Inicializamos el servidor para que se nos una la RAM
[INFO] 14:54:54:137 Servidor/(4837:4837): Nos llega una solicitud de memoria para realizar algo
[INFO] 14:58:13:782 Servidor/(4837:4837): Nos llega una solicitud de memoria para realizar algo
[INFO] 14:58:13:820 Servidor/(4837:4837): Nos llega una solicitud de memoria para realizar algo
[INFO] 15:02:41:500 Servidor/(5661:5661): Inicializamos el servidor para que se nos una la RAM
[INFO] 15:02:45:424 Servidor/(5661:5661): Nos llega una solicitud de memoria para realizar algo
[INFO] 15:02:45:474 Servidor/(5661:5661): Nos llega una solicitud de memoria para realizar algo
[INFO] 15:02:59:825 Servidor/(5661:5661): Nos llega una solicitud de memoria para realizar algo
[INFO] 15:02:59:869 Servidor/(5661:5661): Nos llega una solicitud de memoria para realizar algo
[INFO] 15:03:41:306 Servidor/(5762:5762): Inicializamos el servidor para que se nos una la RAM
[INFO] 15:04:11:275 Servidor/(5854:5854): Inicializamos el servidor para que se nos una la RAM
[INFO] 15:04:13:857 Servidor/(5854:5854): Nos llega una solicitud de memoria para realizar algo
[INFO] 15:04:13:909 Servidor/(5854:5854): Nos llega una solicitud de memoria para realizar algo
[INFO] 15:05:06:159 Servidor/(5919:5919): Inicializamos el servidor para que se nos una la RAM
[INFO] 15:05:27:402 Servidor/(5946:5946): Inicializamos el servidor para que se nos una la RAM
[INFO] 15:05:29:888 Servidor/(5946:5946): Nos llega una solicitud de memoria para realizar algo
[INFO] 15:05:29:940 Servidor/(5946:5946): Nos llega una solicitud de memoria para realizar algo
[INFO] 15:11:00:261 Servidor/(6198:6198): Inicializamos el servidor para que se nos una la RAM
[INFO] 15:11:03:925 Servidor/(6198:6198): Nos llega una solicitud de memoria para realizar algo
[INFO] 15:11:03:980 Servidor/(6198:6198): Nos llega una solicitud de memoria para realizar algo
[INFO] 15:11:22:500 Servidor/(6269:6269): Inicializamos el servidor para que se nos una la RAM
[INFO] 15:11:34:153 Servidor/(6329:6329): Inicializamos el servidor para que se nos una la RAM
[INFO] 15:12:02:103 Servidor/(6403:6403): Inicializamos el servidor para que se nos una la RAM
[INFO] 15:12:19:947 Servidor/(6475:6475): Inicializamos el servidor para que se nos una la RAM
[INFO] 15:12:28:270 Servidor/(6475:6475): Nos llega una solicitud de memoria para realizar algo
[INFO] 15:12:28:328 Servidor/(6475:6475): Nos llega una solicitud de memoria para realizar algo
[INFO] 15:14:07:443 Servidor/(6620:6620): Inicializamos el servidor para que se nos una la RAM
[INFO] 15:14:11:223 Servidor/(6620:6620): Nos llega una solicitud de memoria para realizar algo
[INFO] 15:14:11:268 Servidor/(6620:6620): Nos llega una solicitud de memoria para realizar algo
[INFO] 15:15:54:218 Servidor/(6723:6723): Inicializamos el servidor para que se nos una la RAM
[INFO] 15:15:57:174 Servidor/(6723:6723): Nos llega una solicitud de memoria para realizar algo
[INFO] 15:15:57:223 Servidor/(6723:6723): Nos llega una solicitud de memoria para realizar algo
[INFO] 15:16:32:800 Servidor/(6802:6802): Inicializamos el servidor para que se nos una la RAM
[INFO] 15:16:53:088 Servidor/(6881:6881): Inicializamos el servidor para que se nos una la RAM
[INFO] 15:17:31:643 Servidor/(6936:6936): Inicializamos el servidor para que se nos una la RAM
[INFO] 15:17:33:940 Servidor/(6936:6936): Nos llega una solicitud de memoria para realizar algo
[INFO] 15:17:33:990 Servidor/(6936:6936): Nos llega una solicitud de memoria para realizar algo
[INFO] 15:17:36:764 Servidor/(6936:6936): Nos llega una solicitud de memoria para realizar algo
[INFO] 15:17:36:800 Servidor/(6936:6936): Nos llega una solicitud de memoria para realizar algo
[INFO] 15:17:51:245 Servidor/(6936:6936): Nos llega una solicitud de memoria para realizar algo
[INFO] 15:17:51:279 Servidor/(6936:6936): Nos llega una solicitud de memoria para realizar algo
[INFO] 15:17:53:877 Servidor/(6936:6936): Nos llega una solicitud de memoria para realizar algo
[INFO] 15:17:53:912 Servidor/(6936:6936): Nos llega una solicitud de memoria para realizar algo
[INFO] 15:22:23:553 Servidor/(7235:7235): Inicializamos el servidor para que se nos una la RAM
[INFO] 15:22:31:452 Servidor/(7235:7235): Nos llega una solicitud de memoria para realizar algo
[INFO] 15:22:31:501 Servidor/(7235:7235): Nos llega una solicitud de memoria para realizar algo
[INFO] 15:22:35:523 Servidor/(7235:7235): Nos llega una solicitud de memoria para realizar algo
[INFO] 15:22:35:556 Servidor/(7235:7235): Nos llega una solicitud de memoria para realizar algo
[INFO] 15:23:02:216 Servidor/(7235:7235): Nos llega una solicitud de memoria para realizar algo
[INFO] 15:23:02:257 Servidor/(7235:7235): Nos llega una solicitud de memoria para realizar algo
[INFO] 15:24:42:139 Servidor/(7458:7458): Inicializamos el servidor para que se nos una la RAM
[INFO] 15:24:45:070 Servidor/(7458:7458): Nos llega una solicitud de memoria para realizar algo
[INFO] 15:24:45:114 Servidor/(7458:7458): Nos llega una solicitud de memoria para realizar algo
[INFO] 15:24:51:277 Servidor/(7458:7458): Nos llega una solicitud de memoria para realizar algo
[INFO] 15:24:51:315 Servidor/(7458:7458): Nos llega una solicitud de memoria para realizar algo
[INFO] 15:24:53:558 Servidor/(7458:7458): Nos llega una solicitud de memoria para realizar algo
[INFO] 15:24:53:593 Servidor/(7458:7458): Nos llega una solicitud de memoria para realizar algo
[INFO] 15:27:10:687 Servidor/(7693:7693): Inicializamos el servidor para que se nos una la RAM
[INFO] 15:27:13:439 Servidor/(7693:7693): Nos llega una solicitud de memoria para realizar algo
[INFO] 15:27:13:486 Servidor/(7693:7693): Nos llega una solicitud de memoria para realizar algo
[INFO] 15:27:15:895 Servidor/(7693:7693): Nos llega una solicitud de memoria para realizar algo
[INFO] 15:27:15:929 Servidor/(7693:7693): Nos llega una solicitud de memoria para realizar algo
[INFO] 15:27:30:411 Servidor/(7693:7693): Nos llega una solicitud de memoria para realizar algo
[INFO] 15:27:30:451 Servidor/(7693:7693): Nos llega una solicitud de memoria para realizar algo
[INFO] 15:31:01:928 Servidor/(7693:7693): Nos llega una solicitud de memoria para realizar algo
[INFO] 15:31:01:966 Servidor/(7693:7693): Nos llega una solicitud de memoria para realizar algo
[INFO] 15:39:06:455 Servidor/(7693:7693): Nos llega una solicitud de memoria para realizar algo
[INFO] 15:39:06:491 Servidor/(7693:7693): Nos llega una solicitud de memoria para realizar algo
[INFO] 15:41:06:874 Servidor/(7693:7693): Nos llega una solicitud de memoria para realizar algo
[INFO] 15:41:06:911 Servidor/(7693:7693): Nos llega una solicitud de memoria para realizar algo
[INFO] 15:42:40:902 Servidor/(7693:7693): Nos llega una solicitud de memoria para realizar algo
[INFO] 15:42:40:938 Servidor/(7693:7693): Nos llega una solicitud de memoria para realizar algo
[INFO] 15:42:49:117 Servidor/(7693:7693): Nos llega una solicitud de memoria para realizar algo
[INFO] 15:42:49:148 Servidor/(7693:7693): Nos llega una solicitud de memoria para realizar algo
[INFO] 15:43:53:201 Servidor/(7693:7693): Nos llega una solicitud de memoria para realizar algo
[INFO] 15:43:53:235 Servidor/(7693:7693): Nos llega una solicitud de memoria para realizar algo
[INFO] 15:58:24:954 Servidor/(10003:10003): Inicializamos el servidor para que se nos una la RAM
[INFO] 15:58:38:856 Servidor/(10003:10003): Nos llega una solicitud de memoria para realizar algo
[INFO] 15:58:38:899 Servidor/(10003:10003): Nos llega una solicitud de memoria para realizar algo
[INFO] 16:59:51:039 Servidor/(6760:6760): Inicializamos el servidor para que se nos una la RAM
[INFO] 17:00:12:357 Servidor/(6760:6760): Nos llega una solicitud de memoria para realizar algo
[INFO] 17:00:12:386 Servidor/(6760:6760): Nos llega una solicitud de memoria para realizar algo
[INFO] 17:01:26:998 Servidor/(6902:6902): Inicializamos el servidor para que se nos una la RAM
[INFO] 17:01:31:038 Servidor/(6902:6902): Nos llega una solicitud de memoria para realizar algo
[INFO] 17:01:31:069 Servidor/(6902:6902): Nos llega una solicitud de memoria para realizar algo
[INFO] 17:09:27:702 Servidor/(7082:7082): Inicializamos el servidor para que se nos una la RAM
[INFO] 17:09:30:346 Servidor/(7082:7082): Nos llega una solicitud de memoria para realizar algo
[INFO] 17:09:30:376 Servidor/(7082:7082): Nos llega una solicitud de memoria para realizar algo
[INFO] 17:11:07:102 Servidor/(7146:7146): Inicializamos el servidor para que se nos una la RAM
[INFO] 17:11:12:586 Servidor/(7146:7146): Nos llega una solicitud de memoria para realizar algo
[INFO] 17:11:12:616 Servidor/(7146:7146): Nos llega una solicitud de memoria para realizar algo
[INFO] 17:13:41:409 Servidor/(7265:7265): Inicializamos el servidor para que se nos una la RAM
[INFO] 17:13:43:624 Servidor/(7265:7265): Nos llega una solicitud de memoria para realizar algo
[INFO] 17:13:43:652 Servidor/(7265:7265): Nos llega una solicitud de memoria para realizar algo
[INFO] 17:14:21:027 Servidor/(7265:7265): Nos llega una solicitud de memoria para realizar algo
[INFO] 17:14:21:060 Servidor/(7265:7265): Nos llega una solicitud de memoria para realizar algo
[INFO] 17:15:16:255 Servidor/(7265:7265): Nos llega una solicitud de memoria para realizar algo
[INFO] 17:15:16:281 Servidor/(7265:7265): Nos llega una solicitud de memoria para realizar algo
[INFO] 17:15:34:541 Servidor/(7265:7265): Nos llega una solicitud de memoria para realizar algo
[INFO] 20:41:21:819 Servidor/(6423:6423): Inicializamos el servidor para que se nos una la RAM
[INFO] 20:42:41:973 Servidor/(6423:6423): Nos llega una solicitud de memoria para realizar algo
[INFO] 20:42:41:989 Servidor/(6423:6423): Nos llega una solicitud de memoria para realizar algo
[INFO] 20:47:50:238 Servidor/(6423:6423): Nos llega una solicitud de memoria para realizar algo
[INFO] 20:47:50:253 Servidor/(6423:6423): Nos llega una solicitud de memoria para realizar algo
[INFO] 20:47:50:257 Servidor/(6423:6423): Nos llega una solicitud de memoria para realizar algo
[INFO] 20:48:28:472 Servidor/(6423:6423): Nos llega una solicitud de memoria para realizar algo
[INFO] 20:48:28:482 Servidor/(6423:6423): Nos llega una solicitud de memoria para realizar algo
[INFO] 20:48:28:492 Servidor/(6423:6423): Nos llega una solicitud de memoria para realizar algo
[INFO] 20:49:14:459 Servidor/(6929:6929): Inicializamos el servidor para que se nos una la RAM
[INFO] 20:49:54:956 Servidor/(7028:7028): Inicializamos el servidor para que se nos una la RAM
[INFO] 20:50:01:535 Servidor/(7028:7028): Nos llega una solicitud de memoria para realizar algo
[INFO] 20:50:01:553 Servidor/(7028:7028): Nos llega una solicitud de memoria para realizar algo
[INFO] 20:59:38:367 Servidor/(7028:7028): Nos llega una solicitud de memoria para realizar algo
[INFO] 20:59:38:379 Servidor/(7028:7028): Nos llega una solicitud de memoria para realizar algo
[INFO] 20:59:38:385 Servidor/(7028:7028): Nos llega una solicitud de memoria para realizar algo
[INFO] 21:00:57:742 Servidor/(7487:7487): Inicializamos el servidor para que se nos una la RAM
[INFO] 21:01:00:363 Servidor/(7487:7487): Nos llega una solicitud de memoria para realizar algo
[INFO] 21:01:00:381 Servidor/(7487:7487): Nos llega una solicitud de memoria para realizar algo
[INFO] 21:01:00:434 Servidor/(7487:7487): Nos llega una solicitud de memoria para realizar algo
[INFO] 21:04:33:574 Servidor/(7614:7614): Inicializamos el servidor para que se nos una la RAM
[INFO] 21:04:37:303 Servidor/(7614:7614): Nos llega una solicitud de memoria para realizar algo
[INFO] 21:04:37:323 Servidor/(7614:7614): Nos llega una solicitud de memoria para realizar algo
[INFO] 21:04:37:382 Servidor/(7614:7614): Nos llega una solicitud de memoria para realizar algo
[INFO] 21:05:33:446 Servidor/(7791:7791): Inicializamos el servidor para que se nos una la RAM
[INFO] 21:05:48:034 Servidor/(7882:7882): Inicializamos el servidor para que se nos una la RAM
[INFO] 21:06:05:806 Servidor/(7970:7970): Inicializamos el servidor para que se nos una la RAM
[INFO] 21:06:11:819 Servidor/(8051:8051): Inicializamos el servidor para que se nos una la RAM
[INFO] 21:07:01:844 Servidor/(8176:8176): Inicializamos el servidor para que se nos una la RAM
[INFO] 21:07:12:156 Servidor/(8267:8267): Inicializamos el servidor para que se nos una la RAM
[INFO] 21:07:28:030 Servidor/(8267:8267): Nos llega una solicitud de memoria para realizar algo
[INFO] 21:07:56:998 Servidor/(8267:8267): Nos llega una solicitud de memoria para realizar algo
[INFO] 21:08:09:655 Servidor/(8267:8267): Nos llega una solicitud de memoria para realizar algo
[INFO] 21:09:17:218 Servidor/(8470:8470): Inicializamos el servidor para que se nos una la RAM
[INFO] 21:09:19:712 Servidor/(8470:8470): Nos llega una solicitud de memoria para realizar algo
[INFO] 21:09:19:728 Servidor/(8470:8470): Nos llega una solicitud de memoria para realizar algo
[INFO] 21:09:19:780 Servidor/(8470:8470): Nos llega una solicitud de memoria para realizar algo
[INFO] 21:09:34:269 Servidor/(8544:8544): Inicializamos el servidor para que se nos una la RAM
[INFO] 21:09:48:327 Servidor/(8667:8667): Inicializamos el servidor para que se nos una la RAM
[INFO] 21:10:01:890 Servidor/(8776:8776): Inicializamos el servidor para que se nos una la RAM
[INFO] 21:10:03:843 Servidor/(8780:8780): Inicializamos el servidor para que se nos una la RAM
[INFO] 21:10:18:401 Servidor/(8868:8868): Inicializamos el servidor para que se nos una la RAM
[INFO] 21:10:39:592 Servidor/(9008:9008): Inicializamos el servidor para que se nos una la RAM
[INFO] 21:10:46:455 Servidor/(9091:9091): Inicializamos el servidor para que se nos una la RAM
[INFO] 21:10:54:862 Servidor/(9184:9184): Inicializamos el servidor para que se nos una la RAM
[INFO] 21:11:01:107 Servidor/(9184:9184): Nos llega una solicitud de memoria para realizar algo
[INFO] 21:11:06:932 Servidor/(9184:9184): Nos llega una solicitud de memoria para realizar algo
[INFO] 21:11:14:941 Servidor/(9184:9184): Nos llega una solicitud de memoria para realizar algo
[INFO] 21:13:10:065 Servidor/(9440:9440): Inicializamos el servidor para que se nos una la RAM
[INFO] 21:13:14:288 Servidor/(9440:9440): Nos llega una solicitud de memoria para realizar algo
[INFO] 21:13:20:116 Servidor/(9440:9440): Nos llega una solicitud de memoria para realizar algo
[INFO] 21:13:27:905 Servidor/(9440:9440): Nos llega una solicitud de memoria para realizar algo
[INFO] 21:16:04:169 Servidor/(9625:9625): Inicializamos el servidor para que se nos una la RAM
[INFO] 21:16:06:664 Servidor/(9625:9625): Nos llega una solicitud de memoria para realizar algo
[INFO] 21:16:06:677 Servidor/(9625:9625): Nos llega una solicitud de memoria para realizar algo
[INFO] 21:16:06:729 Servidor/(9625:9625): Nos llega una solicitud de memoria para realizar algo
[INFO] 21:16:16:825 Servidor/(9680:9680): Inicializamos el servidor para que se nos una la RAM
[INFO] 21:16:26:742 Servidor/(9706:9706): Inicializamos el servidor para que se nos una la RAM
[INFO] 21:16:28:285 Servidor/(9718:9718): Inicializamos el servidor para que se nos una la RAM
[INFO] 21:16:31:358 Servidor/(9753:9753): Inicializamos el servidor para que se nos una la RAM
[INFO] 21:17:17:504 Servidor/(9851:9851): Inicializamos el servidor para que se nos una la RAM
[INFO] 21:17:19:526 Servidor/(9851:9851): Nos llega una solicitud de memoria para realizar algo
[INFO] 21:17:19:542 Servidor/(9851:9851): Nos llega una solicitud de memoria para realizar algo
[INFO] 21:17:19:593 Servidor/(9851:9851): Nos llega una solicitud de memoria para realizar algo
[INFO] 21:18:15:015 Servidor/(9949:9949): Inicializamos el servidor para que se nos una la RAM
[INFO] 21:19:15:588 Servidor/(10008:10008): Inicializamos el servidor para que se nos una la RAM
[INFO] 21:19:17:246 Servidor/(10008:10008): Nos llega una solicitud de memoria para realizar algo
[INFO] 21:19:17:261 Servidor/(10008:10008): Nos llega una solicitud de memoria para realizar algo
[INFO] 21:19:17:306 Servidor/(10008:10008): Nos llega una solicitud de memoria para realizar algo
[INFO] 21:19:32:053 Servidor/(10066:10066): Inicializamos el servidor para que se nos una la RAM
[INFO] 21:19:43:751 Servidor/(10150:10150): Inicializamos el servidor para que se nos una la RAM
[INFO] 21:19:54:423 Servidor/(10241:10241): Inicializamos el servidor para que se nos una la RAM
[INFO] 21:20:02:327 Servidor/(10288:10288): Inicializamos el servidor para que se nos una la RAM
[INFO] 21:20:17:002 Servidor/(10313:10313): Inicializamos el servidor para que se nos una la RAM
[INFO] 21:20:38:490 Servidor/(10395:10395): Inicializamos el servidor para que se nos una la RAM
[INFO] 21:20:42:480 Servidor/(10395:10395): Nos llega una solicitud de memoria para realizar algo
[INFO] 21:20:47:198 Servidor/(10395:10395): Nos llega una solicitud de memoria para realizar algo
[INFO] 21:20:52:427 Servidor/(10395:10395): Nos llega una solicitud de memoria para realizar algo
[INFO] 21:21:44:313 Servidor/(10492:10492): Inicializamos el servidor para que se nos una la RAM
[INFO] 21:21:46:025 Servidor/(10492:10492): Nos llega una solicitud de memoria para realizar algo
[INFO] 21:21:46:040 Servidor/(10492:10492): Nos llega una solicitud de memoria para realizar algo
[INFO] 21:21:46:100 Servidor/(10492:10492): Nos llega una solicitud de memoria para realizar algo
[INFO] 21:23:41:972 Servidor/(10547:10547): Inicializamos el servidor para que se nos una la RAM
[INFO] 21:23:43:337 Servidor/(10547:10547): Nos llega una solicitud de memoria para realizar algo
[INFO] 21:23:43:355 Servidor/(10547:10547): Nos llega una solicitud de memoria para realizar algo
[INFO] 21:23:43:430 Servidor/(10547:10547): Nos llega una solicitud de memoria para realizar algo
[INFO] 23:51:56:352 Servidor/(6709:6709): Inicializamos el servidor para que se nos una la RAM
[INFO] 23:53:14:976 Servidor/(6709:6709): Nos llega una solicitud de memoria para realizar algo
[INFO] 23:53:34:317 Servidor/(6891:6891): Inicializamos el servidor para que se nos una la RAM
[INFO] 23:53:36:688 Servidor/(6891:6891): Nos llega una solicitud de memoria para realizar algo
[INFO] 23:53:36:740 Servidor/(6891:6891): Nos llega una solicitud de memoria para realizar algo
[INFO] 23:53:36:881 Servidor/(6891:6891): Nos llega una solicitud de memoria para realizar algo
[INFO] 00:12:35:797 Servidor/(8091:8091): Inicializamos el servidor para que se nos una la RAM
[INFO] 00:12:41:247 Servidor/(8091:8091): Nos llega una solicitud de memoria para realizar algo
[INFO] 00:12:41:298 Servidor/(8091:8091): Nos llega una solicitud de memoria para realizar algo
[INFO] 00:12:41:434 Servidor/(8091:8091): Nos llega una solicitud de memoria para realizar algo
[INFO] 00:13:28:762 Servidor/(8091:8091): Nos llega una solicitud de memoria para realizar algo
[INFO] 00:13:28:798 Servidor/(8091:8091): Nos llega una solicitud de memoria para realizar algo
[INFO] 00:13:28:808 Servidor/(8091:8091): Nos llega una solicitud de memoria para realizar algo
[INFO] 00:14:53:055 Servidor/(8091:8091): Nos llega una solicitud de memoria para realizar algo
[INFO] 00:14:53:089 Servidor/(8091:8091): Nos llega una solicitud de memoria para realizar algo
[INFO] 00:14:53:105 Servidor/(8091:8091): Nos llega una solicitud de memoria para realizar algo
[INFO] 00:15:49:978 Servidor/(8091:8091): Nos llega una solicitud de memoria para realizar algo
[INFO] 00:15:50:026 Servidor/(8091:8091): Nos llega una solicitud de memoria para realizar algo
[INFO] 00:15:50:035 Servidor/(8091:8091): Nos llega una solicitud de memoria para realizar algo
[INFO] 00:16:11:820 Servidor/(8091:8091): Nos llega una solicitud de memoria para realizar algo
[INFO] 00:16:11:857 Servidor/(8091:8091): Nos llega una solicitud de memoria para realizar algo
[INFO] 00:16:11:869 Servidor/(8091:8091): Nos llega una solicitud de memoria para realizar algo
[INFO] 00:18:55:703 Servidor/(8091:8091): Nos llega una solicitud de memoria para realizar algo
[INFO] 00:18:55:734 Servidor/(8091:8091): Nos llega una solicitud de memoria para realizar algo
[INFO] 00:18:55:748 Servidor/(8091:8091): Nos llega una solicitud de memoria para realizar algo
[INFO] 00:19:42:878 Servidor/(8091:8091): Nos llega una solicitud de memoria para realizar algo
[INFO] 00:19:42:911 Servidor/(8091:8091): Nos llega una solicitud de memoria para realizar algo
[INFO] 00:19:42:928 Servidor/(8091:8091): Nos llega una solicitud de memoria para realizar algo
[INFO] 00:21:02:194 Servidor/(8091:8091): Nos llega una solicitud de memoria para realizar algo
[INFO] 00:21:02:234 Servidor/(8091:8091): Nos llega una solicitud de memoria para realizar algo
[INFO] 00:21:02:242 Servidor/(8091:8091): Nos llega una solicitud de memoria para realizar algo
[INFO] 00:21:40:491 Servidor/(8091:8091): Nos llega una solicitud de memoria para realizar algo
[INFO] 00:21:40:527 Servidor/(8091:8091): Nos llega una solicitud de memoria para realizar algo
[INFO] 00:21:40:545 Servidor/(8091:8091): Nos llega una solicitud de memoria para realizar algo
[INFO] 00:28:24:090 Servidor/(9353:9353): Inicializamos el servidor para que se nos una la RAM
[INFO] 00:28:29:991 Servidor/(9353:9353): Nos llega una solicitud de memoria para realizar algo
[INFO] 00:28:30:033 Servidor/(9353:9353): Nos llega una solicitud de memoria para realizar algo
[INFO] 00:28:30:160 Servidor/(9353:9353): Nos llega una solicitud de memoria para realizar algo
[INFO] 00:34:46:782 Servidor/(9716:9716): Inicializamos el servidor para que se nos una la RAM
[INFO] 00:34:50:505 Servidor/(9716:9716): Nos llega una solicitud de memoria para realizar algo
[INFO] 00:34:50:546 Servidor/(9716:9716): Nos llega una solicitud de memoria para realizar algo
[INFO] 00:34:50:677 Servidor/(9716:9716): Nos llega una solicitud de memoria para realizar algo
[INFO] 00:37:54:649 Servidor/(10003:10003): Inicializamos el servidor para que se nos una la RAM
[INFO] 00:38:01:023 Servidor/(10003:10003): Nos llega una solicitud de memoria para realizar algo
[INFO] 00:38:01:095 Servidor/(10003:10003): Nos llega una solicitud de memoria para realizar algo
[INFO] 00:38:01:282 Servidor/(10003:10003): Nos llega una solicitud de memoria para realizar algo
[INFO] 09:56:12:085 Servidor/(4187:4187): Inicializamos el servidor para que se nos una la RAM
[INFO] 10:16:32:410 Servidor/(5320:5320): Inicializamos el servidor para que se nos una la RAM
[INFO] 10:17:52:407 Servidor/(5320:5320): Nos llega una solicitud de memoria para realizar algo
[INFO] 10:17:52:418 Servidor/(5320:5320): Nos llega una solicitud de memoria para realizar algo
[INFO] 10:17:52:439 Servidor/(5320:5320): Nos llega una solicitud de memoria para realizar algo
[INFO] 20:59:15:535 Servidor/(3507:3507): Inicializamos el servidor para que se nos una la RAM
[INFO] 12:54:25:155 Servidor/(4577:4577): Inicializacion del servidor con exito, esperando conexion...
[INFO] 12:56:14:772 Servidor/(4753:4753): Inicializacion del servidor con exito, esperando conexion...
[INFO] 12:56:22:090 Servidor/(4767:4767): Inicializacion del servidor con exito, esperando conexion...
[INFO] 12:58:13:527 Servidor/(4849:4849): Inicializacion del servidor con exito, esperando conexion...
[INFO] 12:58:35:036 Servidor/(4930:4930): Inicializacion del servidor con exito, esperando conexion...
[INFO] 13:00:02:830 Servidor/(4991:4991): Inicializacion del servidor con exito, esperando conexion...
[INFO] 13:00:38:129 Servidor/(5082:5082): Inicializacion del servidor con exito, esperando conexion...
[INFO] 13:00:47:705 Servidor/(5098:5098): Inicializacion del servidor con exito, esperando conexion...
[INFO] 13:01:47:891 Servidor/(5194:5194): Inicializacion del servidor con exito, esperando conexion...
[INFO] 13:02:33:539 Servidor/(5269:5269): Inicializacion del servidor con exito, esperando conexion...
[INFO] 13:02:48:390 Servidor/(5336:5336): Inicializacion del servidor con exito, esperando conexion...
[INFO] 13:03:15:118 Servidor/(5406:5406): Inicializacion del servidor con exito, esperando conexion...
[INFO] 13:03:57:489 Servidor/(5479:5479): Inicializacion del servidor con exito, esperando conexion...
[INFO] 13:04:11:578 Servidor/(5542:5542): Inicializacion del servidor con exito, esperando conexion...
[INFO] 13:04:26:571 Servidor/(5605:5605): Inicializacion del servidor con exito, esperando conexion...
[INFO] 13:05:13:541 Servidor/(5686:5686): Inicializacion del servidor con exito, esperando conexion...
[INFO] 13:06:59:854 Servidor/(5875:5875): Inicializacion del servidor con exito, esperando conexion...
[INFO] 13:10:11:820 Servidor/(6419:6419): Inicializacion del servidor con exito, esperando conexion...
[INFO] 14:08:42:598 Servidor/(4133:4133): Inicializacion del servidor con exito, esperando conexion...
[INFO] 14:08:56:188 Servidor/(4154:4154): Inicializacion del servidor con exito, esperando conexion...
[INFO] 14:08:58:201 Servidor/(4170:4170): Inicializacion del servidor con exito, esperando conexion...
[INFO] 14:09:22:900 Servidor/(4245:4245): Inicializacion del servidor con exito, esperando conexion...
[INFO] 14:09:57:517 Servidor/(4339:4339): Inicializacion del servidor con exito, esperando conexion...
[INFO] 14:12:26:711 Servidor/(4694:4694): Inicializacion del servidor con exito, esperando conexion...
[INFO] 14:19:50:309 Servidor/(5282:5282): Inicializacion del servidor con exito, esperando conexion...
[INFO] 14:28:14:139 Servidor/(6202:6202): Inicializacion del servidor con exito, esperando conexion...
[INFO] 14:29:09:733 Servidor/(6202:6202): Solicitud de memoria entrante
[INFO] 14:29:09:751 Servidor/(6202:6202): Solicitud de memoria entrante
[INFO] 14:29:09:795 Servidor/(6202:6202): Solicitud de memoria entrante
[INFO] 14:29:09:829 Servidor/(6202:6202): Solicitud de memoria entrante
[INFO] 14:30:55:326 Servidor/(6454:6454): Inicializacion del servidor con exito, esperando conexion...
[INFO] 14:30:58:132 Servidor/(6454:6454): Solicitud de memoria entrante
[INFO] 14:30:58:147 Servidor/(6454:6454): Solicitud de memoria entrante
[INFO] 14:30:58:196 Servidor/(6454:6454): Solicitud de memoria entrante
[INFO] 14:30:58:220 Servidor/(6454:6454): Solicitud de memoria entrante
[INFO] 14:33:56:641 Servidor/(6734:6734): Inicializacion del servidor con exito, esperando conexion...
[INFO] 14:34:00:642 Servidor/(6734:6734): Solicitud de memoria entrante
[INFO] 14:34:00:660 Servidor/(6734:6734): Solicitud de memoria entrante
[INFO] 14:34:00:744 Servidor/(6734:6734): Solicitud de memoria entrante
[INFO] 14:34:00:774 Servidor/(6734:6734): Solicitud de memoria entrante
[INFO] 14:41:13:244 Servidor/(7003:7003): Inicializacion del servidor con exito, esperando conexion...
[INFO] 14:41:17:836 Servidor/(7003:7003): Solicitud de memoria entrante
[INFO] 14:41:17:852 Servidor/(7003:7003): Solicitud de memoria entrante
[INFO] 14:41:17:889 Servidor/(7003:7003): Solicitud de memoria entrante
[INFO] 14:41:17:923 Servidor/(7003:7003): Solicitud de memoria entrante
[INFO] 14:42:25:091 Servidor/(7240:7240): Inicializacion del servidor con exito, esperando conexion...
[INFO] 14:42:30:871 Servidor/(7290:7290): Inicializacion del servidor con exito, esperando conexion...
[INFO] 14:42:33:656 Servidor/(7290:7290): Solicitud de memoria entrante
[INFO] 14:42:33:672 Servidor/(7290:7290): Solicitud de memoria entrante
[INFO] 14:42:33:714 Servidor/(7290:7290): Solicitud de memoria entrante
[INFO] 14:42:33:743 Servidor/(7290:7290): Solicitud de memoria entrante
[INFO] 14:43:10:381 Servidor/(7433:7433): Inicializacion del servidor con exito, esperando conexion...
[INFO] 14:43:27:997 Servidor/(7544:7544): Inicializacion del servidor con exito, esperando conexion...
[INFO] 14:43:52:422 Servidor/(7664:7664): Inicializacion del servidor con exito, esperando conexion...
[INFO] 14:43:53:839 Servidor/(7664:7664): Solicitud de memoria entrante
[INFO] 14:43:53:854 Servidor/(7664:7664): Solicitud de memoria entrante
[INFO] 14:43:53:894 Servidor/(7664:7664): Solicitud de memoria entrante
[INFO] 14:43:53:928 Servidor/(7664:7664): Solicitud de memoria entrante
[INFO] 14:43:58:388 Servidor/(7664:7664): Solicitud de memoria entrante
[INFO] 14:43:58:400 Servidor/(7664:7664): Solicitud de memoria entrante
[INFO] 14:43:58:412 Servidor/(7664:7664): Solicitud de memoria entrante
[INFO] 14:43:58:436 Servidor/(7664:7664): Solicitud de memoria entrante
[INFO] 14:44:01:215 Servidor/(7664:7664): Solicitud de memoria entrante
[INFO] 14:44:01:227 Servidor/(7664:7664): Solicitud de memoria entrante
[INFO] 14:44:01:239 Servidor/(7664:7664): Solicitud de memoria entrante
[INFO] 14:44:01:264 Servidor/(7664:7664): Solicitud de memoria entrante
[INFO] 14:44:02:429 Servidor/(7664:7664): Solicitud de memoria entrante
[INFO] 14:44:02:440 Servidor/(7664:7664): Solicitud de memoria entrante
[INFO] 14:44:02:452 Servidor/(7664:7664): Solicitud de memoria entrante
[INFO] 14:44:02:482 Servidor/(7664:7664): Solicitud de memoria entrante
[INFO] 14:44:03:381 Servidor/(7664:7664): Solicitud de memoria entrante
[INFO] 14:44:03:392 Servidor/(7664:7664): Solicitud de memoria entrante
[INFO] 14:44:03:404 Servidor/(7664:7664): Solicitud de memoria entrante
[INFO] 14:44:03:434 Servidor/(7664:7664): Solicitud de memoria entrante
[INFO] 14:44:04:321 Servidor/(7664:7664): Solicitud de memoria entrante
[INFO] 14:44:04:333 Servidor/(7664:7664): Solicitud de memoria entrante
[INFO] 14:44:04:344 Servidor/(7664:7664): Solicitud de memoria entrante
[INFO] 14:44:04:370 Servidor/(7664:7664): Solicitud de memoria entrante
[INFO] 14:44:05:196 Servidor/(7664:7664): Solicitud de memoria entrante
[INFO] 14:44:05:208 Servidor/(7664:7664): Solicitud de memoria entrante
[INFO] 14:44:05:219 Servidor/(7664:7664): Solicitud de memoria entrante
[INFO] 14:44:05:250 Servidor/(7664:7664): Solicitud de memoria entrante
[INFO] 14:44:06:209 Servidor/(7664:7664): Solicitud de memoria entrante
[INFO] 14:44:06:221 Servidor/(7664:7664): Solicitud de memoria entrante
[INFO] 14:44:06:231 Servidor/(7664:7664): Solicitud de memoria entrante
[INFO] 14:44:06:263 Servidor/(7664:7664): Solicitud de memoria entrante
[INFO] 14:44:07:104 Servidor/(7664:7664): Solicitud de memoria entrante
[INFO] 14:44:07:115 Servidor/(7664:7664): Solicitud de memoria entrante
[INFO] 14:44:07:129 Servidor/(7664:7664): Solicitud de memoria entrante
[INFO] 14:44:07:150 Servidor/(7664:7664): Solicitud de memoria entrante
[INFO] 14:44:07:937 Servidor/(7664:7664): Solicitud de memoria entrante
[INFO] 14:44:07:948 Servidor/(7664:7664): Solicitud de memoria entrante
[INFO] 14:44:07:958 Servidor/(7664:7664): Solicitud de memoria entrante
[INFO] 14:44:07:983 Servidor/(7664:7664): Solicitud de memoria entrante
[INFO] 14:44:10:164 Servidor/(7664:7664): Solicitud de memoria entrante
[INFO] 14:44:10:176 Servidor/(7664:7664): Solicitud de memoria entrante
[INFO] 14:44:10:188 Servidor/(7664:7664): Solicitud de memoria entrante
[INFO] 14:44:10:218 Servidor/(7664:7664): Solicitud de memoria entrante
[INFO] 14:44:10:583 Servidor/(7664:7664): Solicitud de memoria entrante
[INFO] 14:44:10:603 Servidor/(7664:7664): Solicitud de memoria entrante
[INFO] 14:44:10:608 Servidor/(7664:7664): Solicitud de memoria entrante
[INFO] 14:44:10:633 Servidor/(7664:7664): Solicitud de memoria entrante
[INFO] 14:44:10:999 Servidor/(7664:7664): Solicitud de memoria entrante
[INFO] 14:44:11:011 Servidor/(7664:7664): Solicitud de memoria entrante
[INFO] 14:44:11:022 Servidor/(7664:7664): Solicitud de memoria entrante
[INFO] 14:44:11:047 Servidor/(7664:7664): Solicitud de memoria entrante
[INFO] 14:44:11:402 Servidor/(7664:7664): Solicitud de memoria entrante
[INFO] 14:44:11:414 Servidor/(7664:7664): Solicitud de memoria entrante
[INFO] 14:44:11:426 Servidor/(7664:7664): Solicitud de memoria entrante
[INFO] 14:44:11:452 Servidor/(7664:7664): Solicitud de memoria entrante
[INFO] 14:44:11:825 Servidor/(7664:7664): Solicitud de memoria entrante
[INFO] 14:44:11:836 Servidor/(7664:7664): Solicitud de memoria entrante
[INFO] 14:44:11:847 Servidor/(7664:7664): Solicitud de memoria entrante
[INFO] 14:44:11:872 Servidor/(7664:7664): Solicitud de memoria entrante
[INFO] 14:44:12:240 Servidor/(7664:7664): Solicitud de memoria entrante
[INFO] 14:44:12:251 Servidor/(7664:7664): Solicitud de memoria entrante
[INFO] 14:44:12:263 Servidor/(7664:7664): Solicitud de memoria entrante
[INFO] 14:44:12:287 Servidor/(7664:7664): Solicitud de memoria entrante
[INFO] 14:44:12:674 Servidor/(7664:7664): Solicitud de memoria entrante
[INFO] 14:44:12:695 Servidor/(7664:7664): Solicitud de memoria entrante
[INFO] 14:44:12:702 Servidor/(7664:7664): Solicitud de memoria entrante
[INFO] 14:44:12:729 Servidor/(7664:7664): Solicitud de memoria entrante
[INFO] 14:44:13:084 Servidor/(7664:7664): Solicitud de memoria entrante
[INFO] 14:44:13:097 Servidor/(7664:7664): Solicitud de memoria entrante
[INFO] 14:44:13:108 Servidor/(7664:7664): Solicitud de memoria entrante
[INFO] 14:44:13:135 Servidor/(7664:7664): Solicitud de memoria entrante
[INFO] 14:44:13:488 Servidor/(7664:7664): Solicitud de memoria entrante
[INFO] 14:44:13:500 Servidor/(7664:7664): Solicitud de memoria entrante
[INFO] 14:44:13:511 Servidor/(7664:7664): Solicitud de memoria entrante
[INFO] 14:44:13:535 Servidor/(7664:7664): Solicitud de memoria entrante
[INFO] 14:47:15:629 Servidor/(7972:7972): Inicializacion del servidor con exito, esperando conexion...
[INFO] 14:47:20:013 Servidor/(7972:7972): Solicitud de memoria entrante
[INFO] 14:47:20:030 Servidor/(7972:7972): Solicitud de memoria entrante
[INFO] 14:54:42:965 Servidor/(8492:8492): Inicializacion del servidor con exito, esperando conexion...
[INFO] 14:55:14:952 Servidor/(8492:8492): Solicitud de memoria entrante
[INFO] 14:55:14:968 Servidor/(8492:8492): Solicitud de memoria entrante
[INFO] 14:55:15:012 Servidor/(8492:8492): Solicitud de memoria entrante
[INFO] 14:55:15:062 Servidor/(8492:8492): Solicitud de memoria entrante
[INFO] 17:34:39:97 Servidor/(4244:4244): Inicializacion del servidor con exito, esperando conexion...
[INFO] 17:36:13:318 Servidor/(4316:4316): Inicializacion del servidor con exito, esperando conexion...
[INFO] 17:37:00:496 Servidor/(4316:4316): Solicitud de memoria entrante
[INFO] 17:39:57:759 Servidor/(4623:4623): Inicializacion del servidor con exito, esperando conexion...
[INFO] 17:40:15:899 Servidor/(4623:4623): Solicitud de memoria entrante
[INFO] 17:40:40:102 Servidor/(4623:4623): Solicitud de memoria entrante
[INFO] 17:41:07:935 Servidor/(4623:4623): Solicitud de memoria entrante
[INFO] 17:41:16:521 Servidor/(4623:4623): Solicitud de memoria entrante
[INFO] 17:44:19:425 Servidor/(4623:4623): Solicitud de memoria entrante
[INFO] 17:44:50:854 Servidor/(5137:5137): Inicializacion del servidor con exito, esperando conexion...
[INFO] 17:46:57:971 Servidor/(5271:5271): Inicializacion del servidor con exito, esperando conexion...
[INFO] 17:47:09:945 Servidor/(5271:5271): Solicitud de memoria entrante
[INFO] 17:47:24:615 Servidor/(5271:5271): Solicitud de memoria entrante
[INFO] 17:47:24:643 Servidor/(5271:5271): Solicitud de memoria entrante
[INFO] 17:47:24:652 Servidor/(5271:5271): Solicitud de memoria entrante
[INFO] 17:48:13:883 Servidor/(5271:5271): Solicitud de memoria entrante
[INFO] 17:48:13:892 Servidor/(5271:5271): Solicitud de memoria entrante
[INFO] 17:50:56:669 Servidor/(5471:5471): Inicializacion del servidor con exito, esperando conexion...
[INFO] 17:51:08:312 Servidor/(5471:5471): Solicitud de memoria entrante
[INFO] 17:51:24:244 Servidor/(5471:5471): Solicitud de memoria entrante
[INFO] 17:51:24:273 Servidor/(5471:5471): Solicitud de memoria entrante
[INFO] 17:51:24:284 Servidor/(5471:5471): Solicitud de memoria entrante
[INFO] 17:51:26:689 Servidor/(5471:5471): Solicitud de memoria entrante
[INFO] 17:51:26:698 Servidor/(5471:5471): Solicitud de memoria entrante
[INFO] 17:51:27:994 Servidor/(5471:5471): Solicitud de memoria entrante
[INFO] 17:51:28:5 Servidor/(5471:5471): Solicitud de memoria entrante
[INFO] 17:51:28:9 Servidor/(5471:5471): Solicitud de memoria entrante
[INFO] 18:38:16:961 Servidor/(8010:8010): Inicializacion del servidor con exito, esperando conexion...
[INFO] 18:40:13:998 Servidor/(8010:8010): Solicitud de memoria entrante
[INFO] 18:40:27:547 Servidor/(8010:8010): Solicitud de memoria entrante
[INFO] 18:40:27:586 Servidor/(8010:8010): Solicitud de memoria entrante
[INFO] 18:40:27:595 Servidor/(8010:8010): Solicitud de memoria entrante
[INFO] 18:41:45:969 Servidor/(8421:8421): Inicializacion del servidor con exito, esperando conexion...
[INFO] 18:43:56:128 Servidor/(8778:8778): Inicializacion del servidor con exito, esperando conexion...
[INFO] 18:44:01:481 Servidor/(8778:8778): Solicitud de memoria entrante
[INFO] 18:44:05:674 Servidor/(8778:8778): Solicitud de memoria entrante
[INFO] 18:44:05:717 Servidor/(8778:8778): Solicitud de memoria entrante
[INFO] 18:44:05:721 Servidor/(8778:8778): Solicitud de memoria entrante
[INFO] 18:44:57:788 Servidor/(8939:8939): Inicializacion del servidor con exito, esperando conexion...
[INFO] 18:45:37:857 Servidor/(9067:9067): Inicializacion del servidor con exito, esperando conexion...
[INFO] 18:45:42:916 Servidor/(9067:9067): Solicitud de memoria entrante
[INFO] 18:45:57:557 Servidor/(9067:9067): Solicitud de memoria entrante
[INFO] 18:45:57:601 Servidor/(9067:9067): Solicitud de memoria entrante
[INFO] 18:45:57:606 Servidor/(9067:9067): Solicitud de memoria entrante
[INFO] 18:46:01:341 Servidor/(9067:9067): Solicitud de memoria entrante
[INFO] 20:32:11:774 Servidor/(12081:12081): Inicializacion del servidor con exito, esperando conexion...
[INFO] 20:32:24:898 Servidor/(12081:12081): Solicitud de memoria entrante
[INFO] 20:32:53:108 Servidor/(12081:12081): Solicitud de memoria entrante
[INFO] 20:32:53:108 Servidor/(12081:12081): Solicitud de memoria entrante
[INFO] 20:33:13:154 Servidor/(12081:12081): Solicitud de memoria entrante
[INFO] 20:33:13:155 Servidor/(12081:12081): Solicitud de memoria entrante
[INFO] 20:33:25:822 Servidor/(12081:12081): Solicitud de memoria entrante
[INFO] 20:33:25:823 Servidor/(12081:12081): Solicitud de memoria entrante
[INFO] 20:33:50:941 Servidor/(12081:12081): Solicitud de memoria entrante
[INFO] 20:34:01:112 Servidor/(12081:12081): Solicitud de memoria entrante
[INFO] 20:35:19:767 Servidor/(12320:12320): Inicializacion del servidor con exito, esperando conexion...
[INFO] 20:35:26:148 Servidor/(12320:12320): Solicitud de memoria entrante
[INFO] 20:35:30:566 Servidor/(12320:12320): Solicitud de memoria entrante
[INFO] 20:35:30:568 Servidor/(12320:12320): Solicitud de memoria entrante
[INFO] 20:35:31:757 Servidor/(12320:12320): Solicitud de memoria entrante
[INFO] 20:35:31:758 Servidor/(12320:12320): Solicitud de memoria entrante
[INFO] 20:35:32:926 Servidor/(12320:12320): Solicitud de memoria entrante
[INFO] 20:35:32:927 Servidor/(12320:12320): Solicitud de memoria entrante
[INFO] 20:35:37:572 Servidor/(12320:12320): Solicitud de memoria entrante
[INFO] 20:35:38:158 Servidor/(12320:12320): Solicitud de memoria entrante
[INFO] 20:40:55:23 Servidor/(12599:12599): Inicializacion del servidor con exito, esperando conexion...
[INFO] 20:41:02:574 Servidor/(12599:12599): Solicitud de memoria entrante
[INFO] 20:41:12:764 Servidor/(12599:12599): Solicitud de memoria entrante
[INFO] 20:41:12:765 Servidor/(12599:12599): Solicitud de memoria entrante
[INFO] 20:41:20:717 Servidor/(12599:12599): Solicitud de memoria entrante
[INFO] 20:41:20:718 Servidor/(12599:12599): Solicitud de memoria entrante
[INFO] 20:41:23:611 Servidor/(12599:12599): Solicitud de memoria entrante
[INFO] 20:41:23:612 Servidor/(12599:12599): Solicitud de memoria entrante
[INFO] 20:41:36:468 Servidor/(12599:12599): Solicitud de memoria entrante
[INFO] 20:41:38:250 Servidor/(12599:12599): Solicitud de memoria entrante
[INFO] 20:43:18:886 Servidor/(12844:12844): Inicializacion del servidor con exito, esperando conexion...
[INFO] 20:43:31:651 Servidor/(12844:12844): Solicitud de memoria entrante
[INFO] 20:43:35:191 Servidor/(12844:12844): Solicitud de memoria entrante
[INFO] 20:43:35:193 Servidor/(12844:12844): Solicitud de memoria entrante
[INFO] 20:43:38:747 Servidor/(12844:12844): Solicitud de memoria entrante
[INFO] 20:43:38:748 Servidor/(12844:12844): Solicitud de memoria entrante
[INFO] 20:43:39:193 Servidor/(12844:12844): Solicitud de memoria entrante
[INFO] 20:45:36:255 Servidor/(12844:12844): Solicitud de memoria entrante
[INFO] 20:56:36:60 Servidor/(14139:14139): Inicializacion del servidor con exito, esperando conexion...
[INFO] 20:57:16:39 Servidor/(14139:14139): Solicitud de memoria entrante
[INFO] 20:57:26:316 Servidor/(14139:14139): Solicitud de memoria entrante
[INFO] 20:57:26:317 Servidor/(14139:14139): Solicitud de memoria entrante
[INFO] 20:57:48:929 Servidor/(14139:14139): Solicitud de memoria entrante
[INFO] 20:57:48:931 Servidor/(14139:14139): Solicitud de memoria entrante
[INFO] 20:57:50:654 Servidor/(14139:14139): Solicitud de memoria entrante
[INFO] 20:58:02:874 Servidor/(14139:14139): Solicitud de memoria entrante
[INFO] 20:58:40:171 Servidor/(14348:14348): Inicializacion del servidor con exito, esperando conexion...
[INFO] 20:58:46:384 Servidor/(14348:14348): Solicitud de memoria entrante
[INFO] 20:58:57:832 Servidor/(14348:14348): Solicitud de memoria entrante
[INFO] 20:58:57:834 Servidor/(14348:14348): Solicitud de memoria entrante
[INFO] 20:58:59:497 Servidor/(14348:14348): Solicitud de memoria entrante
[INFO] 20:58:59:498 Servidor/(14348:14348): Solicitud de memoria entrante
[INFO] 21:00:36:540 Servidor/(14348:14348): Solicitud de memoria entrante
[INFO] 21:02:58:832 Servidor/(14348:14348): Solicitud de memoria entrante
[INFO] 21:06:35:186 Servidor/(14568:14568): Inicializacion del servidor con exito, esperando conexion...
[INFO] 21:06:41:3 Servidor/(14568:14568): Solicitud de memoria entrante
[INFO] 21:06:42:234 Servidor/(14568:14568): Solicitud de memoria entrante
[INFO] 21:06:42:237 Servidor/(14568:14568): Solicitud de memoria entrante
[INFO] 21:06:42:238 Servidor/(14568:14568): Solicitud de memoria entrante
[INFO] 21:06:42:240 Servidor/(14568:14568): Solicitud de memoria entrante
[INFO] 21:06:42:241 Servidor/(14568:14568): Solicitud de memoria entrante
[INFO] 21:07:09:773 Servidor/(14568:14568): Solicitud de memoria entrante
[INFO] 21:11:00:786 Servidor/(15726:15726): Inicializacion del servidor con exito, esperando conexion...
[INFO] 21:11:09:718 Servidor/(15726:15726): Solicitud de memoria entrante
[INFO] 21:11:09:719 Servidor/(15726:15726): Solicitud de memoria entrante
[INFO] 21:11:23:240 Servidor/(15726:15726): Solicitud de memoria entrante
[INFO] 21:11:26:919 Servidor/(15726:15726): Solicitud de memoria entrante
[INFO] 21:11:29:932 Servidor/(15726:15726): Solicitud de memoria entrante
[INFO] 21:11:33:163 Servidor/(15726:15726): Solicitud de memoria entrante
[INFO] 21:11:56:237 Servidor/(15726:15726): Solicitud de memoria entrante
[INFO] 21:13:21:630 Servidor/(15888:15888): Inicializacion del servidor con exito, esperando conexion...
[INFO] 21:13:41:740 Servidor/(16035:16035): Inicializacion del servidor con exito, esperando conexion...
[INFO] 21:14:08:343 Servidor/(16147:16147): Inicializacion del servidor con exito, esperando conexion...
[INFO] 21:14:16:519 Servidor/(16147:16147): Solicitud de memoria entrante
[INFO] 21:14:21:922 Servidor/(16147:16147): Solicitud de memoria entrante
[INFO] 21:14:21:923 Servidor/(16147:16147): Solicitud de memoria entrante
[INFO] 21:14:24:479 Servidor/(16147:16147): Solicitud de memoria entrante
[INFO] 21:14:24:481 Servidor/(16147:16147): Solicitud de memoria entrante
[INFO] 21:14:27:183 Servidor/(16147:16147): Solicitud de memoria entrante
[INFO] 21:14:31:589 Servidor/(16147:16147): Solicitud de memoria entrante
[INFO] 21:16:06:618 Servidor/(16147:16147): Solicitud de memoria entrante
[INFO] 21:16:17:122 Servidor/(16147:16147): Solicitud de memoria entrante
[INFO] 21:19:23:407 Servidor/(16382:16382): Inicializacion del servidor con exito, esperando conexion...
[INFO] 21:19:32:701 Servidor/(16382:16382): Solicitud de memoria entrante
[INFO] 21:19:36:236 Servidor/(16382:16382): Solicitud de memoria entrante
[INFO] 21:19:36:238 Servidor/(16382:16382): Solicitud de memoria entrante
[INFO] 21:19:42:598 Servidor/(16382:16382): Solicitud de memoria entrante
[INFO] 21:19:42:600 Servidor/(16382:16382): Solicitud de memoria entrante
[INFO] 21:21:26:631 Servidor/(16382:16382): Solicitud de memoria entrante
[INFO] 21:21:54:486 Servidor/(16382:16382): Solicitud de memoria entrante
[INFO] 21:25:39:853 Servidor/(16382:16382): Solicitud de memoria entrante
[INFO] 21:25:59:687 Servidor/(16382:16382): Solicitud de memoria entrante
[INFO] 21:27:27:199 Servidor/(16663:16663): Inicializacion del servidor con exito, esperando conexion...
[INFO] 21:27:36:609 Servidor/(16663:16663): Solicitud de memoria entrante
[INFO] 21:27:42:33 Servidor/(16663:16663): Solicitud de memoria entrante
[INFO] 21:27:42:34 Servidor/(16663:16663): Solicitud de memoria entrante
[INFO] 21:27:46:569 Servidor/(16663:16663): Solicitud de memoria entrante
[INFO] 21:27:46:571 Servidor/(16663:16663): Solicitud de memoria entrante
[INFO] 21:27:46:573 Servidor/(16663:16663): Solicitud de memoria entrante
[INFO] 21:27:52:952 Servidor/(16663:16663): Solicitud de memoria entrante
[INFO] 21:28:26:552 Servidor/(16663:16663): Solicitud de memoria entrante
[INFO] 21:28:27:772 Servidor/(16663:16663): Solicitud de memoria entrante
[INFO] 21:32:51:141 Servidor/(17193:17193): Inicializacion del servidor con exito, esperando conexion...
[INFO] 21:32:59:998 Servidor/(17259:17259): Inicializacion del servidor con exito, esperando conexion...
[INFO] 21:33:12:115 Servidor/(17259:17259): Solicitud de memoria entrante
[INFO] 21:33:14:959 Servidor/(17259:17259): Solicitud de memoria entrante
[INFO] 21:33:14:961 Servidor/(17259:17259): Solicitud de memoria entrante
[INFO] 21:33:16:46 Servidor/(17259:17259): Solicitud de memoria entrante
[INFO] 21:33:16:47 Servidor/(17259:17259): Solicitud de memoria entrante
[INFO] 21:33:19:316 Servidor/(17259:17259): Solicitud de memoria entrante
[INFO] 21:33:19:317 Servidor/(17259:17259): Solicitud de memoria entrante
[INFO] 21:33:27:562 Servidor/(17259:17259): Solicitud de memoria entrante
[INFO] 21:33:31:591 Servidor/(17259:17259): Solicitud de memoria entrante
[INFO] 22:38:56:651 Servidor/(17259:17259): Solicitud de memoria entrante
[INFO] 22:39:06:117 Servidor/(17259:17259): Solicitud de memoria entrante
[INFO] 22:39:06:118 Servidor/(17259:17259): Solicitud de memoria entrante
[INFO] 22:39:48:540 Servidor/(17259:17259): Solicitud de memoria entrante
[INFO] 22:39:48:542 Servidor/(17259:17259): Solicitud de memoria entrante
[INFO] 22:39:59:381 Servidor/(17259:17259): Solicitud de memoria entrante
[INFO] 22:39:59:383 Servidor/(17259:17259): Solicitud de memoria entrante
[INFO] 22:40:35:355 Servidor/(17259:17259): Solicitud de memoria entrante
[INFO] 22:40:35:593 Servidor/(17259:17259): Solicitud de memoria entrante
[INFO] 22:41:12:304 Servidor/(17259:17259): Solicitud de memoria entrante
[INFO] 15:11:52:158 Servidor/(4096:4096): Inicializacion del servidor con exito, esperando conexion...
[INFO] 15:12:34:886 Servidor/(4282:4282): Inicializacion del servidor con exito, esperando conexion...
[INFO] 15:14:52:418 Servidor/(4850:4850): Inicializacion del servidor con exito, esperando conexion...
[INFO] 15:15:08:704 Servidor/(4850:4850): Solicitud de memoria entrante
[INFO] 15:15:08:708 Servidor/(4850:4850): Solicitud de memoria entrante
[INFO] 15:15:08:710 Servidor/(4850:4850): Solicitud de memoria entrante
[INFO] 15:17:16:904 Servidor/(4850:4850): Solicitud de memoria entrante
[INFO] 15:37:20:589 Servidor/(6191:6191): Inicializacion del servidor con exito, esperando conexion...
[INFO] 15:37:23:887 Servidor/(6191:6191): Solicitud de memoria entrante
[INFO] 15:37:23:905 Servidor/(6191:6191): Solicitud de memoria entrante
[INFO] 15:37:23:946 Servidor/(6191:6191): Solicitud de memoria entrante
[INFO] 15:37:23:987 Servidor/(6191:6191): Solicitud de memoria entrante
[INFO] 15:37:23:991 Servidor/(6191:6191): Solicitud de memoria entrante
[INFO] 15:37:23:995 Servidor/(6191:6191): Solicitud de memoria entrante
[INFO] 15:39:53:904 Servidor/(6342:6342): Inicializacion del servidor con exito, esperando conexion...
[INFO] 15:39:55:790 Servidor/(6342:6342): Solicitud de memoria entrante
[INFO] 15:39:55:795 Servidor/(6342:6342): Solicitud de memoria entrante
[INFO] 15:41:09:246 Servidor/(6342:6342): Solicitud de memoria entrante
[INFO] 15:41:48:687 Servidor/(6342:6342): Solicitud de memoria entrante
[INFO] 15:47:06:028 Servidor/(6634:6634): Inicializacion del servidor con exito, esperando conexion...
[INFO] 15:47:11:495 Servidor/(6686:6686): Inicializacion del servidor con exito, esperando conexion...
[INFO] 15:47:14:701 Servidor/(6686:6686): Solicitud de memoria entrante
[INFO] 15:47:14:716 Servidor/(6686:6686): Solicitud de memoria entrante
[INFO] 15:47:14:756 Servidor/(6686:6686): Solicitud de memoria entrante
[INFO] 15:47:14:791 Servidor/(6686:6686): Solicitud de memoria entrante
[INFO] 15:47:14:795 Servidor/(6686:6686): Solicitud de memoria entrante
[INFO] 15:47:14:800 Servidor/(6686:6686): Solicitud de memoria entrante
[INFO] 15:48:32:826 Servidor/(6797:6797): Inicializacion del servidor con exito, esperando conexion...
[INFO] 15:48:34:871 Servidor/(6686:6686): Solicitud de memoria entrante
[INFO] 15:48:34:879 Servidor/(6686:6686): Solicitud de memoria entrante
[INFO] 15:48:34:887 Servidor/(6686:6686): Solicitud de memoria entrante
[INFO] 15:48:34:903 Servidor/(6686:6686): Solicitud de memoria entrante
[INFO] 15:48:34:909 Servidor/(6686:6686): Solicitud de memoria entrante
[INFO] 15:48:34:915 Servidor/(6686:6686): Solicitud de memoria entrante
[INFO] 15:48:43:172 Servidor/(6686:6686): Solicitud de memoria entrante
[INFO] 15:48:43:180 Servidor/(6686:6686): Solicitud de memoria entrante
[INFO] 15:48:43:189 Servidor/(6686:6686): Solicitud de memoria entrante
[INFO] 15:48:43:204 Servidor/(6686:6686): Solicitud de memoria entrante
[INFO] 15:48:43:209 Servidor/(6686:6686): Solicitud de memoria entrante
[INFO] 15:48:43:215 Servidor/(6686:6686): Solicitud de memoria entrante
[INFO] 15:48:50:395 Servidor/(6904:6904): Inicializacion del servidor con exito, esperando conexion...
[INFO] 15:48:52:405 Servidor/(6686:6686): Solicitud de memoria entrante
[INFO] 15:48:52:413 Servidor/(6686:6686): Solicitud de memoria entrante
[INFO] 15:48:52:420 Servidor/(6686:6686): Solicitud de memoria entrante
[INFO] 15:48:52:435 Servidor/(6686:6686): Solicitud de memoria entrante
[INFO] 15:48:52:440 Servidor/(6686:6686): Solicitud de memoria entrante
[INFO] 15:48:52:446 Servidor/(6686:6686): Solicitud de memoria entrante
[INFO] 15:48:55:207 Servidor/(6686:6686): Solicitud de memoria entrante
[INFO] 15:48:55:215 Servidor/(6686:6686): Solicitud de memoria entrante
[INFO] 15:48:55:223 Servidor/(6686:6686): Solicitud de memoria entrante
[INFO] 15:48:55:238 Servidor/(6686:6686): Solicitud de memoria entrante
[INFO] 15:48:55:243 Servidor/(6686:6686): Solicitud de memoria entrante
[INFO] 15:48:55:248 Servidor/(6686:6686): Solicitud de memoria entrante
[INFO] 15:48:56:059 Servidor/(6686:6686): Solicitud de memoria entrante
[INFO] 15:48:56:067 Servidor/(6686:6686): Solicitud de memoria entrante
[INFO] 15:48:56:073 Servidor/(6686:6686): Solicitud de memoria entrante
[INFO] 15:48:56:090 Servidor/(6686:6686): Solicitud de memoria entrante
[INFO] 15:48:56:095 Servidor/(6686:6686): Solicitud de memoria entrante
[INFO] 15:48:56:100 Servidor/(6686:6686): Solicitud de memoria entrante
[INFO] 15:48:59:122 Servidor/(6686:6686): Solicitud de memoria entrante
[INFO] 15:48:59:130 Servidor/(6686:6686): Solicitud de memoria entrante
[INFO] 15:48:59:137 Servidor/(6686:6686): Solicitud de memoria entrante
[INFO] 15:48:59:153 Servidor/(6686:6686): Solicitud de memoria entrante
[INFO] 15:48:59:158 Servidor/(6686:6686): Solicitud de memoria entrante
[INFO] 15:48:59:161 Servidor/(6686:6686): Solicitud de memoria entrante
[INFO] 15:48:59:895 Servidor/(6686:6686): Solicitud de memoria entrante
[INFO] 15:48:59:904 Servidor/(6686:6686): Solicitud de memoria entrante
[INFO] 15:48:59:912 Servidor/(6686:6686): Solicitud de memoria entrante
[INFO] 15:48:59:927 Servidor/(6686:6686): Solicitud de memoria entrante
[INFO] 15:48:59:932 Servidor/(6686:6686): Solicitud de memoria entrante
[INFO] 15:48:59:937 Servidor/(6686:6686): Solicitud de memoria entrante
[INFO] 15:49:00:553 Servidor/(6686:6686): Solicitud de memoria entrante
[INFO] 15:49:00:561 Servidor/(6686:6686): Solicitud de memoria entrante
[INFO] 15:49:00:568 Servidor/(6686:6686): Solicitud de memoria entrante
[INFO] 15:49:00:601 Servidor/(6686:6686): Solicitud de memoria entrante
[INFO] 15:49:00:606 Servidor/(6686:6686): Solicitud de memoria entrante
[INFO] 15:49:00:611 Servidor/(6686:6686): Solicitud de memoria entrante
[INFO] 15:49:28:394 Servidor/(7118:7118): Inicializacion del servidor con exito, esperando conexion...
[INFO] 15:49:39:648 Servidor/(7207:7207): Inicializacion del servidor con exito, esperando conexion...
[INFO] 15:49:53:885 Servidor/(7310:7310): Inicializacion del servidor con exito, esperando conexion...
[INFO] 15:50:25:536 Servidor/(7399:7399): Inicializacion del servidor con exito, esperando conexion...
[INFO] 15:50:27:764 Servidor/(7399:7399): Solicitud de memoria entrante
[INFO] 15:50:27:779 Servidor/(7399:7399): Solicitud de memoria entrante
[INFO] 15:50:27:819 Servidor/(7399:7399): Solicitud de memoria entrante
[INFO] 15:50:27:847 Servidor/(7399:7399): Solicitud de memoria entrante
[INFO] 15:50:27:856 Servidor/(7399:7399): Solicitud de memoria entrante
[INFO] 15:50:27:860 Servidor/(7399:7399): Solicitud de memoria entrante
[INFO] 15:50:34:855 Servidor/(7482:7482): Inicializacion del servidor con exito, esperando conexion...
[INFO] 15:50:48:850 Servidor/(7549:7549): Inicializacion del servidor con exito, esperando conexion...
[INFO] 15:51:02:627 Servidor/(7664:7664): Inicializacion del servidor con exito, esperando conexion...
[INFO] 15:52:55:261 Servidor/(8020:8020): Inicializacion del servidor con exito, esperando conexion...
[INFO] 15:52:58:959 Servidor/(8020:8020): Solicitud de memoria entrante
[INFO] 15:52:58:963 Servidor/(8020:8020): Solicitud de memoria entrante
[INFO] 15:53:57:404 Servidor/(8020:8020): Solicitud de memoria entrante
[INFO] 15:54:18:489 Servidor/(8020:8020): Solicitud de memoria entrante
[INFO] 15:56:34:670 Servidor/(8336:8336): Inicializacion del servidor con exito, esperando conexion...
[INFO] 15:56:36:387 Servidor/(8336:8336): Solicitud de memoria entrante
[INFO] 15:56:36:392 Servidor/(8336:8336): Solicitud de memoria entrante
[INFO] 15:56:40:110 Servidor/(8336:8336): Solicitud de memoria entrante
[INFO] 15:56:41:767 Servidor/(8336:8336): Solicitud de memoria entrante
[INFO] 16:00:00:678 Servidor/(8484:8484): Inicializacion del servidor con exito, esperando conexion...
[INFO] 16:00:02:243 Servidor/(8484:8484): Solicitud de memoria entrante
[INFO] 16:00:02:259 Servidor/(8484:8484): Solicitud de memoria entrante
[INFO] 16:00:02:301 Servidor/(8484:8484): Solicitud de memoria entrante
[INFO] 16:00:02:331 Servidor/(8484:8484): Solicitud de memoria entrante
[INFO] 16:00:02:343 Servidor/(8484:8484): Solicitud de memoria entrante
[INFO] 16:00:02:348 Servidor/(8484:8484): Solicitud de memoria entrante
[INFO] 16:01:06:179 Servidor/(8603:8603): Inicializacion del servidor con exito, esperando conexion...
[INFO] 16:01:07:978 Servidor/(8603:8603): Solicitud de memoria entrante
[INFO] 16:01:08:011 Servidor/(8603:8603): Solicitud de memoria entrante
[INFO] 16:01:08:071 Servidor/(8603:8603): Solicitud de memoria entrante
[INFO] 16:01:08:115 Servidor/(8603:8603): Solicitud de memoria entrante
[INFO] 16:01:08:120 Servidor/(8603:8603): Solicitud de memoria entrante
[INFO] 16:01:08:126 Servidor/(8603:8603): Solicitud de memoria entrante
[INFO] 16:02:20:116 Servidor/(8710:8710): Inicializacion del servidor con exito, esperando conexion...
[INFO] 16:02:22:154 Servidor/(8710:8710): Solicitud de memoria entrante
[INFO] 16:02:22:170 Servidor/(8710:8710): Solicitud de memoria entrante
[INFO] 16:02:22:218 Servidor/(8710:8710): Solicitud de memoria entrante
[INFO] 16:02:22:261 Servidor/(8710:8710): Solicitud de memoria entrante
[INFO] 16:02:22:267 Servidor/(8710:8710): Solicitud de memoria entrante
[INFO] 16:02:22:274 Servidor/(8710:8710): Solicitud de memoria entrante
[INFO] 16:02:22:280 Servidor/(8710:8710): Solicitud de memoria entrante
[INFO] 16:02:22:289 Servidor/(8710:8710): Solicitud de memoria entrante
[INFO] 16:09:59:751 Servidor/(8903:8903): Inicializacion del servidor con exito, esperando conexion...
[INFO] 16:10:02:111 Servidor/(8903:8903): Solicitud de memoria entrante
[INFO] 16:10:02:128 Servidor/(8903:8903): Solicitud de memoria entrante
[INFO] 16:10:02:170 Servidor/(8903:8903): Solicitud de memoria entrante
[INFO] 16:10:02:217 Servidor/(8903:8903): Solicitud de memoria entrante
[INFO] 16:10:02:223 Servidor/(8903:8903): Solicitud de memoria entrante
[INFO] 16:10:02:228 Servidor/(8903:8903): Solicitud de memoria entrante
[INFO] 16:10:02:235 Servidor/(8903:8903): Solicitud de memoria entrante
[INFO] 16:10:02:243 Servidor/(8903:8903): Solicitud de memoria entrante
[INFO] 16:14:55:223 Servidor/(9124:9124): Inicializacion del servidor con exito, esperando conexion...
[INFO] 16:14:56:953 Servidor/(9124:9124): Solicitud de memoria entrante
[INFO] 16:14:56:969 Servidor/(9124:9124): Solicitud de memoria entrante
[INFO] 16:14:57:015 Servidor/(9124:9124): Solicitud de memoria entrante
[INFO] 16:14:57:045 Servidor/(9124:9124): Solicitud de memoria entrante
[INFO] 16:14:57:058 Servidor/(9124:9124): Solicitud de memoria entrante
[INFO] 16:14:57:073 Servidor/(9124:9124): Solicitud de memoria entrante
[INFO] 16:14:57:089 Servidor/(9124:9124): Solicitud de memoria entrante
[INFO] 16:14:57:096 Servidor/(9124:9124): Solicitud de memoria entrante
[INFO] 16:16:29:983 Servidor/(9225:9225): Inicializacion del servidor con exito, esperando conexion...
[INFO] 16:19:50:645 Servidor/(9373:9373): Inicializacion del servidor con exito, esperando conexion...
[INFO] 16:19:54:064 Servidor/(9373:9373): Solicitud de memoria entrante
[INFO] 16:19:54:077 Servidor/(9373:9373): Solicitud de memoria entrante
[INFO] 16:19:54:114 Servidor/(9373:9373): Solicitud de memoria entrante
[INFO] 16:19:54:147 Servidor/(9373:9373): Solicitud de memoria entrante
[INFO] 16:19:54:159 Servidor/(9373:9373): Solicitud de memoria entrante
[INFO] 16:19:54:164 Servidor/(9373:9373): Solicitud de memoria entrante
[INFO] 16:19:54:179 Servidor/(9373:9373): Solicitud de memoria entrante
[INFO] 16:19:54:186 Servidor/(9373:9373): Solicitud de memoria entrante
[INFO] 16:23:55:811 Servidor/(9550:9550): Inicializacion del servidor con exito, esperando conexion...
[INFO] 16:24:19:040 Servidor/(9601:9601): Inicializacion del servidor con exito, esperando conexion...
[INFO] 16:24:32:558 Servidor/(9644:9644): Inicializacion del servidor con exito, esperando conexion...
[INFO] 16:24:34:213 Servidor/(9644:9644): Solicitud de memoria entrante
[INFO] 16:24:34:226 Servidor/(9644:9644): Solicitud de memoria entrante
[INFO] 16:24:34:271 Servidor/(9644:9644): Solicitud de memoria entrante
[INFO] 16:24:34:306 Servidor/(9644:9644): Solicitud de memoria entrante
[INFO] 16:24:34:311 Servidor/(9644:9644): Solicitud de memoria entrante
[INFO] 16:24:34:318 Servidor/(9644:9644): Solicitud de memoria entrante
[INFO] 16:24:34:342 Servidor/(9644:9644): Solicitud de memoria entrante
[INFO] 16:24:34:355 Servidor/(9644:9644): Solicitud de memoria entrante
[INFO] 16:26:50:381 Servidor/(9757:9757): Inicializacion del servidor con exito, esperando conexion...
[INFO] 16:26:52:473 Servidor/(9757:9757): Solicitud de memoria entrante
[INFO] 16:26:52:491 Servidor/(9757:9757): Solicitud de memoria entrante
[INFO] 16:26:52:527 Servidor/(9757:9757): Solicitud de memoria entrante
[INFO] 16:26:52:559 Servidor/(9757:9757): Solicitud de memoria entrante
[INFO] 16:26:52:569 Servidor/(9757:9757): Solicitud de memoria entrante
[INFO] 16:26:52:577 Servidor/(9757:9757): Solicitud de memoria entrante
[INFO] 16:26:52:582 Servidor/(9757:9757): Solicitud de memoria entrante
[INFO] 16:26:52:588 Servidor/(9757:9757): Solicitud de memoria entrante
[INFO] 16:27:27:753 Servidor/(9831:9831): Inicializacion del servidor con exito, esperando conexion...
[INFO] 16:27:58:258 Servidor/(9918:9918): Inicializacion del servidor con exito, esperando conexion...
[INFO] 16:28:01:000 Servidor/(9918:9918): Solicitud de memoria entrante
[INFO] 16:28:01:017 Servidor/(9918:9918): Solicitud de memoria entrante
[INFO] 16:28:01:061 Servidor/(9918:9918): Solicitud de memoria entrante
[INFO] 16:28:01:091 Servidor/(9918:9918): Solicitud de memoria entrante
[INFO] 16:28:01:105 Servidor/(9918:9918): Solicitud de memoria entrante
[INFO] 16:28:01:109 Servidor/(9918:9918): Solicitud de memoria entrante
[INFO] 16:28:01:123 Servidor/(9918:9918): Solicitud de memoria entrante
[INFO] 16:28:01:127 Servidor/(9918:9918): Solicitud de memoria entrante
[INFO] 16:31:16:495 Servidor/(10111:10111): Inicializacion del servidor con exito, esperando conexion...
[INFO] 16:31:18:752 Servidor/(10111:10111): Solicitud de memoria entrante
[INFO] 16:31:18:771 Servidor/(10111:10111): Solicitud de memoria entrante
[INFO] 16:31:18:854 Servidor/(10111:10111): Solicitud de memoria entrante
[INFO] 16:31:18:892 Servidor/(10111:10111): Solicitud de memoria entrante
[INFO] 16:31:18:906 Servidor/(10111:10111): Solicitud de memoria entrante
[INFO] 16:31:18:921 Servidor/(10111:10111): Solicitud de memoria entrante
[INFO] 16:31:18:931 Servidor/(10111:10111): Solicitud de memoria entrante
[INFO] 16:31:18:937 Servidor/(10111:10111): Solicitud de memoria entrante
[INFO] 16:31:34:870 Servidor/(10186:10186): Inicializacion del servidor con exito, esperando conexion...
[INFO] 16:32:14:810 Servidor/(10264:10264): Inicializacion del servidor con exito, esperando conexion...
[INFO] 16:32:37:651 Servidor/(10478:10478): Inicializacion del servidor con exito, esperando conexion...
[INFO] 16:32:41:006 Servidor/(10478:10478): Solicitud de memoria entrante
[INFO] 16:32:41:025 Servidor/(10478:10478): Solicitud de memoria entrante
[INFO] 16:32:41:061 Servidor/(10478:10478): Solicitud de memoria entrante
[INFO] 16:32:41:091 Servidor/(10478:10478): Solicitud de memoria entrante
[INFO] 16:32:41:098 Servidor/(10478:10478): Solicitud de memoria entrante
[INFO] 16:32:41:104 Servidor/(10478:10478): Solicitud de memoria entrante
[INFO] 16:32:41:110 Servidor/(10478:10478): Solicitud de memoria entrante
[INFO] 16:32:41:120 Servidor/(10478:10478): Solicitud de memoria entrante
[INFO] 17:36:48:198 Servidor/(3577:3577): Inicializacion del servidor con exito, esperando conexion...
[INFO] 17:36:53:914 Servidor/(3577:3577): Solicitud de memoria entrante
[INFO] 17:36:53:944 Servidor/(3577:3577): Solicitud de memoria entrante
[INFO] 17:36:53:993 Servidor/(3577:3577): Solicitud de memoria entrante
[INFO] 17:36:54:047 Servidor/(3577:3577): Solicitud de memoria entrante
[INFO] 17:36:54:054 Servidor/(3577:3577): Solicitud de memoria entrante
[INFO] 17:36:54:062 Servidor/(3577:3577): Solicitud de memoria entrante
[INFO] 17:45:28:706 Servidor/(3871:3871): Inicializacion del servidor con exito, esperando conexion...
[INFO] 17:45:46:854 Servidor/(3871:3871): Solicitud de memoria entrante
[INFO] 17:45:46:884 Servidor/(3871:3871): Solicitud de memoria entrante
[INFO] 17:45:46:953 Servidor/(3871:3871): Solicitud de memoria entrante
[INFO] 17:45:47:002 Servidor/(3871:3871): Solicitud de memoria entrante
[INFO] 17:45:47:014 Servidor/(3871:3871): Solicitud de memoria entrante
[INFO] 17:45:47:023 Servidor/(3871:3871): Solicitud de memoria entrante
[INFO] 17:47:31:637 Servidor/(4117:4117): Inicializacion del servidor con exito, esperando conexion...
[INFO] 17:47:36:685 Servidor/(4117:4117): Solicitud de memoria entrante
[INFO] 17:47:36:715 Servidor/(4117:4117): Solicitud de memoria entrante
[INFO] 17:47:36:769 Servidor/(4117:4117): Solicitud de memoria entrante
[INFO] 17:47:36:820 Servidor/(4117:4117): Solicitud de memoria entrante
[INFO] 17:47:36:835 Servidor/(4117:4117): Solicitud de memoria entrante
[INFO] 17:47:36:846 Servidor/(4117:4117): Solicitud de memoria entrante
[INFO] 17:50:00:190 Servidor/(4263:4263): Inicializacion del servidor con exito, esperando conexion...
[INFO] 17:50:02:696 Servidor/(4263:4263): Solicitud de memoria entrante
[INFO] 17:50:02:723 Servidor/(4263:4263): Solicitud de memoria entrante
[INFO] 17:50:02:788 Servidor/(4263:4263): Solicitud de memoria entrante
[INFO] 17:50:02:855 Servidor/(4263:4263): Solicitud de memoria entrante
[INFO] 17:50:02:876 Servidor/(4263:4263): Solicitud de memoria entrante
[INFO] 17:50:02:881 Servidor/(4263:4263): Solicitud de memoria entrante
[INFO] 17:56:18:797 Servidor/(4659:4659): Inicializacion del servidor con exito, esperando conexion...
[INFO] 17:56:34:087 Servidor/(4659:4659): Solicitud de memoria entrante
[INFO] 17:56:34:107 Servidor/(4659:4659): Solicitud de memoria entrante
[INFO] 17:59:22:106 Servidor/(4911:4911): Inicializacion del servidor con exito, esperando conexion...
[INFO] 17:59:27:330 Servidor/(4911:4911): Solicitud de memoria entrante
[INFO] 17:59:27:356 Servidor/(4911:4911): Solicitud de memoria entrante
[INFO] 18:00:17:236 Servidor/(5005:5005): Inicializacion del servidor con exito, esperando conexion...
[INFO] 18:00:33:732 Servidor/(5066:5066): Inicializacion del servidor con exito, esperando conexion...
[INFO] 18:00:35:601 Servidor/(5066:5066): Solicitud de memoria entrante
[INFO] 18:00:35:627 Servidor/(5066:5066): Solicitud de memoria entrante
[INFO] 18:00:35:689 Servidor/(5066:5066): Solicitud de memoria entrante
[INFO] 18:00:35:733 Servidor/(5066:5066): Solicitud de memoria entrante
[INFO] 18:00:35:747 Servidor/(5066:5066): Solicitud de memoria entrante
[INFO] 18:00:35:758 Servidor/(5066:5066): Solicitud de memoria entrante
[INFO] 18:03:45:096 Servidor/(5360:5360): Inicializacion del servidor con exito, esperando conexion...
[INFO] 18:03:50:527 Servidor/(5360:5360): Solicitud de memoria entrante
[INFO] 18:03:50:555 Servidor/(5360:5360): Solicitud de memoria entrante
[INFO] 18:03:50:600 Servidor/(5360:5360): Solicitud de memoria entrante
[INFO] 18:03:50:654 Servidor/(5360:5360): Solicitud de memoria entrante
[INFO] 18:03:50:672 Servidor/(5360:5360): Solicitud de memoria entrante
[INFO] 18:03:50:681 Servidor/(5360:5360): Solicitud de memoria entrante
[INFO] 18:03:50:699 Servidor/(5360:5360): Solicitud de memoria entrante
[INFO] 18:03:50:710 Servidor/(5360:5360): Solicitud de memoria entrante
[INFO] 15:41:36:974 Servidor/(6541:6541): Inicializacion del servidor con exito, esperando conexion...
[INFO] 15:41:54:800 Servidor/(6541:6541): Solicitud de memoria entrante
[INFO] 15:41:54:816 Servidor/(6541:6541): Solicitud de memoria entrante
[INFO] 15:43:07:279 Servidor/(6868:6868): Inicializacion del servidor con exito, esperando conexion...
[INFO] 15:43:09:814 Servidor/(6868:6868): Solicitud de memoria entrante
[INFO] 15:43:09:832 Servidor/(6868:6868): Solicitud de memoria entrante
[INFO] 15:44:00:449 Servidor/(7018:7018): Inicializacion del servidor con exito, esperando conexion...
[INFO] 15:45:12:010 Servidor/(7132:7132): Inicializacion del servidor con exito, esperando conexion...
[INFO] 15:45:20:174 Servidor/(7132:7132): Solicitud de memoria entrante
[INFO] 15:45:20:179 Servidor/(7132:7132): Solicitud de memoria entrante
[INFO] 18:32:46:212 Servidor/(5174:5174): Inicializacion del servidor con exito, esperando conexion...
[INFO] 18:33:57:860 Servidor/(5174:5174): Solicitud de memoria entrante
[INFO] 18:34:09:415 Servidor/(5174:5174): Solicitud de memoria entrante
[INFO] 18:34:41:656 Servidor/(5415:5415): Inicializacion del servidor con exito, esperando conexion...
[INFO] 18:35:05:987 Servidor/(5620:5620): Inicializacion del servidor con exito, esperando conexion...
[INFO] 18:35:44:255 Servidor/(5770:5770): Inicializacion del servidor con exito, esperando conexion...
[INFO] 18:35:53:798 Servidor/(5770:5770): Solicitud de memoria entrante
[INFO] 18:36:02:172 Servidor/(5770:5770): Solicitud de memoria entrante
[INFO] 13:00:23:423 Servidor/(4244:4244): Inicializacion del servidor con exito, esperando conexion...
[INFO] 13:00:46:750 Servidor/(4244:4244): Solicitud de memoria entrante
[INFO] 13:00:46:770 Servidor/(4244:4244): Solicitud de memoria entrante
[INFO] 13:01:19:177 Servidor/(4649:4649): Inicializacion del servidor con exito, esperando conexion...
[INFO] 13:01:47:046 Servidor/(4806:4806): Inicializacion del servidor con exito, esperando conexion...
[INFO] 13:02:27:081 Servidor/(5139:5139): Inicializacion del servidor con exito, esperando conexion...
[INFO] 13:02:30:182 Servidor/(5139:5139): Solicitud de memoria entrante
[INFO] 13:02:30:187 Servidor/(5139:5139): Solicitud de memoria entrante
[INFO] 13:02:51:478 Servidor/(5250:5250): Inicializacion del servidor con exito, esperando conexion...
[INFO] 13:04:53:438 Servidor/(5451:5451): Inicializacion del servidor con exito, esperando conexion...
[INFO] 13:05:00:799 Servidor/(5451:5451): Solicitud de memoria entrante
[INFO] 13:05:00:804 Servidor/(5451:5451): Solicitud de memoria entrante
[INFO] 13:06:45:252 Servidor/(5704:5704): Inicializacion del servidor con exito, esperando conexion...
[INFO] 13:09:15:495 Servidor/(5758:5758): Inicializacion del servidor con exito, esperando conexion...
[INFO] 13:09:21:651 Servidor/(5758:5758): Solicitud de memoria entrante
[INFO] 13:09:21:666 Servidor/(5758:5758): Solicitud de memoria entrante
[INFO] 13:09:21:709 Servidor/(5758:5758): Solicitud de memoria entrante
[INFO] 13:09:21:748 Servidor/(5758:5758): Solicitud de memoria entrante
[INFO] 13:09:21:753 Servidor/(5758:5758): Solicitud de memoria entrante
[INFO] 13:09:21:757 Servidor/(5758:5758): Solicitud de memoria entrante
[INFO] 13:51:11:131 Servidor/(7182:7182): Inicializacion del servidor con exito, esperando conexion...
[INFO] 13:52:10:477 Servidor/(7182:7182): Solicitud de memoria entrante
[INFO] 13:52:10:497 Servidor/(7182:7182): Solicitud de memoria entrante
[INFO] 13:52:10:548 Servidor/(7182:7182): Solicitud de memoria entrante
[INFO] 13:52:10:589 Servidor/(7182:7182): Solicitud de memoria entrante
[INFO] 13:52:10:601 Servidor/(7182:7182): Solicitud de memoria entrante
[INFO] 13:52:10:611 Servidor/(7182:7182): Solicitud de memoria entrante
[INFO] 13:53:06:575 Servidor/(7445:7445): Inicializacion del servidor con exito, esperando conexion...
[INFO] 13:54:03:797 Servidor/(7688:7688): Inicializacion del servidor con exito, esperando conexion...
[INFO] 13:54:05:642 Servidor/(7688:7688): Solicitud de memoria entrante
[INFO] 13:54:05:656 Servidor/(7688:7688): Solicitud de memoria entrante
[INFO] 13:54:05:699 Servidor/(7688:7688): Solicitud de memoria entrante
[INFO] 13:54:05:731 Servidor/(7688:7688): Solicitud de memoria entrante
[INFO] 13:54:05:738 Servidor/(7688:7688): Solicitud de memoria entrante
[INFO] 13:54:05:742 Servidor/(7688:7688): Solicitud de memoria entrante
[INFO] 13:58:09:529 Servidor/(7837:7837): Inicializacion del servidor con exito, esperando conexion...
[INFO] 13:58:12:106 Servidor/(7837:7837): Solicitud de memoria entrante
[INFO] 13:58:12:111 Servidor/(7837:7837): Solicitud de memoria entrante
[INFO] 13:59:48:653 Servidor/(7837:7837): Solicitud de memoria entrante
[INFO] 14:01:24:937 Servidor/(7837:7837): Solicitud de memoria entrante
[INFO] 14:01:25:640 Servidor/(7837:7837): Solicitud de memoria entrante
[INFO] 14:01:26:045 Servidor/(7837:7837): Solicitud de memoria entrante
[INFO] 14:01:46:217 Servidor/(8012:8012): Inicializacion del servidor con exito, esperando conexion...
[INFO] 14:01:51:893 Servidor/(8012:8012): Solicitud de memoria entrante
[INFO] 14:01:51:908 Servidor/(8012:8012): Solicitud de memoria entrante
[INFO] 14:01:51:950 Servidor/(8012:8012): Solicitud de memoria entrante
[INFO] 14:01:51:977 Servidor/(8012:8012): Solicitud de memoria entrante
[INFO] 14:01:51:983 Servidor/(8012:8012): Solicitud de memoria entrante
[INFO] 14:01:51:998 Servidor/(8012:8012): Solicitud de memoria entrante
[INFO] 14:03:48:880 Servidor/(8103:8103): Inicializacion del servidor con exito, esperando conexion...
[INFO] 14:03:50:423 Servidor/(8103:8103): Solicitud de memoria entrante
[INFO] 14:03:50:439 Servidor/(8103:8103): Solicitud de memoria entrante
[INFO] 14:03:50:473 Servidor/(8103:8103): Solicitud de memoria entrante
[INFO] 14:03:50:506 Servidor/(8103:8103): Solicitud de memoria entrante
[INFO] 14:03:50:519 Servidor/(8103:8103): Solicitud de memoria entrante
[INFO] 14:03:50:524 Servidor/(8103:8103): Solicitud de memoria entrante
[INFO] 14:05:14:264 Servidor/(8191:8191): Inicializacion del servidor con exito, esperando conexion...
[INFO] 14:05:15:733 Servidor/(8191:8191): Solicitud de memoria entrante
[INFO] 14:05:15:748 Servidor/(8191:8191): Solicitud de memoria entrante
[INFO] 14:05:15:784 Servidor/(8191:8191): Solicitud de memoria entrante
[INFO] 14:05:15:813 Servidor/(8191:8191): Solicitud de memoria entrante
[INFO] 14:05:15:822 Servidor/(8191:8191): Solicitud de memoria entrante
[INFO] 14:05:15:829 Servidor/(8191:8191): Solicitud de memoria entrante
[INFO] 14:05:33:714 Servidor/(8263:8263): Inicializacion del servidor con exito, esperando conexion...
[INFO] 14:06:08:645 Servidor/(8445:8445): Inicializacion del servidor con exito, esperando conexion...
[INFO] 14:09:43:156 Servidor/(8612:8612): Inicializacion del servidor con exito, esperando conexion...
[INFO] 14:09:44:706 Servidor/(8612:8612): Solicitud de memoria entrante
[INFO] 14:09:44:722 Servidor/(8612:8612): Solicitud de memoria entrante
[INFO] 14:09:44:758 Servidor/(8612:8612): Solicitud de memoria entrante
[INFO] 14:09:44:789 Servidor/(8612:8612): Solicitud de memoria entrante
[INFO] 14:09:44:799 Servidor/(8612:8612): Solicitud de memoria entrante
[INFO] 14:09:44:806 Servidor/(8612:8612): Solicitud de memoria entrante
[INFO] 14:10:11:294 Servidor/(8695:8695): Inicializacion del servidor con exito, esperando conexion...
[INFO] 14:10:58:319 Servidor/(8888:8888): Inicializacion del servidor con exito, esperando conexion...
[INFO] 14:11:00:695 Servidor/(8888:8888): Solicitud de memoria entrante
[INFO] 14:11:00:717 Servidor/(8888:8888): Solicitud de memoria entrante
[INFO] 14:11:00:752 Servidor/(8888:8888): Solicitud de memoria entrante
[INFO] 14:11:00:790 Servidor/(8888:8888): Solicitud de memoria entrante
[INFO] 14:11:00:799 Servidor/(8888:8888): Solicitud de memoria entrante
[INFO] 14:11:00:806 Servidor/(8888:8888): Solicitud de memoria entrante
[INFO] 14:16:51:794 Servidor/(9075:9075): Inicializacion del servidor con exito, esperando conexion...
[INFO] 14:16:53:337 Servidor/(9075:9075): Solicitud de memoria entrante
[INFO] 14:16:53:354 Servidor/(9075:9075): Solicitud de memoria entrante
[INFO] 14:16:53:391 Servidor/(9075:9075): Solicitud de memoria entrante
[INFO] 14:16:53:433 Servidor/(9075:9075): Solicitud de memoria entrante
[INFO] 14:16:53:441 Servidor/(9075:9075): Solicitud de memoria entrante
[INFO] 14:16:53:446 Servidor/(9075:9075): Solicitud de memoria entrante
[INFO] 14:18:04:758 Servidor/(9159:9159): Inicializacion del servidor con exito, esperando conexion...
[INFO] 14:18:06:321 Servidor/(9159:9159): Solicitud de memoria entrante
[INFO] 14:18:06:352 Servidor/(9159:9159): Solicitud de memoria entrante
[INFO] 14:18:06:397 Servidor/(9159:9159): Solicitud de memoria entrante
[INFO] 14:18:06:434 Servidor/(9159:9159): Solicitud de memoria entrante
[INFO] 14:18:06:443 Servidor/(9159:9159): Solicitud de memoria entrante
[INFO] 14:18:06:447 Servidor/(9159:9159): Solicitud de memoria entrante
[INFO] 14:19:06:670 Servidor/(9252:9252): Inicializacion del servidor con exito, esperando conexion...
[INFO] 14:19:08:065 Servidor/(9252:9252): Solicitud de memoria entrante
[INFO] 14:19:08:087 Servidor/(9252:9252): Solicitud de memoria entrante
[INFO] 14:19:08:117 Servidor/(9252:9252): Solicitud de memoria entrante
[INFO] 14:19:08:146 Servidor/(9252:9252): Solicitud de memoria entrante
[INFO] 14:19:08:156 Servidor/(9252:9252): Solicitud de memoria entrante
[INFO] 14:19:08:162 Servidor/(9252:9252): Solicitud de memoria entrante
[INFO] 14:19:59:304 Servidor/(9335:9335): Inicializacion del servidor con exito, esperando conexion...
[INFO] 14:21:28:060 Servidor/(9429:9429): Inicializacion del servidor con exito, esperando conexion...
[INFO] 14:21:29:377 Servidor/(9429:9429): Solicitud de memoria entrante
[INFO] 14:21:29:396 Servidor/(9429:9429): Solicitud de memoria entrante
[INFO] 14:21:29:437 Servidor/(9429:9429): Solicitud de memoria entrante
[INFO] 14:21:29:470 Servidor/(9429:9429): Solicitud de memoria entrante
[INFO] 14:21:29:480 Servidor/(9429:9429): Solicitud de memoria entrante
[INFO] 14:21:29:485 Servidor/(9429:9429): Solicitud de memoria entrante
[INFO] 14:22:11:472 Servidor/(9512:9512): Inicializacion del servidor con exito, esperando conexion...
[INFO] 14:24:23:890 Servidor/(9583:9583): Inicializacion del servidor con exito, esperando conexion...
[INFO] 14:24:25:015 Servidor/(9583:9583): Solicitud de memoria entrante
[INFO] 14:24:25:038 Servidor/(9583:9583): Solicitud de memoria entrante
[INFO] 14:24:25:088 Servidor/(9583:9583): Solicitud de memoria entrante
[INFO] 14:24:25:117 Servidor/(9583:9583): Solicitud de memoria entrante
[INFO] 14:24:25:124 Servidor/(9583:9583): Solicitud de memoria entrante
[INFO] 14:24:25:131 Servidor/(9583:9583): Solicitud de memoria entrante
[INFO] 14:25:59:285 Servidor/(9678:9678): Inicializacion del servidor con exito, esperando conexion...
[INFO] 14:26:00:498 Servidor/(9678:9678): Solicitud de memoria entrante
[INFO] 14:26:00:512 Servidor/(9678:9678): Solicitud de memoria entrante
[INFO] 14:26:00:553 Servidor/(9678:9678): Solicitud de memoria entrante
[INFO] 14:26:00:582 Servidor/(9678:9678): Solicitud de memoria entrante
[INFO] 14:26:00:596 Servidor/(9678:9678): Solicitud de memoria entrante
[INFO] 14:26:00:604 Servidor/(9678:9678): Solicitud de memoria entrante
[INFO] 14:26:34:640 Servidor/(9757:9757): Inicializacion del servidor con exito, esperando conexion...
[INFO] 14:27:04:488 Servidor/(9834:9834): Inicializacion del servidor con exito, esperando conexion...
[INFO] 14:27:05:782 Servidor/(9834:9834): Solicitud de memoria entrante
[INFO] 14:27:05:800 Servidor/(9834:9834): Solicitud de memoria entrante
[INFO] 14:27:05:848 Servidor/(9834:9834): Solicitud de memoria entrante
[INFO] 14:27:05:886 Servidor/(9834:9834): Solicitud de memoria entrante
[INFO] 14:27:05:894 Servidor/(9834:9834): Solicitud de memoria entrante
[INFO] 14:27:05:911 Servidor/(9834:9834): Solicitud de memoria entrante
[INFO] 14:29:35:910 Servidor/(9919:9919): Inicializacion del servidor con exito, esperando conexion...
[INFO] 14:29:37:036 Servidor/(9919:9919): Solicitud de memoria entrante
[INFO] 14:29:37:056 Servidor/(9919:9919): Solicitud de memoria entrante
[INFO] 14:29:37:093 Servidor/(9919:9919): Solicitud de memoria entrante
[INFO] 14:29:37:121 Servidor/(9919:9919): Solicitud de memoria entrante
[INFO] 14:29:37:131 Servidor/(9919:9919): Solicitud de memoria entrante
[INFO] 14:29:37:150 Servidor/(9919:9919): Solicitud de memoria entrante
[INFO] 18:29:20:108 Servidor/(3573:3573): Inicializacion del servidor con exito, esperando conexion...
[INFO] 18:35:21:169 Servidor/(3901:3901): Inicializacion del servidor con exito, esperando conexion...
