[INFO] 15:10:40:999 Deadlock/(7654:7660): Se ejecuta algoritmo de deteccion y recuperacion de deadlock
[INFO] 15:10:40:999 Deadlock/(7654:7660): La cantidad de procesos agarrados para el deadlock que se encuentran bloqueados, reteniendo y esperando son: 0
[INFO] 15:10:40:999 Deadlock/(7654:7660): La cantidad de procesos en posible deadlock son: 0

[INFO] 15:10:40:999 Deadlock/(7654:7660): No puede haber deadlock ya que solo hay 1 o 0 procesos reteniendo y esperando por semaforos

[INFO] 15:11:30:0 Deadlock/(7654:7660): Se ejecuta algoritmo de deteccion y recuperacion de deadlock
[INFO] 15:11:30:0 Deadlock/(7654:7660): La cantidad de procesos agarrados para el deadlock que se encuentran bloqueados, reteniendo y esperando son: 0
[INFO] 15:11:30:0 Deadlock/(7654:7660): La cantidad de procesos agarrados para el deadlock que no se encuentran bloqueados, pero estan reteniendo son: 1
[INFO] 15:11:30:0 Deadlock/(7654:7660): La cantidad de procesos en posible deadlock son: 0

[INFO] 15:11:30:0 Deadlock/(7654:7660): No puede haber deadlock ya que solo hay 1 o 0 procesos reteniendo y esperando por semaforos

[INFO] 15:14:10:894 Deadlock/(8073:8079): Se ejecuta algoritmo de deteccion y recuperacion de deadlock
[INFO] 15:14:10:895 Deadlock/(8073:8079): La cantidad de procesos agarrados para el deadlock que se encuentran bloqueados, reteniendo y esperando son: 0
[INFO] 15:14:10:895 Deadlock/(8073:8079): La cantidad de procesos agarrados para el deadlock que no se encuentran bloqueados, pero estan reteniendo son: 1
[INFO] 15:14:10:895 Deadlock/(8073:8079): La cantidad de procesos en posible deadlock son: 0

[INFO] 15:14:10:895 Deadlock/(8073:8079): No puede haber deadlock ya que solo hay 1 o 0 procesos reteniendo y esperando por semaforos

[INFO] 15:15:00:896 Deadlock/(8073:8079): Se ejecuta algoritmo de deteccion y recuperacion de deadlock
[INFO] 15:15:00:896 Deadlock/(8073:8079): La cantidad de procesos agarrados para el deadlock que se encuentran bloqueados, reteniendo y esperando son: 0
[INFO] 15:15:00:896 Deadlock/(8073:8079): La cantidad de procesos agarrados para el deadlock que no se encuentran bloqueados, pero estan reteniendo son: 1
[INFO] 15:15:00:896 Deadlock/(8073:8079): La cantidad de procesos en posible deadlock son: 0

[INFO] 15:15:00:896 Deadlock/(8073:8079): No puede haber deadlock ya que solo hay 1 o 0 procesos reteniendo y esperando por semaforos

[INFO] 15:15:50:897 Deadlock/(8073:8079): Se ejecuta algoritmo de deteccion y recuperacion de deadlock
[INFO] 15:15:50:897 Deadlock/(8073:8079): La cantidad de procesos agarrados para el deadlock que se encuentran bloqueados, reteniendo y esperando son: 0
[INFO] 15:15:50:897 Deadlock/(8073:8079): La cantidad de procesos agarrados para el deadlock que no se encuentran bloqueados, pero estan reteniendo son: 1
[INFO] 15:15:50:897 Deadlock/(8073:8079): La cantidad de procesos en posible deadlock son: 0

[INFO] 15:15:50:897 Deadlock/(8073:8079): No puede haber deadlock ya que solo hay 1 o 0 procesos reteniendo y esperando por semaforos

[INFO] 15:16:40:898 Deadlock/(8073:8079): Se ejecuta algoritmo de deteccion y recuperacion de deadlock
[INFO] 15:16:40:898 Deadlock/(8073:8079): La cantidad de procesos agarrados para el deadlock que se encuentran bloqueados, reteniendo y esperando son: 0
[INFO] 15:16:40:898 Deadlock/(8073:8079): La cantidad de procesos agarrados para el deadlock que no se encuentran bloqueados, pero estan reteniendo son: 1
[INFO] 15:16:40:898 Deadlock/(8073:8079): La cantidad de procesos en posible deadlock son: 0

[INFO] 15:16:40:898 Deadlock/(8073:8079): No puede haber deadlock ya que solo hay 1 o 0 procesos reteniendo y esperando por semaforos

[INFO] 15:17:30:898 Deadlock/(8073:8079): Se ejecuta algoritmo de deteccion y recuperacion de deadlock
[INFO] 15:17:30:898 Deadlock/(8073:8079): La cantidad de procesos agarrados para el deadlock que se encuentran bloqueados, reteniendo y esperando son: 0
[INFO] 15:17:30:898 Deadlock/(8073:8079): La cantidad de procesos agarrados para el deadlock que no se encuentran bloqueados, pero estan reteniendo son: 1
[INFO] 15:17:30:898 Deadlock/(8073:8079): La cantidad de procesos en posible deadlock son: 0

[INFO] 15:17:30:898 Deadlock/(8073:8079): No puede haber deadlock ya que solo hay 1 o 0 procesos reteniendo y esperando por semaforos

[INFO] 15:18:20:903 Deadlock/(8073:8079): Se ejecuta algoritmo de deteccion y recuperacion de deadlock
[INFO] 15:18:20:903 Deadlock/(8073:8079): La cantidad de procesos agarrados para el deadlock que se encuentran bloqueados, reteniendo y esperando son: 0
[INFO] 15:18:20:903 Deadlock/(8073:8079): La cantidad de procesos agarrados para el deadlock que no se encuentran bloqueados, pero estan reteniendo son: 1
[INFO] 15:18:20:903 Deadlock/(8073:8079): La cantidad de procesos en posible deadlock son: 0

[INFO] 15:18:20:903 Deadlock/(8073:8079): No puede haber deadlock ya que solo hay 1 o 0 procesos reteniendo y esperando por semaforos

[INFO] 15:19:10:904 Deadlock/(8073:8079): Se ejecuta algoritmo de deteccion y recuperacion de deadlock
[INFO] 15:19:10:904 Deadlock/(8073:8079): La cantidad de procesos agarrados para el deadlock que se encuentran bloqueados, reteniendo y esperando son: 0
[INFO] 15:19:10:904 Deadlock/(8073:8079): La cantidad de procesos agarrados para el deadlock que no se encuentran bloqueados, pero estan reteniendo son: 1
[INFO] 15:19:10:904 Deadlock/(8073:8079): La cantidad de procesos en posible deadlock son: 0

[INFO] 15:19:10:904 Deadlock/(8073:8079): No puede haber deadlock ya que solo hay 1 o 0 procesos reteniendo y esperando por semaforos

[INFO] 15:20:00:904 Deadlock/(8073:8079): Se ejecuta algoritmo de deteccion y recuperacion de deadlock
[INFO] 15:20:00:904 Deadlock/(8073:8079): La cantidad de procesos agarrados para el deadlock que se encuentran bloqueados, reteniendo y esperando son: 0
[INFO] 15:20:00:904 Deadlock/(8073:8079): La cantidad de procesos agarrados para el deadlock que no se encuentran bloqueados, pero estan reteniendo son: 1
[INFO] 15:20:00:904 Deadlock/(8073:8079): La cantidad de procesos en posible deadlock son: 0

[INFO] 15:20:00:904 Deadlock/(8073:8079): No puede haber deadlock ya que solo hay 1 o 0 procesos reteniendo y esperando por semaforos

[INFO] 15:20:50:906 Deadlock/(8073:8079): Se ejecuta algoritmo de deteccion y recuperacion de deadlock
[INFO] 15:20:50:907 Deadlock/(8073:8079): La cantidad de procesos agarrados para el deadlock que se encuentran bloqueados, reteniendo y esperando son: 0
[INFO] 15:20:50:907 Deadlock/(8073:8079): La cantidad de procesos agarrados para el deadlock que no se encuentran bloqueados, pero estan reteniendo son: 1
[INFO] 15:20:50:907 Deadlock/(8073:8079): La cantidad de procesos en posible deadlock son: 0

[INFO] 15:20:50:907 Deadlock/(8073:8079): No puede haber deadlock ya que solo hay 1 o 0 procesos reteniendo y esperando por semaforos

[INFO] 15:22:00:613 Deadlock/(8488:8494): Se ejecuta algoritmo de deteccion y recuperacion de deadlock
[INFO] 15:22:00:613 Deadlock/(8488:8494): La cantidad de procesos agarrados para el deadlock que se encuentran bloqueados, reteniendo y esperando son: 0
[INFO] 15:22:00:614 Deadlock/(8488:8494): La cantidad de procesos agarrados para el deadlock que no se encuentran bloqueados, pero estan reteniendo son: 1
[INFO] 15:22:00:614 Deadlock/(8488:8494): La cantidad de procesos en posible deadlock son: 0

[INFO] 15:22:00:614 Deadlock/(8488:8494): No puede haber deadlock ya que solo hay 1 o 0 procesos reteniendo y esperando por semaforos

[INFO] 15:22:50:614 Deadlock/(8488:8494): Se ejecuta algoritmo de deteccion y recuperacion de deadlock
[INFO] 15:22:50:615 Deadlock/(8488:8494): La cantidad de procesos agarrados para el deadlock que se encuentran bloqueados, reteniendo y esperando son: 0
[INFO] 15:22:50:615 Deadlock/(8488:8494): La cantidad de procesos agarrados para el deadlock que no se encuentran bloqueados, pero estan reteniendo son: 1
[INFO] 15:22:50:615 Deadlock/(8488:8494): La cantidad de procesos en posible deadlock son: 0

[INFO] 15:22:50:615 Deadlock/(8488:8494): No puede haber deadlock ya que solo hay 1 o 0 procesos reteniendo y esperando por semaforos

[INFO] 15:23:40:616 Deadlock/(8488:8494): Se ejecuta algoritmo de deteccion y recuperacion de deadlock
[INFO] 15:23:40:616 Deadlock/(8488:8494): La cantidad de procesos agarrados para el deadlock que se encuentran bloqueados, reteniendo y esperando son: 0
[INFO] 15:23:40:616 Deadlock/(8488:8494): La cantidad de procesos agarrados para el deadlock que no se encuentran bloqueados, pero estan reteniendo son: 1
[INFO] 15:23:40:616 Deadlock/(8488:8494): La cantidad de procesos en posible deadlock son: 0

[INFO] 15:23:40:616 Deadlock/(8488:8494): No puede haber deadlock ya que solo hay 1 o 0 procesos reteniendo y esperando por semaforos

[INFO] 15:24:30:658 Deadlock/(8488:8494): Se ejecuta algoritmo de deteccion y recuperacion de deadlock
[INFO] 15:24:30:658 Deadlock/(8488:8494): La cantidad de procesos agarrados para el deadlock que se encuentran bloqueados, reteniendo y esperando son: 0
[INFO] 15:24:30:658 Deadlock/(8488:8494): La cantidad de procesos agarrados para el deadlock que no se encuentran bloqueados, pero estan reteniendo son: 1
[INFO] 15:24:30:658 Deadlock/(8488:8494): La cantidad de procesos en posible deadlock son: 0

[INFO] 15:24:30:658 Deadlock/(8488:8494): No puede haber deadlock ya que solo hay 1 o 0 procesos reteniendo y esperando por semaforos

[INFO] 15:25:20:662 Deadlock/(8488:8494): Se ejecuta algoritmo de deteccion y recuperacion de deadlock
[INFO] 15:25:20:662 Deadlock/(8488:8494): La cantidad de procesos agarrados para el deadlock que se encuentran bloqueados, reteniendo y esperando son: 0
[INFO] 15:25:20:662 Deadlock/(8488:8494): La cantidad de procesos agarrados para el deadlock que no se encuentran bloqueados, pero estan reteniendo son: 1
[INFO] 15:25:20:663 Deadlock/(8488:8494): La cantidad de procesos en posible deadlock son: 0

[INFO] 15:25:20:663 Deadlock/(8488:8494): No puede haber deadlock ya que solo hay 1 o 0 procesos reteniendo y esperando por semaforos

[INFO] 15:27:11:582 Deadlock/(9166:9172): Se ejecuta algoritmo de deteccion y recuperacion de deadlock
[INFO] 15:27:11:583 Deadlock/(9166:9172): La cantidad de procesos agarrados para el deadlock que se encuentran bloqueados, reteniendo y esperando son: 0
[INFO] 15:27:11:583 Deadlock/(9166:9172): La cantidad de procesos agarrados para el deadlock que no se encuentran bloqueados, pero estan reteniendo son: 1
[INFO] 15:27:11:583 Deadlock/(9166:9172): La cantidad de procesos en posible deadlock son: 0

[INFO] 15:27:11:584 Deadlock/(9166:9172): No puede haber deadlock ya que solo hay 1 o 0 procesos reteniendo y esperando por semaforos

[INFO] 15:30:15:191 Deadlock/(9718:9724): Se ejecuta algoritmo de deteccion y recuperacion de deadlock
[INFO] 15:30:15:191 Deadlock/(9718:9724): La cantidad de procesos agarrados para el deadlock que se encuentran bloqueados, reteniendo y esperando son: 0
[INFO] 15:30:15:191 Deadlock/(9718:9724): La cantidad de procesos agarrados para el deadlock que no se encuentran bloqueados, pero estan reteniendo son: 1
[INFO] 15:30:15:191 Deadlock/(9718:9724): La cantidad de procesos en posible deadlock son: 0

[INFO] 15:30:15:191 Deadlock/(9718:9724): No puede haber deadlock ya que solo hay 1 o 0 procesos reteniendo y esperando por semaforos

[INFO] 15:31:05:192 Deadlock/(9718:9724): Se ejecuta algoritmo de deteccion y recuperacion de deadlock
[INFO] 15:31:05:192 Deadlock/(9718:9724): La cantidad de procesos agarrados para el deadlock que se encuentran bloqueados, reteniendo y esperando son: 0
[INFO] 15:31:05:192 Deadlock/(9718:9724): La cantidad de procesos agarrados para el deadlock que no se encuentran bloqueados, pero estan reteniendo son: 1
[INFO] 15:31:05:192 Deadlock/(9718:9724): La cantidad de procesos en posible deadlock son: 0

[INFO] 15:31:05:192 Deadlock/(9718:9724): No puede haber deadlock ya que solo hay 1 o 0 procesos reteniendo y esperando por semaforos

[INFO] 15:31:55:195 Deadlock/(9718:9724): Se ejecuta algoritmo de deteccion y recuperacion de deadlock
[INFO] 15:31:55:195 Deadlock/(9718:9724): La cantidad de procesos agarrados para el deadlock que se encuentran bloqueados, reteniendo y esperando son: 0
[INFO] 15:31:55:195 Deadlock/(9718:9724): La cantidad de procesos agarrados para el deadlock que no se encuentran bloqueados, pero estan reteniendo son: 1
[INFO] 15:31:55:195 Deadlock/(9718:9724): La cantidad de procesos en posible deadlock son: 0

[INFO] 15:31:55:195 Deadlock/(9718:9724): No puede haber deadlock ya que solo hay 1 o 0 procesos reteniendo y esperando por semaforos

[INFO] 15:32:45:196 Deadlock/(9718:9724): Se ejecuta algoritmo de deteccion y recuperacion de deadlock
[INFO] 15:32:45:196 Deadlock/(9718:9724): La cantidad de procesos agarrados para el deadlock que se encuentran bloqueados, reteniendo y esperando son: 0
[INFO] 15:32:45:196 Deadlock/(9718:9724): La cantidad de procesos agarrados para el deadlock que no se encuentran bloqueados, pero estan reteniendo son: 1
[INFO] 15:32:45:196 Deadlock/(9718:9724): La cantidad de procesos en posible deadlock son: 0

[INFO] 15:32:45:196 Deadlock/(9718:9724): No puede haber deadlock ya que solo hay 1 o 0 procesos reteniendo y esperando por semaforos

[INFO] 15:33:35:196 Deadlock/(9718:9724): Se ejecuta algoritmo de deteccion y recuperacion de deadlock
[INFO] 15:33:35:197 Deadlock/(9718:9724): La cantidad de procesos agarrados para el deadlock que se encuentran bloqueados, reteniendo y esperando son: 0
[INFO] 15:33:35:197 Deadlock/(9718:9724): La cantidad de procesos agarrados para el deadlock que no se encuentran bloqueados, pero estan reteniendo son: 1
[INFO] 15:33:35:197 Deadlock/(9718:9724): La cantidad de procesos en posible deadlock son: 0

[INFO] 15:33:35:197 Deadlock/(9718:9724): No puede haber deadlock ya que solo hay 1 o 0 procesos reteniendo y esperando por semaforos

[INFO] 15:34:25:197 Deadlock/(9718:9724): Se ejecuta algoritmo de deteccion y recuperacion de deadlock
[INFO] 15:34:25:197 Deadlock/(9718:9724): La cantidad de procesos agarrados para el deadlock que se encuentran bloqueados, reteniendo y esperando son: 0
[INFO] 15:34:25:197 Deadlock/(9718:9724): La cantidad de procesos agarrados para el deadlock que no se encuentran bloqueados, pero estan reteniendo son: 1
[INFO] 15:34:25:197 Deadlock/(9718:9724): La cantidad de procesos en posible deadlock son: 0

[INFO] 15:34:25:197 Deadlock/(9718:9724): No puede haber deadlock ya que solo hay 1 o 0 procesos reteniendo y esperando por semaforos

[INFO] 15:35:15:198 Deadlock/(9718:9724): Se ejecuta algoritmo de deteccion y recuperacion de deadlock
[INFO] 15:35:15:198 Deadlock/(9718:9724): La cantidad de procesos agarrados para el deadlock que se encuentran bloqueados, reteniendo y esperando son: 0
[INFO] 15:35:15:198 Deadlock/(9718:9724): La cantidad de procesos agarrados para el deadlock que no se encuentran bloqueados, pero estan reteniendo son: 1
[INFO] 15:35:15:198 Deadlock/(9718:9724): La cantidad de procesos en posible deadlock son: 0

[INFO] 15:35:15:198 Deadlock/(9718:9724): No puede haber deadlock ya que solo hay 1 o 0 procesos reteniendo y esperando por semaforos

[INFO] 15:36:43:231 Deadlock/(10228:10234): Se ejecuta algoritmo de deteccion y recuperacion de deadlock
[INFO] 15:36:43:231 Deadlock/(10228:10234): La cantidad de procesos agarrados para el deadlock que se encuentran bloqueados, reteniendo y esperando son: 0
[INFO] 15:36:43:231 Deadlock/(10228:10234): La cantidad de procesos agarrados para el deadlock que no se encuentran bloqueados, pero estan reteniendo son: 1
[INFO] 15:36:43:231 Deadlock/(10228:10234): La cantidad de procesos en posible deadlock son: 0

[INFO] 15:36:43:231 Deadlock/(10228:10234): No puede haber deadlock ya que solo hay 1 o 0 procesos reteniendo y esperando por semaforos

[INFO] 15:37:33:232 Deadlock/(10228:10234): Se ejecuta algoritmo de deteccion y recuperacion de deadlock
[INFO] 15:37:33:232 Deadlock/(10228:10234): La cantidad de procesos agarrados para el deadlock que se encuentran bloqueados, reteniendo y esperando son: 0
[INFO] 15:37:33:232 Deadlock/(10228:10234): La cantidad de procesos agarrados para el deadlock que no se encuentran bloqueados, pero estan reteniendo son: 1
[INFO] 15:37:33:232 Deadlock/(10228:10234): La cantidad de procesos en posible deadlock son: 0

[INFO] 15:37:33:232 Deadlock/(10228:10234): No puede haber deadlock ya que solo hay 1 o 0 procesos reteniendo y esperando por semaforos

[INFO] 15:38:23:232 Deadlock/(10228:10234): Se ejecuta algoritmo de deteccion y recuperacion de deadlock
[INFO] 15:38:23:232 Deadlock/(10228:10234): La cantidad de procesos agarrados para el deadlock que se encuentran bloqueados, reteniendo y esperando son: 0
[INFO] 15:38:23:233 Deadlock/(10228:10234): La cantidad de procesos agarrados para el deadlock que no se encuentran bloqueados, pero estan reteniendo son: 1
[INFO] 15:38:23:233 Deadlock/(10228:10234): La cantidad de procesos en posible deadlock son: 0

[INFO] 15:38:23:233 Deadlock/(10228:10234): No puede haber deadlock ya que solo hay 1 o 0 procesos reteniendo y esperando por semaforos

[INFO] 15:39:13:233 Deadlock/(10228:10234): Se ejecuta algoritmo de deteccion y recuperacion de deadlock
[INFO] 15:39:13:233 Deadlock/(10228:10234): La cantidad de procesos agarrados para el deadlock que se encuentran bloqueados, reteniendo y esperando son: 0
[INFO] 15:39:13:233 Deadlock/(10228:10234): La cantidad de procesos agarrados para el deadlock que no se encuentran bloqueados, pero estan reteniendo son: 1
[INFO] 15:39:13:233 Deadlock/(10228:10234): La cantidad de procesos en posible deadlock son: 0

[INFO] 15:39:13:233 Deadlock/(10228:10234): No puede haber deadlock ya que solo hay 1 o 0 procesos reteniendo y esperando por semaforos

[INFO] 15:40:03:234 Deadlock/(10228:10234): Se ejecuta algoritmo de deteccion y recuperacion de deadlock
[INFO] 15:40:03:234 Deadlock/(10228:10234): La cantidad de procesos agarrados para el deadlock que se encuentran bloqueados, reteniendo y esperando son: 0
[INFO] 15:40:03:234 Deadlock/(10228:10234): La cantidad de procesos agarrados para el deadlock que no se encuentran bloqueados, pero estan reteniendo son: 1
[INFO] 15:40:03:234 Deadlock/(10228:10234): La cantidad de procesos en posible deadlock son: 0

[INFO] 15:40:03:234 Deadlock/(10228:10234): No puede haber deadlock ya que solo hay 1 o 0 procesos reteniendo y esperando por semaforos

[INFO] 15:40:53:237 Deadlock/(10228:10234): Se ejecuta algoritmo de deteccion y recuperacion de deadlock
[INFO] 15:40:53:237 Deadlock/(10228:10234): La cantidad de procesos agarrados para el deadlock que se encuentran bloqueados, reteniendo y esperando son: 0
[INFO] 15:40:53:237 Deadlock/(10228:10234): La cantidad de procesos agarrados para el deadlock que no se encuentran bloqueados, pero estan reteniendo son: 1
[INFO] 15:40:53:237 Deadlock/(10228:10234): La cantidad de procesos en posible deadlock son: 0

[INFO] 15:40:53:237 Deadlock/(10228:10234): No puede haber deadlock ya que solo hay 1 o 0 procesos reteniendo y esperando por semaforos

[INFO] 15:41:43:238 Deadlock/(10228:10234): Se ejecuta algoritmo de deteccion y recuperacion de deadlock
[INFO] 15:41:43:238 Deadlock/(10228:10234): La cantidad de procesos agarrados para el deadlock que se encuentran bloqueados, reteniendo y esperando son: 0
[INFO] 15:41:43:238 Deadlock/(10228:10234): La cantidad de procesos agarrados para el deadlock que no se encuentran bloqueados, pero estan reteniendo son: 1
[INFO] 15:41:43:238 Deadlock/(10228:10234): La cantidad de procesos en posible deadlock son: 0

[INFO] 15:41:43:238 Deadlock/(10228:10234): No puede haber deadlock ya que solo hay 1 o 0 procesos reteniendo y esperando por semaforos

[INFO] 15:42:33:238 Deadlock/(10228:10234): Se ejecuta algoritmo de deteccion y recuperacion de deadlock
[INFO] 15:42:33:239 Deadlock/(10228:10234): La cantidad de procesos agarrados para el deadlock que se encuentran bloqueados, reteniendo y esperando son: 0
[INFO] 15:42:33:239 Deadlock/(10228:10234): La cantidad de procesos agarrados para el deadlock que no se encuentran bloqueados, pero estan reteniendo son: 1
[INFO] 15:42:33:239 Deadlock/(10228:10234): La cantidad de procesos en posible deadlock son: 0

[INFO] 15:42:33:239 Deadlock/(10228:10234): No puede haber deadlock ya que solo hay 1 o 0 procesos reteniendo y esperando por semaforos

[INFO] 15:43:23:239 Deadlock/(10228:10234): Se ejecuta algoritmo de deteccion y recuperacion de deadlock
[INFO] 15:43:23:239 Deadlock/(10228:10234): La cantidad de procesos agarrados para el deadlock que se encuentran bloqueados, reteniendo y esperando son: 0
[INFO] 15:43:23:239 Deadlock/(10228:10234): La cantidad de procesos agarrados para el deadlock que no se encuentran bloqueados, pero estan reteniendo son: 1
[INFO] 15:43:23:239 Deadlock/(10228:10234): La cantidad de procesos en posible deadlock son: 0

[INFO] 15:43:23:239 Deadlock/(10228:10234): No puede haber deadlock ya que solo hay 1 o 0 procesos reteniendo y esperando por semaforos

[INFO] 15:44:33:572 Deadlock/(10822:10828): Se ejecuta algoritmo de deteccion y recuperacion de deadlock
[INFO] 15:44:33:572 Deadlock/(10822:10828): La cantidad de procesos agarrados para el deadlock que se encuentran bloqueados, reteniendo y esperando son: 0
[INFO] 15:44:33:572 Deadlock/(10822:10828): La cantidad de procesos agarrados para el deadlock que no se encuentran bloqueados, pero estan reteniendo son: 1
[INFO] 15:44:33:572 Deadlock/(10822:10828): La cantidad de procesos en posible deadlock son: 0

[INFO] 15:44:33:572 Deadlock/(10822:10828): No puede haber deadlock ya que solo hay 1 o 0 procesos reteniendo y esperando por semaforos

[INFO] 15:45:23:573 Deadlock/(10822:10828): Se ejecuta algoritmo de deteccion y recuperacion de deadlock
[INFO] 15:45:23:573 Deadlock/(10822:10828): La cantidad de procesos agarrados para el deadlock que se encuentran bloqueados, reteniendo y esperando son: 0
[INFO] 15:45:23:573 Deadlock/(10822:10828): La cantidad de procesos agarrados para el deadlock que no se encuentran bloqueados, pero estan reteniendo son: 1
[INFO] 15:45:23:573 Deadlock/(10822:10828): La cantidad de procesos en posible deadlock son: 0

[INFO] 15:45:23:573 Deadlock/(10822:10828): No puede haber deadlock ya que solo hay 1 o 0 procesos reteniendo y esperando por semaforos

[INFO] 15:46:13:584 Deadlock/(10822:10828): Se ejecuta algoritmo de deteccion y recuperacion de deadlock
[INFO] 15:46:13:584 Deadlock/(10822:10828): La cantidad de procesos agarrados para el deadlock que se encuentran bloqueados, reteniendo y esperando son: 0
[INFO] 15:46:13:584 Deadlock/(10822:10828): La cantidad de procesos en posible deadlock son: 0

[INFO] 15:46:13:584 Deadlock/(10822:10828): No puede haber deadlock ya que solo hay 1 o 0 procesos reteniendo y esperando por semaforos

[INFO] 15:47:03:585 Deadlock/(10822:10828): Se ejecuta algoritmo de deteccion y recuperacion de deadlock
[INFO] 15:47:03:585 Deadlock/(10822:10828): La cantidad de procesos agarrados para el deadlock que se encuentran bloqueados, reteniendo y esperando son: 0
[INFO] 15:47:03:586 Deadlock/(10822:10828): La cantidad de procesos agarrados para el deadlock que no se encuentran bloqueados, pero estan reteniendo son: 1
[INFO] 15:47:03:586 Deadlock/(10822:10828): La cantidad de procesos en posible deadlock son: 0

[INFO] 15:47:03:586 Deadlock/(10822:10828): No puede haber deadlock ya que solo hay 1 o 0 procesos reteniendo y esperando por semaforos

[INFO] 15:47:53:587 Deadlock/(10822:10828): Se ejecuta algoritmo de deteccion y recuperacion de deadlock
[INFO] 15:47:53:588 Deadlock/(10822:10828): La cantidad de procesos agarrados para el deadlock que se encuentran bloqueados, reteniendo y esperando son: 0
[INFO] 15:47:53:588 Deadlock/(10822:10828): La cantidad de procesos agarrados para el deadlock que no se encuentran bloqueados, pero estan reteniendo son: 1
[INFO] 15:47:53:588 Deadlock/(10822:10828): La cantidad de procesos en posible deadlock son: 0

[INFO] 15:47:53:588 Deadlock/(10822:10828): No puede haber deadlock ya que solo hay 1 o 0 procesos reteniendo y esperando por semaforos

[INFO] 15:50:01:565 Deadlock/(11574:11580): Se ejecuta algoritmo de deteccion y recuperacion de deadlock
[INFO] 15:50:01:565 Deadlock/(11574:11580): La cantidad de procesos agarrados para el deadlock que se encuentran bloqueados, reteniendo y esperando son: 0
[INFO] 15:50:01:565 Deadlock/(11574:11580): La cantidad de procesos agarrados para el deadlock que no se encuentran bloqueados, pero estan reteniendo son: 1
[INFO] 15:50:01:565 Deadlock/(11574:11580): La cantidad de procesos en posible deadlock son: 0

[INFO] 15:50:01:565 Deadlock/(11574:11580): No puede haber deadlock ya que solo hay 1 o 0 procesos reteniendo y esperando por semaforos

[INFO] 15:50:51:567 Deadlock/(11574:11580): Se ejecuta algoritmo de deteccion y recuperacion de deadlock
[INFO] 15:50:51:567 Deadlock/(11574:11580): La cantidad de procesos agarrados para el deadlock que se encuentran bloqueados, reteniendo y esperando son: 0
[INFO] 15:50:51:567 Deadlock/(11574:11580): La cantidad de procesos agarrados para el deadlock que no se encuentran bloqueados, pero estan reteniendo son: 1
[INFO] 15:50:51:567 Deadlock/(11574:11580): La cantidad de procesos en posible deadlock son: 0

[INFO] 15:50:51:567 Deadlock/(11574:11580): No puede haber deadlock ya que solo hay 1 o 0 procesos reteniendo y esperando por semaforos

[INFO] 15:51:41:568 Deadlock/(11574:11580): Se ejecuta algoritmo de deteccion y recuperacion de deadlock
[INFO] 15:51:41:568 Deadlock/(11574:11580): La cantidad de procesos agarrados para el deadlock que se encuentran bloqueados, reteniendo y esperando son: 0
[INFO] 15:51:41:568 Deadlock/(11574:11580): La cantidad de procesos agarrados para el deadlock que no se encuentran bloqueados, pero estan reteniendo son: 1
[INFO] 15:51:41:568 Deadlock/(11574:11580): La cantidad de procesos en posible deadlock son: 0

[INFO] 15:51:41:568 Deadlock/(11574:11580): No puede haber deadlock ya que solo hay 1 o 0 procesos reteniendo y esperando por semaforos

[INFO] 15:53:15:700 Deadlock/(11922:11928): Se ejecuta algoritmo de deteccion y recuperacion de deadlock
[INFO] 15:53:15:700 Deadlock/(11922:11928): La cantidad de procesos agarrados para el deadlock que se encuentran bloqueados, reteniendo y esperando son: 0
[INFO] 15:53:15:700 Deadlock/(11922:11928): La cantidad de procesos agarrados para el deadlock que no se encuentran bloqueados, pero estan reteniendo son: 1
[INFO] 15:53:15:700 Deadlock/(11922:11928): La cantidad de procesos en posible deadlock son: 0

[INFO] 15:53:15:700 Deadlock/(11922:11928): No puede haber deadlock ya que solo hay 1 o 0 procesos reteniendo y esperando por semaforos

[INFO] 15:54:05:701 Deadlock/(11922:11928): Se ejecuta algoritmo de deteccion y recuperacion de deadlock
[INFO] 15:54:05:701 Deadlock/(11922:11928): La cantidad de procesos agarrados para el deadlock que se encuentran bloqueados, reteniendo y esperando son: 0
[INFO] 15:54:05:701 Deadlock/(11922:11928): La cantidad de procesos agarrados para el deadlock que no se encuentran bloqueados, pero estan reteniendo son: 1
[INFO] 15:54:05:701 Deadlock/(11922:11928): La cantidad de procesos en posible deadlock son: 0

[INFO] 15:54:05:701 Deadlock/(11922:11928): No puede haber deadlock ya que solo hay 1 o 0 procesos reteniendo y esperando por semaforos

[INFO] 15:54:55:702 Deadlock/(11922:11928): Se ejecuta algoritmo de deteccion y recuperacion de deadlock
[INFO] 15:54:55:702 Deadlock/(11922:11928): La cantidad de procesos agarrados para el deadlock que se encuentran bloqueados, reteniendo y esperando son: 0
[INFO] 15:54:55:702 Deadlock/(11922:11928): La cantidad de procesos agarrados para el deadlock que no se encuentran bloqueados, pero estan reteniendo son: 1
[INFO] 15:54:55:702 Deadlock/(11922:11928): La cantidad de procesos en posible deadlock son: 0

[INFO] 15:54:55:702 Deadlock/(11922:11928): No puede haber deadlock ya que solo hay 1 o 0 procesos reteniendo y esperando por semaforos

[INFO] 15:55:45:703 Deadlock/(11922:11928): Se ejecuta algoritmo de deteccion y recuperacion de deadlock
[INFO] 15:55:45:703 Deadlock/(11922:11928): La cantidad de procesos agarrados para el deadlock que se encuentran bloqueados, reteniendo y esperando son: 0
[INFO] 15:55:45:703 Deadlock/(11922:11928): La cantidad de procesos agarrados para el deadlock que no se encuentran bloqueados, pero estan reteniendo son: 1
[INFO] 15:55:45:703 Deadlock/(11922:11928): La cantidad de procesos en posible deadlock son: 0

[INFO] 15:55:45:703 Deadlock/(11922:11928): No puede haber deadlock ya que solo hay 1 o 0 procesos reteniendo y esperando por semaforos

[INFO] 15:56:44:302 Deadlock/(12211:12217): Se ejecuta algoritmo de deteccion y recuperacion de deadlock
[INFO] 15:56:44:302 Deadlock/(12211:12217): La cantidad de procesos agarrados para el deadlock que se encuentran bloqueados, reteniendo y esperando son: 0
[INFO] 15:56:44:302 Deadlock/(12211:12217): La cantidad de procesos agarrados para el deadlock que no se encuentran bloqueados, pero estan reteniendo son: 1
[INFO] 15:56:44:302 Deadlock/(12211:12217): La cantidad de procesos en posible deadlock son: 0

[INFO] 15:56:44:302 Deadlock/(12211:12217): No puede haber deadlock ya que solo hay 1 o 0 procesos reteniendo y esperando por semaforos

[INFO] 15:57:34:304 Deadlock/(12211:12217): Se ejecuta algoritmo de deteccion y recuperacion de deadlock
[INFO] 15:57:34:304 Deadlock/(12211:12217): La cantidad de procesos agarrados para el deadlock que se encuentran bloqueados, reteniendo y esperando son: 0
[INFO] 15:57:34:304 Deadlock/(12211:12217): La cantidad de procesos agarrados para el deadlock que no se encuentran bloqueados, pero estan reteniendo son: 1
[INFO] 15:57:34:304 Deadlock/(12211:12217): La cantidad de procesos en posible deadlock son: 0

[INFO] 15:57:34:304 Deadlock/(12211:12217): No puede haber deadlock ya que solo hay 1 o 0 procesos reteniendo y esperando por semaforos

[INFO] 15:58:46:211 Deadlock/(12453:12459): Se ejecuta algoritmo de deteccion y recuperacion de deadlock
[INFO] 15:58:46:211 Deadlock/(12453:12459): La cantidad de procesos agarrados para el deadlock que se encuentran bloqueados, reteniendo y esperando son: 0
[INFO] 15:58:46:211 Deadlock/(12453:12459): La cantidad de procesos agarrados para el deadlock que no se encuentran bloqueados, pero estan reteniendo son: 1
[INFO] 15:58:46:211 Deadlock/(12453:12459): La cantidad de procesos en posible deadlock son: 0

[INFO] 15:58:46:212 Deadlock/(12453:12459): No puede haber deadlock ya que solo hay 1 o 0 procesos reteniendo y esperando por semaforos

[INFO] 15:59:36:381 Deadlock/(12453:12459): Se ejecuta algoritmo de deteccion y recuperacion de deadlock
[INFO] 15:59:36:381 Deadlock/(12453:12459): La cantidad de procesos agarrados para el deadlock que se encuentran bloqueados, reteniendo y esperando son: 0
[INFO] 15:59:36:381 Deadlock/(12453:12459): La cantidad de procesos agarrados para el deadlock que no se encuentran bloqueados, pero estan reteniendo son: 1
[INFO] 15:59:36:381 Deadlock/(12453:12459): La cantidad de procesos en posible deadlock son: 0

[INFO] 15:59:36:381 Deadlock/(12453:12459): No puede haber deadlock ya que solo hay 1 o 0 procesos reteniendo y esperando por semaforos

[INFO] 16:03:51:307 Deadlock/(13294:13300): Se ejecuta algoritmo de deteccion y recuperacion de deadlock
[INFO] 16:03:51:308 Deadlock/(13294:13300): La cantidad de procesos agarrados para el deadlock que se encuentran bloqueados, reteniendo y esperando son: 0
[INFO] 16:03:51:308 Deadlock/(13294:13300): La cantidad de procesos en posible deadlock son: 0

[INFO] 16:03:51:308 Deadlock/(13294:13300): No puede haber deadlock ya que solo hay 1 o 0 procesos reteniendo y esperando por semaforos

[INFO] 16:04:41:309 Deadlock/(13294:13300): Se ejecuta algoritmo de deteccion y recuperacion de deadlock
[INFO] 16:04:41:309 Deadlock/(13294:13300): La cantidad de procesos agarrados para el deadlock que se encuentran bloqueados, reteniendo y esperando son: 0
[INFO] 16:04:41:309 Deadlock/(13294:13300): La cantidad de procesos en posible deadlock son: 0

[INFO] 16:04:41:309 Deadlock/(13294:13300): No puede haber deadlock ya que solo hay 1 o 0 procesos reteniendo y esperando por semaforos

[INFO] 16:05:31:310 Deadlock/(13294:13300): Se ejecuta algoritmo de deteccion y recuperacion de deadlock
[INFO] 16:05:31:310 Deadlock/(13294:13300): La cantidad de procesos agarrados para el deadlock que se encuentran bloqueados, reteniendo y esperando son: 0
[INFO] 16:05:31:311 Deadlock/(13294:13300): La cantidad de procesos en posible deadlock son: 0

[INFO] 16:05:31:311 Deadlock/(13294:13300): No puede haber deadlock ya que solo hay 1 o 0 procesos reteniendo y esperando por semaforos

[INFO] 18:16:17:665 Deadlock/(11146:11152): Se ejecuta algoritmo de deteccion y recuperacion de deadlock
[INFO] 18:16:17:669 Deadlock/(11146:11152): La cantidad de procesos agarrados para el deadlock que se encuentran bloqueados, reteniendo y esperando son: 0
[INFO] 18:16:17:669 Deadlock/(11146:11152): La cantidad de procesos en posible deadlock son: 0

[INFO] 18:16:17:669 Deadlock/(11146:11152): No puede haber deadlock ya que solo hay 1 o 0 procesos reteniendo y esperando por semaforos

[INFO] 18:17:07:669 Deadlock/(11146:11152): Se ejecuta algoritmo de deteccion y recuperacion de deadlock
[INFO] 18:17:07:669 Deadlock/(11146:11152): La cantidad de procesos agarrados para el deadlock que se encuentran bloqueados, reteniendo y esperando son: 0
[INFO] 18:17:07:669 Deadlock/(11146:11152): La cantidad de procesos en posible deadlock son: 0

[INFO] 18:17:07:669 Deadlock/(11146:11152): No puede haber deadlock ya que solo hay 1 o 0 procesos reteniendo y esperando por semaforos

[INFO] 18:18:49:981 Deadlock/(11287:11293): Se ejecuta algoritmo de deteccion y recuperacion de deadlock
[INFO] 18:18:49:981 Deadlock/(11287:11293): La cantidad de procesos agarrados para el deadlock que se encuentran bloqueados, reteniendo y esperando son: 0
[INFO] 18:18:49:981 Deadlock/(11287:11293): La cantidad de procesos en posible deadlock son: 0

[INFO] 18:18:49:982 Deadlock/(11287:11293): No puede haber deadlock ya que solo hay 1 o 0 procesos reteniendo y esperando por semaforos

[INFO] 18:20:00:449 Deadlock/(11368:11374): Se ejecuta algoritmo de deteccion y recuperacion de deadlock
[INFO] 18:20:00:449 Deadlock/(11368:11374): La cantidad de procesos agarrados para el deadlock que se encuentran bloqueados, reteniendo y esperando son: 0
[INFO] 18:20:00:449 Deadlock/(11368:11374): La cantidad de procesos en posible deadlock son: 0

[INFO] 18:20:00:449 Deadlock/(11368:11374): No puede haber deadlock ya que solo hay 1 o 0 procesos reteniendo y esperando por semaforos

[INFO] 18:20:50:451 Deadlock/(11368:11374): Se ejecuta algoritmo de deteccion y recuperacion de deadlock
[INFO] 18:20:50:451 Deadlock/(11368:11374): La cantidad de procesos agarrados para el deadlock que se encuentran bloqueados, reteniendo y esperando son: 0
[INFO] 18:20:50:451 Deadlock/(11368:11374): La cantidad de procesos en posible deadlock son: 0

[INFO] 18:20:50:451 Deadlock/(11368:11374): No puede haber deadlock ya que solo hay 1 o 0 procesos reteniendo y esperando por semaforos

[INFO] 18:21:40:452 Deadlock/(11368:11374): Se ejecuta algoritmo de deteccion y recuperacion de deadlock
[INFO] 18:21:40:453 Deadlock/(11368:11374): La cantidad de procesos agarrados para el deadlock que se encuentran bloqueados, reteniendo y esperando son: 0
[INFO] 18:21:40:453 Deadlock/(11368:11374): La cantidad de procesos en posible deadlock son: 0

[INFO] 18:21:40:453 Deadlock/(11368:11374): No puede haber deadlock ya que solo hay 1 o 0 procesos reteniendo y esperando por semaforos

[INFO] 18:22:30:453 Deadlock/(11368:11374): Se ejecuta algoritmo de deteccion y recuperacion de deadlock
[INFO] 18:22:30:453 Deadlock/(11368:11374): La cantidad de procesos agarrados para el deadlock que se encuentran bloqueados, reteniendo y esperando son: 0
[INFO] 18:22:30:454 Deadlock/(11368:11374): La cantidad de procesos en posible deadlock son: 0

[INFO] 18:22:30:454 Deadlock/(11368:11374): No puede haber deadlock ya que solo hay 1 o 0 procesos reteniendo y esperando por semaforos

[INFO] 18:23:20:459 Deadlock/(11368:11374): Se ejecuta algoritmo de deteccion y recuperacion de deadlock
[INFO] 18:23:20:459 Deadlock/(11368:11374): La cantidad de procesos agarrados para el deadlock que se encuentran bloqueados, reteniendo y esperando son: 0
[INFO] 18:23:20:459 Deadlock/(11368:11374): La cantidad de procesos en posible deadlock son: 0

[INFO] 18:23:20:459 Deadlock/(11368:11374): No puede haber deadlock ya que solo hay 1 o 0 procesos reteniendo y esperando por semaforos

[INFO] 18:24:10:468 Deadlock/(11368:11374): Se ejecuta algoritmo de deteccion y recuperacion de deadlock
[INFO] 18:24:10:468 Deadlock/(11368:11374): La cantidad de procesos agarrados para el deadlock que se encuentran bloqueados, reteniendo y esperando son: 0
[INFO] 18:24:10:468 Deadlock/(11368:11374): La cantidad de procesos en posible deadlock son: 0

[INFO] 18:24:10:468 Deadlock/(11368:11374): No puede haber deadlock ya que solo hay 1 o 0 procesos reteniendo y esperando por semaforos

[INFO] 18:25:00:469 Deadlock/(11368:11374): Se ejecuta algoritmo de deteccion y recuperacion de deadlock
[INFO] 18:25:00:469 Deadlock/(11368:11374): La cantidad de procesos agarrados para el deadlock que se encuentran bloqueados, reteniendo y esperando son: 0
[INFO] 18:25:00:469 Deadlock/(11368:11374): La cantidad de procesos en posible deadlock son: 0

[INFO] 18:25:00:469 Deadlock/(11368:11374): No puede haber deadlock ya que solo hay 1 o 0 procesos reteniendo y esperando por semaforos

[INFO] 18:25:50:476 Deadlock/(11368:11374): Se ejecuta algoritmo de deteccion y recuperacion de deadlock
[INFO] 18:25:50:477 Deadlock/(11368:11374): La cantidad de procesos agarrados para el deadlock que se encuentran bloqueados, reteniendo y esperando son: 0
[INFO] 18:25:50:477 Deadlock/(11368:11374): La cantidad de procesos en posible deadlock son: 0

[INFO] 18:25:50:477 Deadlock/(11368:11374): No puede haber deadlock ya que solo hay 1 o 0 procesos reteniendo y esperando por semaforos

[INFO] 18:26:40:485 Deadlock/(11368:11374): Se ejecuta algoritmo de deteccion y recuperacion de deadlock
[INFO] 18:26:40:485 Deadlock/(11368:11374): La cantidad de procesos agarrados para el deadlock que se encuentran bloqueados, reteniendo y esperando son: 0
[INFO] 18:26:40:485 Deadlock/(11368:11374): La cantidad de procesos en posible deadlock son: 0

[INFO] 18:26:40:485 Deadlock/(11368:11374): No puede haber deadlock ya que solo hay 1 o 0 procesos reteniendo y esperando por semaforos

[INFO] 18:27:30:486 Deadlock/(11368:11374): Se ejecuta algoritmo de deteccion y recuperacion de deadlock
[INFO] 18:27:30:486 Deadlock/(11368:11374): La cantidad de procesos agarrados para el deadlock que se encuentran bloqueados, reteniendo y esperando son: 0
[INFO] 18:27:30:486 Deadlock/(11368:11374): La cantidad de procesos en posible deadlock son: 0

[INFO] 18:27:30:486 Deadlock/(11368:11374): No puede haber deadlock ya que solo hay 1 o 0 procesos reteniendo y esperando por semaforos

[INFO] 18:28:20:486 Deadlock/(11368:11374): Se ejecuta algoritmo de deteccion y recuperacion de deadlock
[INFO] 18:28:20:486 Deadlock/(11368:11374): La cantidad de procesos agarrados para el deadlock que se encuentran bloqueados, reteniendo y esperando son: 0
[INFO] 18:28:20:486 Deadlock/(11368:11374): La cantidad de procesos en posible deadlock son: 0

[INFO] 18:28:20:486 Deadlock/(11368:11374): No puede haber deadlock ya que solo hay 1 o 0 procesos reteniendo y esperando por semaforos

[INFO] 18:29:10:491 Deadlock/(11368:11374): Se ejecuta algoritmo de deteccion y recuperacion de deadlock
[INFO] 18:29:10:491 Deadlock/(11368:11374): La cantidad de procesos agarrados para el deadlock que se encuentran bloqueados, reteniendo y esperando son: 0
[INFO] 18:29:10:491 Deadlock/(11368:11374): La cantidad de procesos en posible deadlock son: 0

[INFO] 18:29:10:491 Deadlock/(11368:11374): No puede haber deadlock ya que solo hay 1 o 0 procesos reteniendo y esperando por semaforos

[INFO] 18:30:00:497 Deadlock/(11368:11374): Se ejecuta algoritmo de deteccion y recuperacion de deadlock
[INFO] 18:30:00:497 Deadlock/(11368:11374): La cantidad de procesos agarrados para el deadlock que se encuentran bloqueados, reteniendo y esperando son: 0
[INFO] 18:30:00:497 Deadlock/(11368:11374): La cantidad de procesos en posible deadlock son: 0

[INFO] 18:30:00:497 Deadlock/(11368:11374): No puede haber deadlock ya que solo hay 1 o 0 procesos reteniendo y esperando por semaforos

[INFO] 18:30:50:502 Deadlock/(11368:11374): Se ejecuta algoritmo de deteccion y recuperacion de deadlock
[INFO] 18:30:50:502 Deadlock/(11368:11374): La cantidad de procesos agarrados para el deadlock que se encuentran bloqueados, reteniendo y esperando son: 0
[INFO] 18:30:50:502 Deadlock/(11368:11374): La cantidad de procesos en posible deadlock son: 0

[INFO] 18:30:50:502 Deadlock/(11368:11374): No puede haber deadlock ya que solo hay 1 o 0 procesos reteniendo y esperando por semaforos

[INFO] 18:31:40:503 Deadlock/(11368:11374): Se ejecuta algoritmo de deteccion y recuperacion de deadlock
[INFO] 18:31:40:503 Deadlock/(11368:11374): La cantidad de procesos agarrados para el deadlock que se encuentran bloqueados, reteniendo y esperando son: 0
[INFO] 18:31:40:503 Deadlock/(11368:11374): La cantidad de procesos en posible deadlock son: 0

[INFO] 18:31:40:503 Deadlock/(11368:11374): No puede haber deadlock ya que solo hay 1 o 0 procesos reteniendo y esperando por semaforos

[INFO] 18:32:30:503 Deadlock/(11368:11374): Se ejecuta algoritmo de deteccion y recuperacion de deadlock
[INFO] 18:32:30:504 Deadlock/(11368:11374): La cantidad de procesos agarrados para el deadlock que se encuentran bloqueados, reteniendo y esperando son: 0
[INFO] 18:32:30:504 Deadlock/(11368:11374): La cantidad de procesos en posible deadlock son: 0

[INFO] 18:32:30:504 Deadlock/(11368:11374): No puede haber deadlock ya que solo hay 1 o 0 procesos reteniendo y esperando por semaforos

