[INFO] 23:17:04:720 loggerContenidoProceso/(6096:6096): Se ha creado el carpincho, y se ha logrado conectar correctamente al backend:0 
[INFO] 23:17:04:830 loggerContenidoProceso/(6096:6096): Solicitamos realizar una operacion IO sobre el dispositivo: laguna
[INFO] 23:17:04:887 loggerContenidoProceso/(6096:6096): Habiamos solicitado hacer una operacion IO y obtenemos una respuesta en base a eso
[INFO] 23:17:04:888 loggerContenidoProceso/(6096:6096): Se pudo realizar con exito la operacion IO
[INFO] 23:17:04:888 loggerContenidoProceso/(6096:6096): Se ha solicitado cerrar el carpincho, este es un hasta adios
[INFO] 23:17:04:904 loggerContenidoProceso/(6096:6096): Estamos recibiendo todo para cerrar la conexion y terminar
[INFO] 23:17:04:904 loggerContenidoProceso/(6096:6096): Se pudo cerrar el proceso correctamente en el BackEnd
[INFO] 23:17:04:904 loggerContenidoProceso/(6096:6096): Se liberan todas las estructuras del proceso
[INFO] 23:23:42:359 loggerContenidoProceso/(6483:6483): Se ha creado el carpincho, y se ha logrado conectar correctamente al backend:0 
[INFO] 23:23:42:495 loggerContenidoProceso/(6483:6483): Solicitamos realizar una operacion IO sobre el dispositivo: laguna
[INFO] 23:23:42:560 loggerContenidoProceso/(6483:6483): Habiamos solicitado hacer una operacion IO y obtenemos una respuesta en base a eso
[INFO] 23:23:42:560 loggerContenidoProceso/(6483:6483): Se pudo realizar con exito la operacion IO
[INFO] 23:23:42:561 loggerContenidoProceso/(6483:6483): Se ha solicitado cerrar el carpincho, este es un hasta adios
[INFO] 23:23:42:581 loggerContenidoProceso/(6483:6483): Estamos recibiendo todo para cerrar la conexion y terminar
[INFO] 23:23:42:582 loggerContenidoProceso/(6483:6483): Se pudo cerrar el proceso correctamente en el BackEnd
[INFO] 23:23:42:582 loggerContenidoProceso/(6483:6483): Se liberan todas las estructuras del proceso
[INFO] 23:25:13:542 loggerContenidoProceso/(6687:6687): Se ha creado el carpincho, y se ha logrado conectar correctamente al backend:0 
[INFO] 23:25:13:593 loggerContenidoProceso/(6687:6687): Solicitamos realizar una operacion IO sobre el dispositivo: laguna
[INFO] 23:25:13:630 loggerContenidoProceso/(6687:6687): Habiamos solicitado hacer una operacion IO y obtenemos una respuesta en base a eso
[INFO] 23:25:13:630 loggerContenidoProceso/(6687:6687): Se pudo realizar con exito la operacion IO
[INFO] 23:25:13:631 loggerContenidoProceso/(6687:6687): Se ha solicitado cerrar el carpincho, este es un hasta adios
[INFO] 23:25:13:632 loggerContenidoProceso/(6687:6687): Estamos recibiendo todo para cerrar la conexion y terminar
[INFO] 23:25:13:633 loggerContenidoProceso/(6687:6687): Se pudo cerrar el proceso correctamente en el BackEnd
[INFO] 23:25:13:634 loggerContenidoProceso/(6687:6687): Se liberan todas las estructuras del proceso
[INFO] 23:26:24:504 loggerContenidoProceso/(6816:6816): Se ha creado el carpincho, y se ha logrado conectar correctamente al backend:0 
[INFO] 23:26:24:634 loggerContenidoProceso/(6816:6816): Solicitamos realizar una operacion IO sobre el dispositivo: laguna
[INFO] 23:28:37:551 loggerContenidoProceso/(6816:6816): Habiamos solicitado hacer una operacion IO y obtenemos una respuesta en base a eso
[INFO] 23:28:37:552 loggerContenidoProceso/(6816:6816): Se pudo realizar con exito la operacion IO
[INFO] 23:28:37:554 loggerContenidoProceso/(6816:6816): Se ha solicitado cerrar el carpincho, este es un hasta adios
[INFO] 23:29:07:179 loggerContenidoProceso/(7109:7109): Se ha creado el carpincho, y se ha logrado conectar correctamente al backend:0 
[INFO] 23:29:07:336 loggerContenidoProceso/(7109:7109): Solicitamos realizar una operacion IO sobre el dispositivo: laguna
[INFO] 23:30:28:185 loggerContenidoProceso/(7109:7109): Habiamos solicitado hacer una operacion IO y obtenemos una respuesta en base a eso
[INFO] 23:30:28:186 loggerContenidoProceso/(7109:7109): Se pudo realizar con exito la operacion IO
[INFO] 23:30:28:187 loggerContenidoProceso/(7109:7109): Se ha solicitado cerrar el carpincho, este es un hasta adios
[INFO] 23:30:36:979 loggerContenidoProceso/(7109:7109): Estamos recibiendo todo para cerrar la conexion y terminar
[INFO] 23:30:36:979 loggerContenidoProceso/(7109:7109): Se pudo cerrar el proceso correctamente en el BackEnd
[INFO] 23:30:36:980 loggerContenidoProceso/(7109:7109): Se liberan todas las estructuras del proceso
[INFO] 23:31:24:619 loggerContenidoProceso/(7337:7337): Se ha creado el carpincho, y se ha logrado conectar correctamente al backend:0 
[INFO] 23:31:24:752 loggerContenidoProceso/(7337:7337): Solicitamos realizar una operacion IO sobre el dispositivo: laguna
[INFO] 23:31:27:291 loggerContenidoProceso/(7337:7337): Habiamos solicitado hacer una operacion IO y obtenemos una respuesta en base a eso
[INFO] 23:31:27:292 loggerContenidoProceso/(7337:7337): Se pudo realizar con exito la operacion IO
[INFO] 23:31:27:293 loggerContenidoProceso/(7337:7337): Se ha solicitado cerrar el carpincho, este es un hasta adios
[INFO] 23:31:27:316 loggerContenidoProceso/(7337:7337): Estamos recibiendo todo para cerrar la conexion y terminar
[INFO] 23:31:27:316 loggerContenidoProceso/(7337:7337): Se pudo cerrar el proceso correctamente en el BackEnd
[INFO] 23:31:27:317 loggerContenidoProceso/(7337:7337): Se liberan todas las estructuras del proceso
[INFO] 23:35:57:829 loggerContenidoProceso/(7564:7564): Se ha creado el carpincho, y se ha logrado conectar correctamente al backend:0 
[INFO] 23:35:57:884 loggerContenidoProceso/(7564:7564): Solicitamos realizar una operacion IO sobre el dispositivo: laguna
[INFO] 23:36:22:919 loggerContenidoProceso/(7564:7564): Habiamos solicitado hacer una operacion IO y obtenemos una respuesta en base a eso
[INFO] 23:36:22:920 loggerContenidoProceso/(7564:7564): Se pudo realizar con exito la operacion IO
[INFO] 23:36:22:922 loggerContenidoProceso/(7564:7564): Se ha solicitado cerrar el carpincho, este es un hasta adios
[INFO] 23:36:22:942 loggerContenidoProceso/(7564:7564): Estamos recibiendo todo para cerrar la conexion y terminar
[INFO] 23:36:22:942 loggerContenidoProceso/(7564:7564): Se pudo cerrar el proceso correctamente en el BackEnd
[INFO] 23:36:22:943 loggerContenidoProceso/(7564:7564): Se liberan todas las estructuras del proceso
