[INFO] 14:10:27:030 loggerContenidoProceso/(5011:5011): Se ha creado el carpincho, y se ha logrado conectar correctamente al backend:0 
[INFO] 14:10:27:077 loggerContenidoProceso/(5011:5011): Solicitamos realizar una operacion IO sobre el dispositivo: laguna
[INFO] 14:10:37:095 loggerContenidoProceso/(5011:5011): Habiamos solicitado hacer una operacion IO y obtenemos una respuesta en base a eso
[INFO] 14:10:37:096 loggerContenidoProceso/(5011:5011): Se pudo realizar con exito la operacion IO
[INFO] 14:10:37:096 loggerContenidoProceso/(5011:5011): Se ha solicitado cerrar el carpincho, este es un hasta adios
[INFO] 14:10:37:108 loggerContenidoProceso/(5011:5011): Estamos recibiendo todo para cerrar la conexion y terminar
[INFO] 14:10:37:108 loggerContenidoProceso/(5011:5011): Se pudo cerrar el proceso correctamente en el BackEnd
[INFO] 14:10:37:110 loggerContenidoProceso/(5011:5011): Se liberan todas las estructuras del proceso
[INFO] 18:41:03:048 loggerContenidoProceso/(9939:9940): Se ha creado el carpincho, y se ha logrado conectar correctamente al backend:0 
[INFO] 18:41:03:230 loggerContenidoProceso/(9939:9940): Solicitamos inicializar un semaforo de nombre: SEM1, con valor : 2
[INFO] 18:41:03:248 loggerContenidoProceso/(9939:9940): Habiamos solicitado crear un semaforo y obtenemos una respuesta en base a eso
[INFO] 18:41:03:251 loggerContenidoProceso/(9939:9940): Se pudo inicializar el semaforo que se solicito inicializar
[INFO] 18:41:03:254 loggerContenidoProceso/(9939:9940): Solicitamos inicializar un semaforo de nombre: SEM2, con valor : 2
[INFO] 18:41:03:259 loggerContenidoProceso/(9939:9940): Habiamos solicitado crear un semaforo y obtenemos una respuesta en base a eso
[INFO] 18:41:03:259 loggerContenidoProceso/(9939:9940): Se pudo inicializar el semaforo que se solicito inicializar
[INFO] 18:41:03:260 loggerContenidoProceso/(9939:9940): Solicitamos hacer un wait sobre el semaforo: SEM1
[INFO] 18:41:03:270 loggerContenidoProceso/(9939:9940): Habiamos solicitado hacer un wait de un semaforo y obtenemos una respuesta en base a eso
[INFO] 18:41:03:273 loggerContenidoProceso/(9939:9940): Se pudo hacer el wait del semaforo
[INFO] 18:41:03:275 loggerContenidoProceso/(9939:9940): Solicitamos hacer un wait sobre el semaforo: SEM2
[INFO] 18:41:03:278 loggerContenidoProceso/(9939:9940): Habiamos solicitado hacer un wait de un semaforo y obtenemos una respuesta en base a eso
[INFO] 18:41:03:279 loggerContenidoProceso/(9939:9940): Se pudo hacer el wait del semaforo
[INFO] 18:42:03:280 loggerContenidoProceso/(9939:9940): Solicitamos hacer un signal sobre el semaforo: SEM1
[INFO] 18:43:05:260 loggerContenidoProceso/(9939:9940): Solicitamos hacer un signal sobre el semaforo: SEM2
