[INFO] 13:27:05:806 loggerContenidoProceso/(9879:9880): Se ha creado el carpincho:2, y se ha logrado conectar correctamente al backend
[INFO] 13:27:05:806 loggerContenidoProceso/(9879:9880): Solicitamos inicializar un semaforo de nombre: smirnoffc2, con valor : 1
[INFO] 13:27:05:823 loggerContenidoProceso/(9879:9880): Habiamos solicitado crear un semaforo y obtenemos una respuesta en base a eso
[INFO] 13:27:05:823 loggerContenidoProceso/(9879:9880): Se pudo inicializar el semaforo que se solicito inicializar
[INFO] 13:27:05:823 loggerContenidoProceso/(9879:9880): Solicitamos inicializar un semaforo de nombre: smirnoffc3, con valor : 0
[INFO] 13:27:05:826 loggerContenidoProceso/(9879:9880): Habiamos solicitado crear un semaforo y obtenemos una respuesta en base a eso
[INFO] 13:27:05:826 loggerContenidoProceso/(9879:9880): Se pudo inicializar el semaforo que se solicito inicializar
[INFO] 13:27:05:826 loggerContenidoProceso/(9879:9880): Solicitamos hacer un signal sobre el semaforo: smirnoffc3
[INFO] 13:27:05:833 loggerContenidoProceso/(9879:9880): Habiamos solicitado hacer un signal a un semaforo y obtenemos una respuesta en base a eso
[INFO] 13:27:05:833 loggerContenidoProceso/(9879:9880): Se pudo hacer el post del semaforo
[INFO] 13:27:05:833 loggerContenidoProceso/(9879:9880): Solicitamos hacer un wait sobre el semaforo: smirnoffc2
[INFO] 13:27:05:840 loggerContenidoProceso/(9879:9880): Habiamos solicitado hacer un wait de un semaforo y obtenemos una respuesta en base a eso
[INFO] 13:27:05:841 loggerContenidoProceso/(9879:9880): Se pudo hacer el wait del semaforo
[INFO] 13:27:05:841 loggerContenidoProceso/(9879:9880): Solicitamos hacer un wait sobre el semaforo: smirnoffc2
[INFO] 13:27:10:819 loggerContenidoProceso/(9879:9880): Habiamos solicitado hacer un wait de un semaforo y obtenemos una respuesta en base a eso
[INFO] 13:27:10:819 loggerContenidoProceso/(9879:9880): Se pudo hacer el wait del semaforo
[INFO] 13:27:10:819 loggerContenidoProceso/(9879:9880): Solicitamos realizar un memalloc de size:100
[INFO] 13:27:10:844 loggerContenidoProceso/(9879:9880): Habiamos solicitado hacer un memalloc
[INFO] 13:27:10:844 loggerContenidoProceso/(9879:9880): Se pudo realizar el memalloc
[INFO] 13:27:10:851 loggerContenidoProceso/(9879:9880): Solicitamos realizar un memfree de 10009
[INFO] 13:27:10:959 loggerContenidoProceso/(9879:9880): Habiamos solicitado hacer un memfree
[ERROR] 13:27:10:959 loggerContenidoProceso/(9879:9880): Se pudo realizar el memfree
[INFO] 13:27:10:959 loggerContenidoProceso/(9879:9880): Solicitamos realizar un memalloc de size:100
