[INFO] 23:45:40:674 loggerContenidoProceso/(10817:10832): Se ha creado el carpincho:6, y se ha logrado conectar correctamente al backend
[INFO] 23:45:40:674 loggerContenidoProceso/(10817:10832): Solicitamos hacer un wait sobre el semaforo: SEM5
[INFO] 23:45:40:678 loggerContenidoProceso/(10817:10832): Habiamos solicitado hacer un wait de un semaforo y obtenemos una respuesta en base a eso
[INFO] 23:45:40:678 loggerContenidoProceso/(10817:10832): Se pudo hacer el wait del semaforo
[INFO] 23:45:43:679 loggerContenidoProceso/(10817:10832): Solicitamos hacer un wait sobre el semaforo: SEM6
[INFO] 23:46:36:283 loggerContenidoProceso/(10817:10832): Solicitamos hacer un signal sobre el semaforo: SEM5
[ERROR] 23:46:36:283 loggerContenidoProceso/(10817:10832): No se puede ejecutar esta accion porque no esta conectado al servidor
[INFO] 23:46:36:283 loggerContenidoProceso/(10817:10832): Solicitamos hacer un signal sobre el semaforo: SEM6
[ERROR] 23:46:36:283 loggerContenidoProceso/(10817:10832): No se puede ejecutar esta accion porque no esta conectado al servidor
[INFO] 23:46:36:283 loggerContenidoProceso/(10817:10832): Se ha solicitado cerrar el carpincho de pid:6 , este es un hasta adios
[ERROR] 23:46:36:283 loggerContenidoProceso/(10817:10832): No se pudo conectar con el servidor, cerramos desde aca al proceso de pid:6
[INFO] 23:46:36:283 loggerContenidoProceso/(10817:10832): Se liberan todas las estructuras del proceso de PID:6
[INFO] 23:50:24:293 loggerContenidoProceso/(11256:11288): Se ha creado el carpincho:6, y se ha logrado conectar correctamente al backend
[INFO] 23:50:24:293 loggerContenidoProceso/(11256:11288): Solicitamos hacer un wait sobre el semaforo: SEM5
[INFO] 23:50:24:295 loggerContenidoProceso/(11256:11288): Habiamos solicitado hacer un wait de un semaforo y obtenemos una respuesta en base a eso
[INFO] 23:50:24:295 loggerContenidoProceso/(11256:11288): Se pudo hacer el wait del semaforo
[INFO] 23:50:27:296 loggerContenidoProceso/(11256:11288): Solicitamos hacer un wait sobre el semaforo: SEM6
[INFO] 23:51:20:300 loggerContenidoProceso/(11256:11288): Solicitamos hacer un signal sobre el semaforo: SEM5
[ERROR] 23:51:20:300 loggerContenidoProceso/(11256:11288): No se puede ejecutar esta accion porque no esta conectado al servidor
[INFO] 23:51:20:300 loggerContenidoProceso/(11256:11288): Solicitamos hacer un signal sobre el semaforo: SEM6
[ERROR] 23:51:20:300 loggerContenidoProceso/(11256:11288): No se puede ejecutar esta accion porque no esta conectado al servidor
[INFO] 23:51:20:300 loggerContenidoProceso/(11256:11288): Se ha solicitado cerrar el carpincho de pid:6 , este es un hasta adios
[ERROR] 23:51:20:300 loggerContenidoProceso/(11256:11288): No se pudo conectar con el servidor, cerramos desde aca al proceso de pid:6
[INFO] 23:51:20:300 loggerContenidoProceso/(11256:11288): Se liberan todas las estructuras del proceso de PID:6
[INFO] 23:52:57:826 loggerContenidoProceso/(11459:11489): Se ha creado el carpincho:6, y se ha logrado conectar correctamente al backend
[INFO] 23:52:57:827 loggerContenidoProceso/(11459:11489): Solicitamos hacer un wait sobre el semaforo: SEM5
[INFO] 23:52:57:827 loggerContenidoProceso/(11459:11489): Habiamos solicitado hacer un wait de un semaforo y obtenemos una respuesta en base a eso
[INFO] 23:52:57:827 loggerContenidoProceso/(11459:11489): Se pudo hacer el wait del semaforo
[INFO] 23:53:00:827 loggerContenidoProceso/(11459:11489): Solicitamos hacer un wait sobre el semaforo: SEM6
[INFO] 23:54:41:714 loggerContenidoProceso/(11459:11489): Solicitamos hacer un signal sobre el semaforo: SEM5
[ERROR] 23:54:41:714 loggerContenidoProceso/(11459:11489): No se puede ejecutar esta accion porque no esta conectado al servidor
[INFO] 23:54:41:714 loggerContenidoProceso/(11459:11489): Solicitamos hacer un signal sobre el semaforo: SEM6
[ERROR] 23:54:41:714 loggerContenidoProceso/(11459:11489): No se puede ejecutar esta accion porque no esta conectado al servidor
[INFO] 23:54:41:714 loggerContenidoProceso/(11459:11489): Se ha solicitado cerrar el carpincho de pid:6 , este es un hasta adios
[ERROR] 23:54:41:714 loggerContenidoProceso/(11459:11489): No se pudo conectar con el servidor, cerramos desde aca al proceso de pid:6
[INFO] 23:54:41:714 loggerContenidoProceso/(11459:11489): Se liberan todas las estructuras del proceso de PID:6
[INFO] 23:56:31:315 loggerContenidoProceso/(11821:11860): Se ha creado el carpincho:6, y se ha logrado conectar correctamente al backend
[INFO] 23:56:31:316 loggerContenidoProceso/(11821:11860): Solicitamos hacer un wait sobre el semaforo: SEM5
[INFO] 23:56:31:316 loggerContenidoProceso/(11821:11860): Habiamos solicitado hacer un wait de un semaforo y obtenemos una respuesta en base a eso
[INFO] 23:56:31:316 loggerContenidoProceso/(11821:11860): Se pudo hacer el wait del semaforo
[INFO] 23:56:34:316 loggerContenidoProceso/(11821:11860): Solicitamos hacer un wait sobre el semaforo: SEM6
[INFO] 23:59:21:239 loggerContenidoProceso/(11821:11860): Solicitamos hacer un signal sobre el semaforo: SEM5
[ERROR] 23:59:21:239 loggerContenidoProceso/(11821:11860): No se puede ejecutar esta accion porque no esta conectado al servidor
[INFO] 23:59:21:239 loggerContenidoProceso/(11821:11860): Solicitamos hacer un signal sobre el semaforo: SEM6
[ERROR] 23:59:21:239 loggerContenidoProceso/(11821:11860): No se puede ejecutar esta accion porque no esta conectado al servidor
[INFO] 23:59:21:240 loggerContenidoProceso/(11821:11860): Se ha solicitado cerrar el carpincho de pid:6 , este es un hasta adios
[ERROR] 23:59:21:240 loggerContenidoProceso/(11821:11860): No se pudo conectar con el servidor, cerramos desde aca al proceso de pid:6
[INFO] 23:59:21:240 loggerContenidoProceso/(11821:11860): Se liberan todas las estructuras del proceso de PID:6
[INFO] 00:02:56:680 loggerContenidoProceso/(12139:12161): Se ha creado el carpincho:6, y se ha logrado conectar correctamente al backend
[INFO] 00:02:56:681 loggerContenidoProceso/(12139:12161): Solicitamos hacer un wait sobre el semaforo: SEM5
[INFO] 00:02:56:681 loggerContenidoProceso/(12139:12161): Habiamos solicitado hacer un wait de un semaforo y obtenemos una respuesta en base a eso
[INFO] 00:02:56:681 loggerContenidoProceso/(12139:12161): Se pudo hacer el wait del semaforo
[INFO] 00:02:59:681 loggerContenidoProceso/(12139:12161): Solicitamos hacer un wait sobre el semaforo: SEM6
[INFO] 00:11:51:049 loggerContenidoProceso/(12139:12161): Solicitamos hacer un signal sobre el semaforo: SEM5
[ERROR] 00:11:51:049 loggerContenidoProceso/(12139:12161): No se puede ejecutar esta accion porque no esta conectado al servidor
[INFO] 00:11:51:049 loggerContenidoProceso/(12139:12161): Solicitamos hacer un signal sobre el semaforo: SEM6
[ERROR] 00:11:51:049 loggerContenidoProceso/(12139:12161): No se puede ejecutar esta accion porque no esta conectado al servidor
[INFO] 00:11:51:049 loggerContenidoProceso/(12139:12161): Se ha solicitado cerrar el carpincho de pid:6 , este es un hasta adios
[ERROR] 00:11:51:049 loggerContenidoProceso/(12139:12161): No se pudo conectar con el servidor, cerramos desde aca al proceso de pid:6
[INFO] 00:11:51:049 loggerContenidoProceso/(12139:12161): Se liberan todas las estructuras del proceso de PID:6
[INFO] 00:17:01:777 loggerContenidoProceso/(12590:12608): Se ha creado el carpincho:6, y se ha logrado conectar correctamente al backend
[INFO] 00:17:01:778 loggerContenidoProceso/(12590:12608): Solicitamos hacer un wait sobre el semaforo: SEM5
[INFO] 00:17:01:778 loggerContenidoProceso/(12590:12608): Habiamos solicitado hacer un wait de un semaforo y obtenemos una respuesta en base a eso
[INFO] 00:17:01:778 loggerContenidoProceso/(12590:12608): Se pudo hacer el wait del semaforo
[INFO] 00:17:04:778 loggerContenidoProceso/(12590:12608): Solicitamos hacer un wait sobre el semaforo: SEM6
[INFO] 00:17:39:043 loggerContenidoProceso/(12749:12764): Se ha creado el carpincho:6, y se ha logrado conectar correctamente al backend
[INFO] 00:17:39:044 loggerContenidoProceso/(12749:12764): Solicitamos hacer un wait sobre el semaforo: SEM5
[INFO] 00:17:39:044 loggerContenidoProceso/(12749:12764): Habiamos solicitado hacer un wait de un semaforo y obtenemos una respuesta en base a eso
[INFO] 00:17:39:044 loggerContenidoProceso/(12749:12764): Se pudo hacer el wait del semaforo
[INFO] 00:17:42:044 loggerContenidoProceso/(12749:12764): Solicitamos hacer un wait sobre el semaforo: SEM6
[INFO] 00:21:32:201 loggerContenidoProceso/(12749:12764): Solicitamos hacer un signal sobre el semaforo: SEM5
[ERROR] 00:21:32:201 loggerContenidoProceso/(12749:12764): No se puede ejecutar esta accion porque no esta conectado al servidor
[INFO] 00:21:32:201 loggerContenidoProceso/(12749:12764): Solicitamos hacer un signal sobre el semaforo: SEM6
[ERROR] 00:21:32:201 loggerContenidoProceso/(12749:12764): No se puede ejecutar esta accion porque no esta conectado al servidor
[INFO] 00:21:32:201 loggerContenidoProceso/(12749:12764): Se ha solicitado cerrar el carpincho de pid:6 , este es un hasta adios
[ERROR] 00:21:32:201 loggerContenidoProceso/(12749:12764): No se pudo conectar con el servidor, cerramos desde aca al proceso de pid:6
[INFO] 00:21:32:202 loggerContenidoProceso/(12749:12764): Se liberan todas las estructuras del proceso de PID:6
[INFO] 00:31:55:030 loggerContenidoProceso/(13437:13454): Se ha creado el carpincho:6, y se ha logrado conectar correctamente al backend
[INFO] 00:31:55:030 loggerContenidoProceso/(13437:13454): Solicitamos hacer un wait sobre el semaforo: SEM5
[INFO] 00:31:55:036 loggerContenidoProceso/(13437:13454): Habiamos solicitado hacer un wait de un semaforo y obtenemos una respuesta en base a eso
[INFO] 00:31:55:036 loggerContenidoProceso/(13437:13454): Se pudo hacer el wait del semaforo
[INFO] 00:31:58:037 loggerContenidoProceso/(13437:13454): Solicitamos hacer un wait sobre el semaforo: SEM6
[INFO] 00:36:03:070 loggerContenidoProceso/(13964:13980): Se ha creado el carpincho:6, y se ha logrado conectar correctamente al backend
[INFO] 00:36:03:070 loggerContenidoProceso/(13964:13980): Solicitamos hacer un wait sobre el semaforo: SEM5
[INFO] 00:36:03:075 loggerContenidoProceso/(13964:13980): Habiamos solicitado hacer un wait de un semaforo y obtenemos una respuesta en base a eso
[INFO] 00:36:03:075 loggerContenidoProceso/(13964:13980): Se pudo hacer el wait del semaforo
[INFO] 00:36:06:075 loggerContenidoProceso/(13964:13980): Solicitamos hacer un wait sobre el semaforo: SEM6
[INFO] 00:37:23:103 loggerContenidoProceso/(14136:14154): Se ha creado el carpincho:6, y se ha logrado conectar correctamente al backend
[INFO] 00:37:23:103 loggerContenidoProceso/(14136:14154): Solicitamos hacer un wait sobre el semaforo: SEM5
[INFO] 00:37:23:107 loggerContenidoProceso/(14136:14154): Habiamos solicitado hacer un wait de un semaforo y obtenemos una respuesta en base a eso
[INFO] 00:37:23:107 loggerContenidoProceso/(14136:14154): Se pudo hacer el wait del semaforo
[INFO] 00:37:26:107 loggerContenidoProceso/(14136:14154): Solicitamos hacer un wait sobre el semaforo: SEM6
