[INFO] 16:29:35:848 loggerContenidoProceso/(9248:9248): Se ha creado el carpincho:8, y se ha logrado conectar correctamente al backend
[INFO] 16:29:35:848 loggerContenidoProceso/(9248:9248): Solicitamos destruir un semaforo de nombre: SEM1
[INFO] 16:29:35:852 loggerContenidoProceso/(9248:9248): Habiamos solicitado cerrar un semaforo y obtenemos una respuesta en base a eso
[INFO] 16:29:35:853 loggerContenidoProceso/(9248:9248): Se pudo destruir el semaforo que se solicito destruir
[INFO] 16:29:35:853 loggerContenidoProceso/(9248:9248): Solicitamos destruir un semaforo de nombre: SEM2
[INFO] 16:29:35:860 loggerContenidoProceso/(9248:9248): Habiamos solicitado cerrar un semaforo y obtenemos una respuesta en base a eso
[INFO] 16:29:35:860 loggerContenidoProceso/(9248:9248): Se pudo destruir el semaforo que se solicito destruir
[INFO] 16:29:35:860 loggerContenidoProceso/(9248:9248): Solicitamos destruir un semaforo de nombre: SEM3
[INFO] 16:29:35:862 loggerContenidoProceso/(9248:9248): Habiamos solicitado cerrar un semaforo y obtenemos una respuesta en base a eso
[INFO] 16:29:35:862 loggerContenidoProceso/(9248:9248): Se pudo destruir el semaforo que se solicito destruir
[INFO] 16:29:35:862 loggerContenidoProceso/(9248:9248): Solicitamos destruir un semaforo de nombre: SEM4
[INFO] 16:29:35:866 loggerContenidoProceso/(9248:9248): Habiamos solicitado cerrar un semaforo y obtenemos una respuesta en base a eso
[INFO] 16:29:35:866 loggerContenidoProceso/(9248:9248): Se pudo destruir el semaforo que se solicito destruir
[INFO] 16:29:35:866 loggerContenidoProceso/(9248:9248): Solicitamos destruir un semaforo de nombre: SEM5
[INFO] 16:29:35:868 loggerContenidoProceso/(9248:9248): Habiamos solicitado cerrar un semaforo y obtenemos una respuesta en base a eso
[INFO] 16:29:35:868 loggerContenidoProceso/(9248:9248): Se pudo destruir el semaforo que se solicito destruir
[INFO] 16:29:35:868 loggerContenidoProceso/(9248:9248): Solicitamos destruir un semaforo de nombre: SEM6
[INFO] 16:29:35:869 loggerContenidoProceso/(9248:9248): Habiamos solicitado cerrar un semaforo y obtenemos una respuesta en base a eso
[INFO] 16:29:35:869 loggerContenidoProceso/(9248:9248): Se pudo destruir el semaforo que se solicito destruir
[INFO] 16:29:35:869 loggerContenidoProceso/(9248:9248): Se ha solicitado cerrar el carpincho de pid:8 , este es un hasta adios
[INFO] 16:29:35:875 loggerContenidoProceso/(9248:9248): Estamos recibiendo todo para cerrar la conexion y terminar
[INFO] 16:29:35:875 loggerContenidoProceso/(9248:9248): Se pudo cerrar el proceso de PID:8 correctamente en el BackEnd
[INFO] 16:29:35:875 loggerContenidoProceso/(9248:9248): Se liberan todas las estructuras del proceso de PID:8
[INFO] 16:33:47:265 loggerContenidoProceso/(9579:9579): Se ha creado el carpincho:8, y se ha logrado conectar correctamente al backend
[INFO] 16:33:47:265 loggerContenidoProceso/(9579:9579): Solicitamos destruir un semaforo de nombre: SEM1
[INFO] 16:33:47:271 loggerContenidoProceso/(9579:9579): Habiamos solicitado cerrar un semaforo y obtenemos una respuesta en base a eso
[INFO] 16:33:47:271 loggerContenidoProceso/(9579:9579): Se pudo destruir el semaforo que se solicito destruir
[INFO] 16:33:47:271 loggerContenidoProceso/(9579:9579): Solicitamos destruir un semaforo de nombre: SEM2
[INFO] 16:33:47:273 loggerContenidoProceso/(9579:9579): Habiamos solicitado cerrar un semaforo y obtenemos una respuesta en base a eso
[INFO] 16:33:47:273 loggerContenidoProceso/(9579:9579): Se pudo destruir el semaforo que se solicito destruir
[INFO] 16:33:47:273 loggerContenidoProceso/(9579:9579): Solicitamos destruir un semaforo de nombre: SEM3
[INFO] 16:33:47:275 loggerContenidoProceso/(9579:9579): Habiamos solicitado cerrar un semaforo y obtenemos una respuesta en base a eso
[INFO] 16:33:47:275 loggerContenidoProceso/(9579:9579): Se pudo destruir el semaforo que se solicito destruir
[INFO] 16:33:47:275 loggerContenidoProceso/(9579:9579): Solicitamos destruir un semaforo de nombre: SEM4
[INFO] 16:33:47:282 loggerContenidoProceso/(9579:9579): Habiamos solicitado cerrar un semaforo y obtenemos una respuesta en base a eso
[INFO] 16:33:47:282 loggerContenidoProceso/(9579:9579): Se pudo destruir el semaforo que se solicito destruir
[INFO] 16:33:47:282 loggerContenidoProceso/(9579:9579): Solicitamos destruir un semaforo de nombre: SEM5
[INFO] 16:33:47:283 loggerContenidoProceso/(9579:9579): Habiamos solicitado cerrar un semaforo y obtenemos una respuesta en base a eso
[INFO] 16:33:47:283 loggerContenidoProceso/(9579:9579): Se pudo destruir el semaforo que se solicito destruir
[INFO] 16:33:47:283 loggerContenidoProceso/(9579:9579): Solicitamos destruir un semaforo de nombre: SEM6
[INFO] 16:33:47:285 loggerContenidoProceso/(9579:9579): Habiamos solicitado cerrar un semaforo y obtenemos una respuesta en base a eso
[INFO] 16:33:47:285 loggerContenidoProceso/(9579:9579): Se pudo destruir el semaforo que se solicito destruir
[INFO] 16:33:47:285 loggerContenidoProceso/(9579:9579): Se ha solicitado cerrar el carpincho de pid:8 , este es un hasta adios
[INFO] 16:33:47:292 loggerContenidoProceso/(9579:9579): Estamos recibiendo todo para cerrar la conexion y terminar
[INFO] 16:33:47:292 loggerContenidoProceso/(9579:9579): Se pudo cerrar el proceso de PID:8 correctamente en el BackEnd
[INFO] 16:33:47:292 loggerContenidoProceso/(9579:9579): Se liberan todas las estructuras del proceso de PID:8
[INFO] 16:38:06:466 loggerContenidoProceso/(9900:9900): Se ha creado el carpincho:8, y se ha logrado conectar correctamente al backend
[INFO] 16:38:06:467 loggerContenidoProceso/(9900:9900): Solicitamos destruir un semaforo de nombre: SEM1
[INFO] 16:38:06:475 loggerContenidoProceso/(9900:9900): Habiamos solicitado cerrar un semaforo y obtenemos una respuesta en base a eso
[INFO] 16:38:06:475 loggerContenidoProceso/(9900:9900): Se pudo destruir el semaforo que se solicito destruir
[INFO] 16:38:06:476 loggerContenidoProceso/(9900:9900): Solicitamos destruir un semaforo de nombre: SEM2
[INFO] 16:38:06:477 loggerContenidoProceso/(9900:9900): Habiamos solicitado cerrar un semaforo y obtenemos una respuesta en base a eso
[INFO] 16:38:06:478 loggerContenidoProceso/(9900:9900): Se pudo destruir el semaforo que se solicito destruir
[INFO] 16:38:06:478 loggerContenidoProceso/(9900:9900): Solicitamos destruir un semaforo de nombre: SEM3
[INFO] 16:38:06:479 loggerContenidoProceso/(9900:9900): Habiamos solicitado cerrar un semaforo y obtenemos una respuesta en base a eso
[INFO] 16:38:06:479 loggerContenidoProceso/(9900:9900): Se pudo destruir el semaforo que se solicito destruir
[INFO] 16:38:06:479 loggerContenidoProceso/(9900:9900): Solicitamos destruir un semaforo de nombre: SEM4
[INFO] 16:38:06:482 loggerContenidoProceso/(9900:9900): Habiamos solicitado cerrar un semaforo y obtenemos una respuesta en base a eso
[INFO] 16:38:06:482 loggerContenidoProceso/(9900:9900): Se pudo destruir el semaforo que se solicito destruir
[INFO] 16:38:06:482 loggerContenidoProceso/(9900:9900): Solicitamos destruir un semaforo de nombre: SEM5
[INFO] 16:38:06:490 loggerContenidoProceso/(9900:9900): Habiamos solicitado cerrar un semaforo y obtenemos una respuesta en base a eso
[INFO] 16:38:06:490 loggerContenidoProceso/(9900:9900): Se pudo destruir el semaforo que se solicito destruir
[INFO] 16:38:06:490 loggerContenidoProceso/(9900:9900): Solicitamos destruir un semaforo de nombre: SEM6
[INFO] 16:38:06:492 loggerContenidoProceso/(9900:9900): Habiamos solicitado cerrar un semaforo y obtenemos una respuesta en base a eso
[INFO] 16:38:06:492 loggerContenidoProceso/(9900:9900): Se pudo destruir el semaforo que se solicito destruir
[INFO] 16:38:06:492 loggerContenidoProceso/(9900:9900): Se ha solicitado cerrar el carpincho de pid:8 , este es un hasta adios
[INFO] 16:38:06:497 loggerContenidoProceso/(9900:9900): Estamos recibiendo todo para cerrar la conexion y terminar
[INFO] 16:38:06:497 loggerContenidoProceso/(9900:9900): Se pudo cerrar el proceso de PID:8 correctamente en el BackEnd
[INFO] 16:38:06:497 loggerContenidoProceso/(9900:9900): Se liberan todas las estructuras del proceso de PID:8
