[INFO] 18:31:40:315 loggerContenidoProceso/(5964:5972): Se ha creado el carpincho:1, y se ha logrado conectar correctamente al backend
[INFO] 18:31:40:315 loggerContenidoProceso/(5964:5972): Solicitamos realizar una operacion IO sobre el dispositivo: PILETA
[INFO] 18:31:40:317 loggerContenidoProceso/(5964:5972): Habiamos solicitado hacer una operacion IO y obtenemos una respuesta en base a eso
[ERROR] 18:31:40:317 loggerContenidoProceso/(5964:5972): No see pudo realizar la operacion IO
[INFO] 18:31:40:317 loggerContenidoProceso/(5964:5972): Solicitamos realizar una operacion IO sobre el dispositivo: PILETA
[INFO] 18:31:40:317 loggerContenidoProceso/(5964:5972): Se ha creado el carpincho:1, y se ha logrado conectar correctamente al backend
[INFO] 18:31:40:317 loggerContenidoProceso/(5964:5972): Solicitamos realizar una operacion IO sobre el dispositivo: PILETA
[INFO] 18:31:40:318 loggerContenidoProceso/(5964:5972): Habiamos solicitado hacer una operacion IO y obtenemos una respuesta en base a eso
[ERROR] 18:31:40:318 loggerContenidoProceso/(5964:5972): No see pudo realizar la operacion IO
[INFO] 18:33:44:496 loggerContenidoProceso/(6103:6108): Se ha creado el carpincho:1, y se ha logrado conectar correctamente al backend
[INFO] 18:33:44:496 loggerContenidoProceso/(6103:6108): Solicitamos realizar una operacion IO sobre el dispositivo: PILETA
[INFO] 18:33:54:509 loggerContenidoProceso/(6103:6108): Habiamos solicitado hacer una operacion IO y obtenemos una respuesta en base a eso
[INFO] 18:33:54:509 loggerContenidoProceso/(6103:6108): Se pudo realizar con exito la operacion IO
[INFO] 18:33:54:509 loggerContenidoProceso/(6103:6108): Solicitamos realizar una operacion IO sobre el dispositivo: PILETA
[INFO] 18:34:09:520 loggerContenidoProceso/(6103:6108): Habiamos solicitado hacer una operacion IO y obtenemos una respuesta en base a eso
[INFO] 18:34:09:520 loggerContenidoProceso/(6103:6108): Se pudo realizar con exito la operacion IO
[INFO] 18:34:09:520 loggerContenidoProceso/(6103:6108): Solicitamos realizar una operacion IO sobre el dispositivo: PILETA
[INFO] 18:34:24:526 loggerContenidoProceso/(6103:6108): Habiamos solicitado hacer una operacion IO y obtenemos una respuesta en base a eso
[INFO] 18:34:24:526 loggerContenidoProceso/(6103:6108): Se pudo realizar con exito la operacion IO
[INFO] 18:41:46:015 loggerContenidoProceso/(6803:6809): Se ha creado el carpincho:1, y se ha logrado conectar correctamente al backend
[INFO] 18:41:46:015 loggerContenidoProceso/(6803:6809): Solicitamos realizar una operacion IO sobre el dispositivo: PILETA
[INFO] 18:48:46:206 loggerContenidoProceso/(7577:7581): Se ha creado el carpincho:1, y se ha logrado conectar correctamente al backend
[INFO] 18:48:46:206 loggerContenidoProceso/(7577:7581): Solicitamos realizar una operacion IO sobre el dispositivo: PILETA
[INFO] 18:48:55:328 loggerContenidoProceso/(7577:7581): Habiamos solicitado hacer una operacion IO y obtenemos una respuesta en base a eso
[INFO] 18:48:55:328 loggerContenidoProceso/(7577:7581): Se pudo realizar con exito la operacion IO
[INFO] 18:48:55:328 loggerContenidoProceso/(7577:7581): Solicitamos realizar una operacion IO sobre el dispositivo: PILETA
[INFO] 18:49:15:336 loggerContenidoProceso/(7577:7581): Habiamos solicitado hacer una operacion IO y obtenemos una respuesta en base a eso
[INFO] 18:49:15:336 loggerContenidoProceso/(7577:7581): Se pudo realizar con exito la operacion IO
[INFO] 18:49:15:336 loggerContenidoProceso/(7577:7581): Solicitamos realizar una operacion IO sobre el dispositivo: PILETA
[INFO] 18:49:35:342 loggerContenidoProceso/(7577:7581): Habiamos solicitado hacer una operacion IO y obtenemos una respuesta en base a eso
[INFO] 18:49:35:342 loggerContenidoProceso/(7577:7581): Se pudo realizar con exito la operacion IO
[INFO] 18:49:35:342 loggerContenidoProceso/(7577:7581): Se ha solicitado cerrar el carpincho de pid:1 , este es un hasta adios
[INFO] 18:49:35:348 loggerContenidoProceso/(7577:7581): Estamos recibiendo todo para cerrar la conexion y terminar
[INFO] 18:49:35:348 loggerContenidoProceso/(7577:7581): Se pudo cerrar el proceso de PID:1 correctamente en el BackEnd
[INFO] 18:49:35:348 loggerContenidoProceso/(7577:7581): Se liberan todas las estructuras del proceso de PID:1
[INFO] 18:51:47:900 loggerContenidoProceso/(7696:7700): Se ha creado el carpincho:1, y se ha logrado conectar correctamente al backend
[INFO] 18:51:47:900 loggerContenidoProceso/(7696:7700): Solicitamos realizar una operacion IO sobre el dispositivo: PILETA
[INFO] 18:52:22:070 loggerContenidoProceso/(7696:7700): Habiamos solicitado hacer una operacion IO y obtenemos una respuesta en base a eso
[INFO] 18:52:22:070 loggerContenidoProceso/(7696:7700): Se pudo realizar con exito la operacion IO
[INFO] 18:52:22:070 loggerContenidoProceso/(7696:7700): Solicitamos realizar una operacion IO sobre el dispositivo: PILETA
[INFO] 18:52:32:036 loggerContenidoProceso/(7696:7700): Habiamos solicitado hacer una operacion IO y obtenemos una respuesta en base a eso
[INFO] 18:52:32:036 loggerContenidoProceso/(7696:7700): Se pudo realizar con exito la operacion IO
[INFO] 18:52:32:036 loggerContenidoProceso/(7696:7700): Solicitamos realizar una operacion IO sobre el dispositivo: PILETA
[INFO] 18:52:42:039 loggerContenidoProceso/(7696:7700): Habiamos solicitado hacer una operacion IO y obtenemos una respuesta en base a eso
[INFO] 18:52:42:039 loggerContenidoProceso/(7696:7700): Se pudo realizar con exito la operacion IO
[INFO] 18:52:42:039 loggerContenidoProceso/(7696:7700): Se ha solicitado cerrar el carpincho de pid:1 , este es un hasta adios
[INFO] 18:52:42:043 loggerContenidoProceso/(7696:7700): Estamos recibiendo todo para cerrar la conexion y terminar
[INFO] 18:52:42:043 loggerContenidoProceso/(7696:7700): Se pudo cerrar el proceso de PID:1 correctamente en el BackEnd
[INFO] 18:52:42:043 loggerContenidoProceso/(7696:7700): Se liberan todas las estructuras del proceso de PID:1
